::1 - - [17/Jul/2018:02:15:39 +0000] "GET /s/company HTTP/1.1" 304 - "http://localhost:4200/company" "Mozilla/5.0 (Macintosh; Intel Mac OS X 10_13_5) AppleWebKit/537.36 (KHTML, like Gecko) Chrome/67.0.3396.99 Safari/537.36"
::1 - - [17/Jul/2018:02:15:41 +0000] "GET /s/company HTTP/1.1" 304 - "http://localhost:4200/company" "Mozilla/5.0 (Macintosh; Intel Mac OS X 10_13_5) AppleWebKit/537.36 (KHTML, like Gecko) Chrome/67.0.3396.99 Safari/537.36"
::1 - - [20/Jul/2018:07:36:53 +0000] "GET /s/company HTTP/1.1" 304 - "http://localhost:4200/company" "Mozilla/5.0 (Macintosh; Intel Mac OS X 10_13_5) AppleWebKit/537.36 (KHTML, like Gecko) Chrome/67.0.3396.99 Safari/537.36"
::1 - - [20/Jul/2018:07:37:10 +0000] "GET /s/company HTTP/1.1" 304 - "http://localhost:4200/company" "Mozilla/5.0 (Macintosh; Intel Mac OS X 10_13_5) AppleWebKit/537.36 (KHTML, like Gecko) Chrome/67.0.3396.99 Safari/537.36"
::1 - - [20/Jul/2018:07:37:18 +0000] "GET /s/company HTTP/1.1" 304 - "http://localhost:4200/company" "Mozilla/5.0 (Macintosh; Intel Mac OS X 10_13_5) AppleWebKit/537.36 (KHTML, like Gecko) Chrome/67.0.3396.99 Safari/537.36"
::1 - - [20/Jul/2018:07:37:21 +0000] "GET /s/company_detail?code=6 HTTP/1.1" 200 195 "http://localhost:4200/company_detail/6" "Mozilla/5.0 (Macintosh; Intel Mac OS X 10_13_5) AppleWebKit/537.36 (KHTML, like Gecko) Chrome/67.0.3396.99 Safari/537.36"
::1 - - [20/Jul/2018:07:37:22 +0000] "GET /s/company HTTP/1.1" 304 - "http://localhost:4200/company" "Mozilla/5.0 (Macintosh; Intel Mac OS X 10_13_5) AppleWebKit/537.36 (KHTML, like Gecko) Chrome/67.0.3396.99 Safari/537.36"
::1 - - [20/Jul/2018:07:37:30 +0000] "GET /s/company HTTP/1.1" 304 - "http://localhost:4200/company" "Mozilla/5.0 (Macintosh; Intel Mac OS X 10_13_5) AppleWebKit/537.36 (KHTML, like Gecko) Chrome/67.0.3396.99 Safari/537.36"
::1 - - [20/Jul/2018:07:38:04 +0000] "GET /s/company HTTP/1.1" 304 - "http://localhost:4200/company" "Mozilla/5.0 (Macintosh; Intel Mac OS X 10_13_5) AppleWebKit/537.36 (KHTML, like Gecko) Chrome/67.0.3396.99 Safari/537.36"
::1 - - [20/Jul/2018:07:38:16 +0000] "GET /s/company HTTP/1.1" 304 - "http://localhost:4200/company" "Mozilla/5.0 (Macintosh; Intel Mac OS X 10_13_5) AppleWebKit/537.36 (KHTML, like Gecko) Chrome/67.0.3396.99 Safari/537.36"
::1 - - [20/Jul/2018:07:38:22 +0000] "GET /s/company HTTP/1.1" 304 - "http://localhost:4200/company" "Mozilla/5.0 (Macintosh; Intel Mac OS X 10_13_5) AppleWebKit/537.36 (KHTML, like Gecko) Chrome/67.0.3396.99 Safari/537.36"
::1 - - [20/Jul/2018:07:38:24 +0000] "GET /s/company HTTP/1.1" 304 - "http://localhost:4200/company" "Mozilla/5.0 (Macintosh; Intel Mac OS X 10_13_5) AppleWebKit/537.36 (KHTML, like Gecko) Chrome/67.0.3396.99 Safari/537.36"
::1 - - [20/Jul/2018:07:38:29 +0000] "GET /s/company HTTP/1.1" 304 - "http://localhost:4200/company" "Mozilla/5.0 (Macintosh; Intel Mac OS X 10_13_5) AppleWebKit/537.36 (KHTML, like Gecko) Chrome/67.0.3396.99 Safari/537.36"
::1 - - [20/Jul/2018:07:38:32 +0000] "GET /s/company HTTP/1.1" 304 - "http://localhost:4200/company" "Mozilla/5.0 (Macintosh; Intel Mac OS X 10_13_5) AppleWebKit/537.36 (KHTML, like Gecko) Chrome/67.0.3396.99 Safari/537.36"
::1 - - [20/Jul/2018:07:38:35 +0000] "GET /s/company HTTP/1.1" 304 - "http://localhost:4200/company" "Mozilla/5.0 (Macintosh; Intel Mac OS X 10_13_5) AppleWebKit/537.36 (KHTML, like Gecko) Chrome/67.0.3396.99 Safari/537.36"
::1 - - [20/Jul/2018:07:38:37 +0000] "GET /s/company HTTP/1.1" 304 - "http://localhost:4200/company" "Mozilla/5.0 (Macintosh; Intel Mac OS X 10_13_5) AppleWebKit/537.36 (KHTML, like Gecko) Chrome/67.0.3396.99 Safari/537.36"
::1 - - [20/Jul/2018:07:38:48 +0000] "GET /s/company HTTP/1.1" 304 - "http://localhost:4200/company" "Mozilla/5.0 (Macintosh; Intel Mac OS X 10_13_5) AppleWebKit/537.36 (KHTML, like Gecko) Chrome/67.0.3396.99 Safari/537.36"
::1 - - [20/Jul/2018:07:38:59 +0000] "GET /s/company HTTP/1.1" 304 - "http://localhost:4200/company" "Mozilla/5.0 (Macintosh; Intel Mac OS X 10_13_5) AppleWebKit/537.36 (KHTML, like Gecko) Chrome/67.0.3396.99 Safari/537.36"
::1 - - [20/Jul/2018:07:39:30 +0000] "GET /s/company HTTP/1.1" 304 - "http://localhost:4200/company" "Mozilla/5.0 (Macintosh; Intel Mac OS X 10_13_5) AppleWebKit/537.36 (KHTML, like Gecko) Chrome/67.0.3396.99 Safari/537.36"
::1 - - [20/Jul/2018:07:39:32 +0000] "GET /s/company HTTP/1.1" 304 - "http://localhost:4200/company" "Mozilla/5.0 (Macintosh; Intel Mac OS X 10_13_5) AppleWebKit/537.36 (KHTML, like Gecko) Chrome/67.0.3396.99 Safari/537.36"
::1 - - [20/Jul/2018:07:40:15 +0000] "GET /s/company HTTP/1.1" 304 - "http://localhost:4200/company" "Mozilla/5.0 (Macintosh; Intel Mac OS X 10_13_5) AppleWebKit/537.36 (KHTML, like Gecko) Chrome/67.0.3396.99 Safari/537.36"
::1 - - [20/Jul/2018:07:41:03 +0000] "GET /s/company_detail?code=6 HTTP/1.1" 304 - "http://localhost:4200/company_detail/6" "Mozilla/5.0 (Macintosh; Intel Mac OS X 10_13_5) AppleWebKit/537.36 (KHTML, like Gecko) Chrome/67.0.3396.99 Safari/537.36"
::1 - - [20/Jul/2018:07:41:04 +0000] "GET /s/company HTTP/1.1" 304 - "http://localhost:4200/company" "Mozilla/5.0 (Macintosh; Intel Mac OS X 10_13_5) AppleWebKit/537.36 (KHTML, like Gecko) Chrome/67.0.3396.99 Safari/537.36"
::1 - - [20/Jul/2018:07:42:41 +0000] "GET /s/company HTTP/1.1" 304 - "http://localhost:4200/company" "Mozilla/5.0 (Macintosh; Intel Mac OS X 10_13_5) AppleWebKit/537.36 (KHTML, like Gecko) Chrome/67.0.3396.99 Safari/537.36"
::1 - - [20/Jul/2018:07:42:54 +0000] "GET /s/company HTTP/1.1" 304 - "http://localhost:4200/company" "Mozilla/5.0 (Macintosh; Intel Mac OS X 10_13_5) AppleWebKit/537.36 (KHTML, like Gecko) Chrome/67.0.3396.99 Safari/537.36"
::1 - - [20/Jul/2018:07:43:01 +0000] "GET /s/company HTTP/1.1" 304 - "http://localhost:4200/company" "Mozilla/5.0 (Macintosh; Intel Mac OS X 10_13_5) AppleWebKit/537.36 (KHTML, like Gecko) Chrome/67.0.3396.99 Safari/537.36"
::1 - - [20/Jul/2018:07:43:10 +0000] "GET /s/company HTTP/1.1" 304 - "http://localhost:4200/company" "Mozilla/5.0 (Macintosh; Intel Mac OS X 10_13_5) AppleWebKit/537.36 (KHTML, like Gecko) Chrome/67.0.3396.99 Safari/537.36"
::1 - - [20/Jul/2018:07:44:22 +0000] "GET /s/company HTTP/1.1" 304 - "http://localhost:4200/company" "Mozilla/5.0 (Macintosh; Intel Mac OS X 10_13_5) AppleWebKit/537.36 (KHTML, like Gecko) Chrome/67.0.3396.99 Safari/537.36"
::1 - - [20/Jul/2018:07:44:24 +0000] "GET /s/company_detail?code=6 HTTP/1.1" 304 - "http://localhost:4200/company_detail/6" "Mozilla/5.0 (Macintosh; Intel Mac OS X 10_13_5) AppleWebKit/537.36 (KHTML, like Gecko) Chrome/67.0.3396.99 Safari/537.36"
::1 - - [20/Jul/2018:07:44:25 +0000] "GET /s/company HTTP/1.1" 304 - "http://localhost:4200/company" "Mozilla/5.0 (Macintosh; Intel Mac OS X 10_13_5) AppleWebKit/537.36 (KHTML, like Gecko) Chrome/67.0.3396.99 Safari/537.36"
::1 - - [20/Jul/2018:07:44:31 +0000] "GET /s/company_detail?code=1 HTTP/1.1" 304 - "http://localhost:4200/company_detail/1" "Mozilla/5.0 (Macintosh; Intel Mac OS X 10_13_5) AppleWebKit/537.36 (KHTML, like Gecko) Chrome/67.0.3396.99 Safari/537.36"
::1 - - [20/Jul/2018:07:44:35 +0000] "GET /s/company_detail?code=1 HTTP/1.1" 304 - "http://localhost:4200/company_detail/1" "Mozilla/5.0 (Macintosh; Intel Mac OS X 10_13_5) AppleWebKit/537.36 (KHTML, like Gecko) Chrome/67.0.3396.99 Safari/537.36"
::1 - - [20/Jul/2018:07:50:23 +0000] "GET /s/company_detail?code=1 HTTP/1.1" 304 - "http://localhost:4200/company_detail/1" "Mozilla/5.0 (Macintosh; Intel Mac OS X 10_13_5) AppleWebKit/537.36 (KHTML, like Gecko) Chrome/67.0.3396.99 Safari/537.36"
::1 - - [20/Jul/2018:07:50:31 +0000] "GET /s/company_detail?code=1 HTTP/1.1" 304 - "http://localhost:4200/company_detail/1" "Mozilla/5.0 (Macintosh; Intel Mac OS X 10_13_5) AppleWebKit/537.36 (KHTML, like Gecko) Chrome/67.0.3396.99 Safari/537.36"
::1 - - [20/Jul/2018:07:50:35 +0000] "GET /s/company HTTP/1.1" 304 - "http://localhost:4200/company" "Mozilla/5.0 (Macintosh; Intel Mac OS X 10_13_5) AppleWebKit/537.36 (KHTML, like Gecko) Chrome/67.0.3396.99 Safari/537.36"
::1 - - [20/Jul/2018:07:50:38 +0000] "GET /s/company HTTP/1.1" 304 - "http://localhost:4200/company" "Mozilla/5.0 (Macintosh; Intel Mac OS X 10_13_5) AppleWebKit/537.36 (KHTML, like Gecko) Chrome/67.0.3396.99 Safari/537.36"
::1 - - [20/Jul/2018:07:53:03 +0000] "GET /s/company HTTP/1.1" 304 - "http://localhost:4200/company" "Mozilla/5.0 (Macintosh; Intel Mac OS X 10_13_5) AppleWebKit/537.36 (KHTML, like Gecko) Chrome/67.0.3396.99 Safari/537.36"
::1 - - [20/Jul/2018:07:53:44 +0000] "GET /s/company HTTP/1.1" 304 - "http://localhost:4200/company" "Mozilla/5.0 (Macintosh; Intel Mac OS X 10_13_5) AppleWebKit/537.36 (KHTML, like Gecko) Chrome/67.0.3396.99 Safari/537.36"
::1 - - [20/Jul/2018:07:55:27 +0000] "GET /s/company HTTP/1.1" 304 - "http://localhost:4200/company" "Mozilla/5.0 (Macintosh; Intel Mac OS X 10_13_5) AppleWebKit/537.36 (KHTML, like Gecko) Chrome/67.0.3396.99 Safari/537.36"
::1 - - [20/Jul/2018:07:55:57 +0000] "GET /s/company HTTP/1.1" 304 - "http://localhost:4200/company" "Mozilla/5.0 (Macintosh; Intel Mac OS X 10_13_5) AppleWebKit/537.36 (KHTML, like Gecko) Chrome/67.0.3396.99 Safari/537.36"
::1 - - [20/Jul/2018:08:01:06 +0000] "GET /s/company_detail?code=8 HTTP/1.1" 200 195 "http://localhost:4200/company_detail/8" "Mozilla/5.0 (Macintosh; Intel Mac OS X 10_13_5) AppleWebKit/537.36 (KHTML, like Gecko) Chrome/67.0.3396.99 Safari/537.36"
::1 - - [20/Jul/2018:08:01:07 +0000] "GET /s/company HTTP/1.1" 304 - "http://localhost:4200/company" "Mozilla/5.0 (Macintosh; Intel Mac OS X 10_13_5) AppleWebKit/537.36 (KHTML, like Gecko) Chrome/67.0.3396.99 Safari/537.36"
::1 - - [20/Jul/2018:08:01:33 +0000] "GET /s/company HTTP/1.1" 304 - "http://localhost:4200/company" "Mozilla/5.0 (Macintosh; Intel Mac OS X 10_13_5) AppleWebKit/537.36 (KHTML, like Gecko) Chrome/67.0.3396.99 Safari/537.36"
::1 - - [20/Jul/2018:08:01:41 +0000] "GET /s/company HTTP/1.1" 304 - "http://localhost:4200/company" "Mozilla/5.0 (Macintosh; Intel Mac OS X 10_13_5) AppleWebKit/537.36 (KHTML, like Gecko) Chrome/67.0.3396.99 Safari/537.36"
::1 - - [20/Jul/2018:08:24:10 +0000] "GET /s/company HTTP/1.1" 304 - "http://localhost:4200/company" "Mozilla/5.0 (Macintosh; Intel Mac OS X 10_13_5) AppleWebKit/537.36 (KHTML, like Gecko) Chrome/67.0.3396.99 Safari/537.36"
::1 - - [20/Jul/2018:08:26:23 +0000] "GET /s/company HTTP/1.1" 304 - "http://localhost:4200/company" "Mozilla/5.0 (Macintosh; Intel Mac OS X 10_13_5) AppleWebKit/537.36 (KHTML, like Gecko) Chrome/67.0.3396.99 Safari/537.36"
::1 - - [20/Jul/2018:08:32:51 +0000] "GET /s/company_detail?code=1 HTTP/1.1" 304 - "http://localhost:4200/company_detail/1" "Mozilla/5.0 (Macintosh; Intel Mac OS X 10_13_5) AppleWebKit/537.36 (KHTML, like Gecko) Chrome/67.0.3396.99 Safari/537.36"
::1 - - [20/Jul/2018:08:35:15 +0000] "GET /s/company HTTP/1.1" 304 - "http://localhost:4200/company" "Mozilla/5.0 (Macintosh; Intel Mac OS X 10_13_5) AppleWebKit/537.36 (KHTML, like Gecko) Chrome/67.0.3396.99 Safari/537.36"
::1 - - [20/Jul/2018:08:35:24 +0000] "GET /s/company_detail?code=1 HTTP/1.1" 304 - "http://localhost:4200/company_detail/1" "Mozilla/5.0 (Macintosh; Intel Mac OS X 10_13_5) AppleWebKit/537.36 (KHTML, like Gecko) Chrome/67.0.3396.99 Safari/537.36"
::1 - - [20/Jul/2018:08:35:26 +0000] "GET /s/company HTTP/1.1" 304 - "http://localhost:4200/company" "Mozilla/5.0 (Macintosh; Intel Mac OS X 10_13_5) AppleWebKit/537.36 (KHTML, like Gecko) Chrome/67.0.3396.99 Safari/537.36"
::1 - - [20/Jul/2018:08:36:29 +0000] "GET /s/company HTTP/1.1" 304 - "http://localhost:4200/company" "Mozilla/5.0 (Macintosh; Intel Mac OS X 10_13_5) AppleWebKit/537.36 (KHTML, like Gecko) Chrome/67.0.3396.99 Safari/537.36"
::1 - - [20/Jul/2018:08:36:34 +0000] "GET /s/company HTTP/1.1" 304 - "http://localhost:4200/company" "Mozilla/5.0 (Macintosh; Intel Mac OS X 10_13_5) AppleWebKit/537.36 (KHTML, like Gecko) Chrome/67.0.3396.99 Safari/537.36"
::1 - - [20/Jul/2018:08:36:38 +0000] "GET /s/company HTTP/1.1" 304 - "http://localhost:4200/company" "Mozilla/5.0 (Macintosh; Intel Mac OS X 10_13_5) AppleWebKit/537.36 (KHTML, like Gecko) Chrome/67.0.3396.99 Safari/537.36"
::1 - - [20/Jul/2018:08:36:41 +0000] "GET /s/company HTTP/1.1" 304 - "http://localhost:4200/company" "Mozilla/5.0 (Macintosh; Intel Mac OS X 10_13_5) AppleWebKit/537.36 (KHTML, like Gecko) Chrome/67.0.3396.99 Safari/537.36"
::1 - - [20/Jul/2018:08:36:43 +0000] "GET /s/company HTTP/1.1" 304 - "http://localhost:4200/company" "Mozilla/5.0 (Macintosh; Intel Mac OS X 10_13_5) AppleWebKit/537.36 (KHTML, like Gecko) Chrome/67.0.3396.99 Safari/537.36"
::1 - - [20/Jul/2018:08:38:39 +0000] "GET /s/company HTTP/1.1" 304 - "http://localhost:4200/company" "Mozilla/5.0 (Macintosh; Intel Mac OS X 10_13_5) AppleWebKit/537.36 (KHTML, like Gecko) Chrome/67.0.3396.99 Safari/537.36"
::1 - - [20/Jul/2018:08:40:46 +0000] "GET /s/company HTTP/1.1" 304 - "http://localhost:4200/company" "Mozilla/5.0 (Macintosh; Intel Mac OS X 10_13_5) AppleWebKit/537.36 (KHTML, like Gecko) Chrome/67.0.3396.99 Safari/537.36"
::1 - - [20/Jul/2018:08:42:17 +0000] "GET /s/company HTTP/1.1" 304 - "http://localhost:4200/company" "Mozilla/5.0 (Macintosh; Intel Mac OS X 10_13_5) AppleWebKit/537.36 (KHTML, like Gecko) Chrome/67.0.3396.99 Safari/537.36"
::1 - - [20/Jul/2018:08:43:11 +0000] "GET /s/company HTTP/1.1" 304 - "http://localhost:4200/company" "Mozilla/5.0 (Macintosh; Intel Mac OS X 10_13_5) AppleWebKit/537.36 (KHTML, like Gecko) Chrome/67.0.3396.99 Safari/537.36"
::1 - - [20/Jul/2018:08:43:29 +0000] "GET /s/company HTTP/1.1" 304 - "http://localhost:4200/company" "Mozilla/5.0 (Macintosh; Intel Mac OS X 10_13_5) AppleWebKit/537.36 (KHTML, like Gecko) Chrome/67.0.3396.99 Safari/537.36"
::1 - - [20/Jul/2018:08:43:42 +0000] "GET /s/company HTTP/1.1" 304 - "http://localhost:4200/company" "Mozilla/5.0 (Macintosh; Intel Mac OS X 10_13_5) AppleWebKit/537.36 (KHTML, like Gecko) Chrome/67.0.3396.99 Safari/537.36"
::1 - - [20/Jul/2018:08:44:40 +0000] "GET /s/company HTTP/1.1" 304 - "http://localhost:4200/company" "Mozilla/5.0 (Macintosh; Intel Mac OS X 10_13_5) AppleWebKit/537.36 (KHTML, like Gecko) Chrome/67.0.3396.99 Safari/537.36"
::1 - - [20/Jul/2018:08:44:41 +0000] "GET /s/company HTTP/1.1" 304 - "http://localhost:4200/company" "Mozilla/5.0 (Macintosh; Intel Mac OS X 10_13_5) AppleWebKit/537.36 (KHTML, like Gecko) Chrome/67.0.3396.99 Safari/537.36"
::1 - - [23/Jul/2018:02:43:35 +0000] "GET /s/company HTTP/1.1" 304 - "http://localhost:4200/company" "Mozilla/5.0 (Macintosh; Intel Mac OS X 10_13_6) AppleWebKit/537.36 (KHTML, like Gecko) Chrome/67.0.3396.99 Safari/537.36"
::1 - - [23/Jul/2018:02:44:20 +0000] "GET /s/company HTTP/1.1" 304 - "http://localhost:4200/company" "Mozilla/5.0 (Macintosh; Intel Mac OS X 10_13_6) AppleWebKit/537.36 (KHTML, like Gecko) Chrome/67.0.3396.99 Safari/537.36"
::1 - - [23/Jul/2018:02:44:21 +0000] "GET /s/company HTTP/1.1" 304 - "http://localhost:4200/company" "Mozilla/5.0 (Macintosh; Intel Mac OS X 10_13_6) AppleWebKit/537.36 (KHTML, like Gecko) Chrome/67.0.3396.99 Safari/537.36"
::1 - - [23/Jul/2018:02:44:27 +0000] "GET /s/company HTTP/1.1" 304 - "http://localhost:4200/company" "Mozilla/5.0 (Macintosh; Intel Mac OS X 10_13_6) AppleWebKit/537.36 (KHTML, like Gecko) Chrome/67.0.3396.99 Safari/537.36"
::1 - - [23/Jul/2018:02:44:30 +0000] "GET /s/company HTTP/1.1" 304 - "http://localhost:4200/company" "Mozilla/5.0 (Macintosh; Intel Mac OS X 10_13_6) AppleWebKit/537.36 (KHTML, like Gecko) Chrome/67.0.3396.99 Safari/537.36"
::1 - - [23/Jul/2018:02:44:34 +0000] "GET /s/company HTTP/1.1" 304 - "http://localhost:4200/company" "Mozilla/5.0 (Macintosh; Intel Mac OS X 10_13_6) AppleWebKit/537.36 (KHTML, like Gecko) Chrome/67.0.3396.99 Safari/537.36"
::1 - - [23/Jul/2018:02:44:39 +0000] "GET /s/company_detail?code=9 HTTP/1.1" 200 195 "http://localhost:4200/company_detail/9" "Mozilla/5.0 (Macintosh; Intel Mac OS X 10_13_6) AppleWebKit/537.36 (KHTML, like Gecko) Chrome/67.0.3396.99 Safari/537.36"
::1 - - [23/Jul/2018:02:44:41 +0000] "GET /s/company HTTP/1.1" 304 - "http://localhost:4200/company" "Mozilla/5.0 (Macintosh; Intel Mac OS X 10_13_6) AppleWebKit/537.36 (KHTML, like Gecko) Chrome/67.0.3396.99 Safari/537.36"
::1 - - [23/Jul/2018:02:44:43 +0000] "GET /s/service HTTP/1.1" 200 2 "http://localhost:4200/service" "Mozilla/5.0 (Macintosh; Intel Mac OS X 10_13_6) AppleWebKit/537.36 (KHTML, like Gecko) Chrome/67.0.3396.99 Safari/537.36"
::1 - - [23/Jul/2018:02:44:44 +0000] "GET /s/use_list HTTP/1.1" 200 2 "http://localhost:4200/usage_history" "Mozilla/5.0 (Macintosh; Intel Mac OS X 10_13_6) AppleWebKit/537.36 (KHTML, like Gecko) Chrome/67.0.3396.99 Safari/537.36"
::1 - - [23/Jul/2018:02:44:49 +0000] "GET /s/service HTTP/1.1" 304 - "http://localhost:4200/service" "Mozilla/5.0 (Macintosh; Intel Mac OS X 10_13_6) AppleWebKit/537.36 (KHTML, like Gecko) Chrome/67.0.3396.99 Safari/537.36"
::1 - - [23/Jul/2018:02:44:51 +0000] "GET /s/use_list HTTP/1.1" 304 - "http://localhost:4200/usage_history" "Mozilla/5.0 (Macintosh; Intel Mac OS X 10_13_6) AppleWebKit/537.36 (KHTML, like Gecko) Chrome/67.0.3396.99 Safari/537.36"
::1 - - [23/Jul/2018:02:48:40 +0000] "GET /s/use_list HTTP/1.1" 304 - "http://localhost:4200/usage_history" "Mozilla/5.0 (Macintosh; Intel Mac OS X 10_13_6) AppleWebKit/537.36 (KHTML, like Gecko) Chrome/67.0.3396.99 Safari/537.36"
::1 - - [23/Jul/2018:02:53:40 +0000] "GET /s/company HTTP/1.1" 304 - "http://localhost:4200/company" "Mozilla/5.0 (Macintosh; Intel Mac OS X 10_13_6) AppleWebKit/537.36 (KHTML, like Gecko) Chrome/67.0.3396.99 Safari/537.36"
::1 - - [23/Jul/2018:02:55:04 +0000] "GET /s/company HTTP/1.1" 304 - "http://localhost:4200/company" "Mozilla/5.0 (Macintosh; Intel Mac OS X 10_13_6) AppleWebKit/537.36 (KHTML, like Gecko) Chrome/67.0.3396.99 Safari/537.36"
::1 - - [23/Jul/2018:02:55:13 +0000] "GET /s/company HTTP/1.1" 304 - "http://localhost:4200/company" "Mozilla/5.0 (Macintosh; Intel Mac OS X 10_13_6) AppleWebKit/537.36 (KHTML, like Gecko) Chrome/67.0.3396.99 Safari/537.36"
::1 - - [23/Jul/2018:02:55:15 +0000] "GET /s/company HTTP/1.1" 304 - "http://localhost:4200/company" "Mozilla/5.0 (Macintosh; Intel Mac OS X 10_13_6) AppleWebKit/537.36 (KHTML, like Gecko) Chrome/67.0.3396.99 Safari/537.36"
::1 - - [23/Jul/2018:02:55:45 +0000] "GET /s/company HTTP/1.1" 304 - "http://localhost:4200/company" "Mozilla/5.0 (Macintosh; Intel Mac OS X 10_13_6) AppleWebKit/537.36 (KHTML, like Gecko) Chrome/67.0.3396.99 Safari/537.36"
::1 - - [23/Jul/2018:02:58:07 +0000] "GET /s/company HTTP/1.1" 304 - "http://localhost:4200/company" "Mozilla/5.0 (Macintosh; Intel Mac OS X 10_13_6) AppleWebKit/537.36 (KHTML, like Gecko) Chrome/67.0.3396.99 Safari/537.36"
::1 - - [23/Jul/2018:02:59:45 +0000] "GET /s/company HTTP/1.1" 304 - "http://localhost:4200/company" "Mozilla/5.0 (Macintosh; Intel Mac OS X 10_13_6) AppleWebKit/537.36 (KHTML, like Gecko) Chrome/67.0.3396.99 Safari/537.36"
::1 - - [23/Jul/2018:02:59:46 +0000] "GET /s/company HTTP/1.1" 304 - "http://localhost:4200/company" "Mozilla/5.0 (Macintosh; Intel Mac OS X 10_13_6) AppleWebKit/537.36 (KHTML, like Gecko) Chrome/67.0.3396.99 Safari/537.36"
::1 - - [23/Jul/2018:03:00:06 +0000] "GET /s/company HTTP/1.1" 304 - "http://localhost:4200/company" "Mozilla/5.0 (Macintosh; Intel Mac OS X 10_13_6) AppleWebKit/537.36 (KHTML, like Gecko) Chrome/67.0.3396.99 Safari/537.36"
::1 - - [23/Jul/2018:03:01:37 +0000] "GET /s/company HTTP/1.1" 304 - "http://localhost:4200/company" "Mozilla/5.0 (Macintosh; Intel Mac OS X 10_13_6) AppleWebKit/537.36 (KHTML, like Gecko) Chrome/67.0.3396.99 Safari/537.36"
::1 - - [23/Jul/2018:03:01:40 +0000] "GET /s/company HTTP/1.1" 304 - "http://localhost:4200/company" "Mozilla/5.0 (Macintosh; Intel Mac OS X 10_13_6) AppleWebKit/537.36 (KHTML, like Gecko) Chrome/67.0.3396.99 Safari/537.36"
::1 - - [23/Jul/2018:03:02:43 +0000] "GET /s/company HTTP/1.1" 304 - "http://localhost:4200/company" "Mozilla/5.0 (Macintosh; Intel Mac OS X 10_13_6) AppleWebKit/537.36 (KHTML, like Gecko) Chrome/67.0.3396.99 Safari/537.36"
::1 - - [23/Jul/2018:03:05:52 +0000] "GET /s/company HTTP/1.1" 304 - "http://localhost:4200/company" "Mozilla/5.0 (Macintosh; Intel Mac OS X 10_13_6) AppleWebKit/537.36 (KHTML, like Gecko) Chrome/67.0.3396.99 Safari/537.36"
::1 - - [23/Jul/2018:03:05:58 +0000] "GET /s/company HTTP/1.1" 304 - "http://localhost:4200/company" "Mozilla/5.0 (Macintosh; Intel Mac OS X 10_13_6) AppleWebKit/537.36 (KHTML, like Gecko) Chrome/67.0.3396.99 Safari/537.36"
::1 - - [23/Jul/2018:03:06:58 +0000] "GET /s/company HTTP/1.1" 304 - "http://localhost:4200/company" "Mozilla/5.0 (Macintosh; Intel Mac OS X 10_13_6) AppleWebKit/537.36 (KHTML, like Gecko) Chrome/67.0.3396.99 Safari/537.36"
::1 - - [23/Jul/2018:03:07:04 +0000] "GET /s/company HTTP/1.1" 304 - "http://localhost:4200/company" "Mozilla/5.0 (Macintosh; Intel Mac OS X 10_13_6) AppleWebKit/537.36 (KHTML, like Gecko) Chrome/67.0.3396.99 Safari/537.36"
::1 - - [23/Jul/2018:03:07:16 +0000] "GET /s/company HTTP/1.1" 304 - "http://localhost:4200/company" "Mozilla/5.0 (Macintosh; Intel Mac OS X 10_13_6) AppleWebKit/537.36 (KHTML, like Gecko) Chrome/67.0.3396.99 Safari/537.36"
::1 - - [23/Jul/2018:03:07:19 +0000] "GET /s/company HTTP/1.1" 304 - "http://localhost:4200/company" "Mozilla/5.0 (Macintosh; Intel Mac OS X 10_13_6) AppleWebKit/537.36 (KHTML, like Gecko) Chrome/67.0.3396.99 Safari/537.36"
::1 - - [23/Jul/2018:03:08:13 +0000] "GET /s/company HTTP/1.1" 304 - "http://localhost:4200/company" "Mozilla/5.0 (Macintosh; Intel Mac OS X 10_13_6) AppleWebKit/537.36 (KHTML, like Gecko) Chrome/67.0.3396.99 Safari/537.36"
::1 - - [23/Jul/2018:03:48:27 +0000] "GET /s/company HTTP/1.1" 304 - "http://localhost:4200/company" "Mozilla/5.0 (Macintosh; Intel Mac OS X 10_13_6) AppleWebKit/537.36 (KHTML, like Gecko) Chrome/67.0.3396.99 Safari/537.36"
::1 - - [23/Jul/2018:03:48:38 +0000] "GET /s/company_detail?code=1 HTTP/1.1" 304 - "http://localhost:4200/company_detail/1" "Mozilla/5.0 (Macintosh; Intel Mac OS X 10_13_6) AppleWebKit/537.36 (KHTML, like Gecko) Chrome/67.0.3396.99 Safari/537.36"
::1 - - [23/Jul/2018:03:48:40 +0000] "GET /s/company HTTP/1.1" 304 - "http://localhost:4200/company" "Mozilla/5.0 (Macintosh; Intel Mac OS X 10_13_6) AppleWebKit/537.36 (KHTML, like Gecko) Chrome/67.0.3396.99 Safari/537.36"
::1 - - [23/Jul/2018:03:49:16 +0000] "GET /s/company HTTP/1.1" 304 - "http://localhost:4200/company" "Mozilla/5.0 (Macintosh; Intel Mac OS X 10_13_6) AppleWebKit/537.36 (KHTML, like Gecko) Chrome/67.0.3396.99 Safari/537.36"
::1 - - [23/Jul/2018:03:49:50 +0000] "GET /s/company HTTP/1.1" 304 - "http://localhost:4200/company" "Mozilla/5.0 (Macintosh; Intel Mac OS X 10_13_6) AppleWebKit/537.36 (KHTML, like Gecko) Chrome/67.0.3396.99 Safari/537.36"
::1 - - [23/Jul/2018:03:49:52 +0000] "GET /s/company HTTP/1.1" 304 - "http://localhost:4200/company" "Mozilla/5.0 (Macintosh; Intel Mac OS X 10_13_6) AppleWebKit/537.36 (KHTML, like Gecko) Chrome/67.0.3396.99 Safari/537.36"
::1 - - [23/Jul/2018:03:49:55 +0000] "GET /s/company HTTP/1.1" 304 - "http://localhost:4200/company" "Mozilla/5.0 (Macintosh; Intel Mac OS X 10_13_6) AppleWebKit/537.36 (KHTML, like Gecko) Chrome/67.0.3396.99 Safari/537.36"
::1 - - [23/Jul/2018:03:50:10 +0000] "GET /s/company HTTP/1.1" 304 - "http://localhost:4200/company" "Mozilla/5.0 (Macintosh; Intel Mac OS X 10_13_6) AppleWebKit/537.36 (KHTML, like Gecko) Chrome/67.0.3396.99 Safari/537.36"
::1 - - [23/Jul/2018:03:50:14 +0000] "GET /s/company HTTP/1.1" 304 - "http://localhost:4200/company" "Mozilla/5.0 (Macintosh; Intel Mac OS X 10_13_6) AppleWebKit/537.36 (KHTML, like Gecko) Chrome/67.0.3396.99 Safari/537.36"
::1 - - [23/Jul/2018:03:50:18 +0000] "GET /s/company HTTP/1.1" 304 - "http://localhost:4200/company" "Mozilla/5.0 (Macintosh; Intel Mac OS X 10_13_6) AppleWebKit/537.36 (KHTML, like Gecko) Chrome/67.0.3396.99 Safari/537.36"
::1 - - [23/Jul/2018:03:53:55 +0000] "GET /s/company HTTP/1.1" 304 - "http://localhost:4200/company" "Mozilla/5.0 (Macintosh; Intel Mac OS X 10_13_6) AppleWebKit/537.36 (KHTML, like Gecko) Chrome/67.0.3396.99 Safari/537.36"
::1 - - [23/Jul/2018:04:00:59 +0000] "GET /s/company HTTP/1.1" 304 - "http://localhost:4200/company" "Mozilla/5.0 (Macintosh; Intel Mac OS X 10_13_6) AppleWebKit/537.36 (KHTML, like Gecko) Chrome/67.0.3396.99 Safari/537.36"
::1 - - [23/Jul/2018:04:01:10 +0000] "GET /s/company_detail?code=1 HTTP/1.1" 304 - "http://localhost:4200/company_detail/1" "Mozilla/5.0 (Macintosh; Intel Mac OS X 10_13_6) AppleWebKit/537.36 (KHTML, like Gecko) Chrome/67.0.3396.99 Safari/537.36"
::1 - - [23/Jul/2018:04:01:11 +0000] "GET /s/company HTTP/1.1" 304 - "http://localhost:4200/company" "Mozilla/5.0 (Macintosh; Intel Mac OS X 10_13_6) AppleWebKit/537.36 (KHTML, like Gecko) Chrome/67.0.3396.99 Safari/537.36"
::1 - - [23/Jul/2018:04:01:20 +0000] "OPTIONS /u/alliance_termination HTTP/1.1" 200 4 "-" "Mozilla/5.0 (Macintosh; Intel Mac OS X 10_13_6) AppleWebKit/537.36 (KHTML, like Gecko) Chrome/67.0.3396.99 Safari/537.36"
::1 - - [23/Jul/2018:04:01:20 +0000] "GET /s/company_detail?code=1 HTTP/1.1" 304 - "http://localhost:4200/company_detail/1" "Mozilla/5.0 (Macintosh; Intel Mac OS X 10_13_6) AppleWebKit/537.36 (KHTML, like Gecko) Chrome/67.0.3396.99 Safari/537.36"
::1 - - [23/Jul/2018:04:01:20 +0000] "POST /u/alliance_termination HTTP/1.1" 200 52 "http://localhost:4200/company_detail/1" "Mozilla/5.0 (Macintosh; Intel Mac OS X 10_13_6) AppleWebKit/537.36 (KHTML, like Gecko) Chrome/67.0.3396.99 Safari/537.36"
::1 - - [23/Jul/2018:04:01:24 +0000] "GET /s/company HTTP/1.1" 304 - "http://localhost:4200/company" "Mozilla/5.0 (Macintosh; Intel Mac OS X 10_13_6) AppleWebKit/537.36 (KHTML, like Gecko) Chrome/67.0.3396.99 Safari/537.36"
::1 - - [23/Jul/2018:04:02:54 +0000] "GET /s/company HTTP/1.1" 304 - "http://localhost:4200/company" "Mozilla/5.0 (Macintosh; Intel Mac OS X 10_13_6) AppleWebKit/537.36 (KHTML, like Gecko) Chrome/67.0.3396.99 Safari/537.36"
::1 - - [23/Jul/2018:04:03:05 +0000] "OPTIONS /u/alliance_termination HTTP/1.1" 200 4 "-" "Mozilla/5.0 (Macintosh; Intel Mac OS X 10_13_6) AppleWebKit/537.36 (KHTML, like Gecko) Chrome/67.0.3396.99 Safari/537.36"
::1 - - [23/Jul/2018:04:03:05 +0000] "GET /s/company_detail?code=1 HTTP/1.1" 304 - "http://localhost:4200/company_detail/1" "Mozilla/5.0 (Macintosh; Intel Mac OS X 10_13_6) AppleWebKit/537.36 (KHTML, like Gecko) Chrome/67.0.3396.99 Safari/537.36"
::1 - - [23/Jul/2018:04:03:05 +0000] "POST /u/alliance_termination HTTP/1.1" 200 45 "http://localhost:4200/company_detail/1" "Mozilla/5.0 (Macintosh; Intel Mac OS X 10_13_6) AppleWebKit/537.36 (KHTML, like Gecko) Chrome/67.0.3396.99 Safari/537.36"
::1 - - [23/Jul/2018:04:04:43 +0000] "GET /s/company_detail?code=1 HTTP/1.1" 200 209 "http://localhost:4200/company_detail/1" "Mozilla/5.0 (Macintosh; Intel Mac OS X 10_13_6) AppleWebKit/537.36 (KHTML, like Gecko) Chrome/67.0.3396.99 Safari/537.36"
::1 - - [23/Jul/2018:04:04:44 +0000] "GET /s/company HTTP/1.1" 200 474 "http://localhost:4200/company" "Mozilla/5.0 (Macintosh; Intel Mac OS X 10_13_6) AppleWebKit/537.36 (KHTML, like Gecko) Chrome/67.0.3396.99 Safari/537.36"
::1 - - [23/Jul/2018:04:05:21 +0000] "GET /s/company HTTP/1.1" 304 - "http://localhost:4200/company" "Mozilla/5.0 (Macintosh; Intel Mac OS X 10_13_6) AppleWebKit/537.36 (KHTML, like Gecko) Chrome/67.0.3396.99 Safari/537.36"
::1 - - [23/Jul/2018:04:05:26 +0000] "GET /s/company HTTP/1.1" 304 - "http://localhost:4200/company" "Mozilla/5.0 (Macintosh; Intel Mac OS X 10_13_6) AppleWebKit/537.36 (KHTML, like Gecko) Chrome/67.0.3396.99 Safari/537.36"
::1 - - [23/Jul/2018:04:07:35 +0000] "GET /s/company HTTP/1.1" 304 - "http://localhost:4200/company" "Mozilla/5.0 (Macintosh; Intel Mac OS X 10_13_6) AppleWebKit/537.36 (KHTML, like Gecko) Chrome/67.0.3396.99 Safari/537.36"
::1 - - [23/Jul/2018:04:07:47 +0000] "GET /s/company HTTP/1.1" 304 - "http://localhost:4200/company" "Mozilla/5.0 (Macintosh; Intel Mac OS X 10_13_6) AppleWebKit/537.36 (KHTML, like Gecko) Chrome/67.0.3396.99 Safari/537.36"
::1 - - [23/Jul/2018:04:08:01 +0000] "OPTIONS /u/alliance_termination HTTP/1.1" 200 4 "-" "Mozilla/5.0 (Macintosh; Intel Mac OS X 10_13_6) AppleWebKit/537.36 (KHTML, like Gecko) Chrome/67.0.3396.99 Safari/537.36"
::1 - - [23/Jul/2018:04:08:01 +0000] "GET /s/company_detail?code=6 HTTP/1.1" 304 - "http://localhost:4200/company_detail/6" "Mozilla/5.0 (Macintosh; Intel Mac OS X 10_13_6) AppleWebKit/537.36 (KHTML, like Gecko) Chrome/67.0.3396.99 Safari/537.36"
::1 - - [23/Jul/2018:04:08:01 +0000] "POST /u/alliance_termination HTTP/1.1" 200 45 "http://localhost:4200/company_detail/6" "Mozilla/5.0 (Macintosh; Intel Mac OS X 10_13_6) AppleWebKit/537.36 (KHTML, like Gecko) Chrome/67.0.3396.99 Safari/537.36"
::1 - - [23/Jul/2018:04:08:07 +0000] "GET /s/company HTTP/1.1" 304 - "http://localhost:4200/company" "Mozilla/5.0 (Macintosh; Intel Mac OS X 10_13_6) AppleWebKit/537.36 (KHTML, like Gecko) Chrome/67.0.3396.99 Safari/537.36"
::1 - - [23/Jul/2018:04:08:32 +0000] "GET /s/company HTTP/1.1" 304 - "http://localhost:4200/company" "Mozilla/5.0 (Macintosh; Intel Mac OS X 10_13_6) AppleWebKit/537.36 (KHTML, like Gecko) Chrome/67.0.3396.99 Safari/537.36"
::1 - - [23/Jul/2018:04:08:34 +0000] "GET /s/company HTTP/1.1" 304 - "http://localhost:4200/company" "Mozilla/5.0 (Macintosh; Intel Mac OS X 10_13_6) AppleWebKit/537.36 (KHTML, like Gecko) Chrome/67.0.3396.99 Safari/537.36"
::1 - - [23/Jul/2018:04:09:32 +0000] "GET /s/company HTTP/1.1" 304 - "http://localhost:4200/company" "Mozilla/5.0 (Macintosh; Intel Mac OS X 10_13_6) AppleWebKit/537.36 (KHTML, like Gecko) Chrome/67.0.3396.99 Safari/537.36"
::1 - - [23/Jul/2018:04:10:00 +0000] "GET /s/company HTTP/1.1" 304 - "http://localhost:4200/company" "Mozilla/5.0 (Macintosh; Intel Mac OS X 10_13_6) AppleWebKit/537.36 (KHTML, like Gecko) Chrome/67.0.3396.99 Safari/537.36"
::1 - - [23/Jul/2018:04:10:03 +0000] "OPTIONS /u/alliance_termination HTTP/1.1" 200 4 "-" "Mozilla/5.0 (Macintosh; Intel Mac OS X 10_13_6) AppleWebKit/537.36 (KHTML, like Gecko) Chrome/67.0.3396.99 Safari/537.36"
::1 - - [23/Jul/2018:04:10:04 +0000] "GET /s/company_detail?code=6 HTTP/1.1" 304 - "http://localhost:4200/company_detail/6" "Mozilla/5.0 (Macintosh; Intel Mac OS X 10_13_6) AppleWebKit/537.36 (KHTML, like Gecko) Chrome/67.0.3396.99 Safari/537.36"
::1 - - [23/Jul/2018:04:10:04 +0000] "POST /u/alliance_termination HTTP/1.1" 200 45 "http://localhost:4200/company_detail/6" "Mozilla/5.0 (Macintosh; Intel Mac OS X 10_13_6) AppleWebKit/537.36 (KHTML, like Gecko) Chrome/67.0.3396.99 Safari/537.36"
::1 - - [23/Jul/2018:04:10:09 +0000] "GET /s/company HTTP/1.1" 304 - "http://localhost:4200/company" "Mozilla/5.0 (Macintosh; Intel Mac OS X 10_13_6) AppleWebKit/537.36 (KHTML, like Gecko) Chrome/67.0.3396.99 Safari/537.36"
::1 - - [23/Jul/2018:04:10:20 +0000] "GET /s/company HTTP/1.1" 304 - "http://localhost:4200/company" "Mozilla/5.0 (Macintosh; Intel Mac OS X 10_13_6) AppleWebKit/537.36 (KHTML, like Gecko) Chrome/67.0.3396.99 Safari/537.36"
::1 - - [23/Jul/2018:04:11:08 +0000] "GET /s/company HTTP/1.1" 304 - "http://localhost:4200/company" "Mozilla/5.0 (Macintosh; Intel Mac OS X 10_13_6) AppleWebKit/537.36 (KHTML, like Gecko) Chrome/67.0.3396.99 Safari/537.36"
::1 - - [23/Jul/2018:04:11:46 +0000] "GET /s/company HTTP/1.1" 304 - "http://localhost:4200/company" "Mozilla/5.0 (Macintosh; Intel Mac OS X 10_13_6) AppleWebKit/537.36 (KHTML, like Gecko) Chrome/67.0.3396.99 Safari/537.36"
::1 - - [23/Jul/2018:04:12:03 +0000] "OPTIONS /u/alliance_termination HTTP/1.1" 200 4 "-" "Mozilla/5.0 (Macintosh; Intel Mac OS X 10_13_6) AppleWebKit/537.36 (KHTML, like Gecko) Chrome/67.0.3396.99 Safari/537.36"
::1 - - [23/Jul/2018:04:12:03 +0000] "GET /s/company_detail?code=6 HTTP/1.1" 304 - "http://localhost:4200/company_detail/6" "Mozilla/5.0 (Macintosh; Intel Mac OS X 10_13_6) AppleWebKit/537.36 (KHTML, like Gecko) Chrome/67.0.3396.99 Safari/537.36"
::1 - - [23/Jul/2018:04:12:03 +0000] "POST /u/alliance_termination HTTP/1.1" 200 45 "http://localhost:4200/company_detail/6" "Mozilla/5.0 (Macintosh; Intel Mac OS X 10_13_6) AppleWebKit/537.36 (KHTML, like Gecko) Chrome/67.0.3396.99 Safari/537.36"
::1 - - [23/Jul/2018:04:12:06 +0000] "GET /s/company HTTP/1.1" 200 474 "http://localhost:4200/company" "Mozilla/5.0 (Macintosh; Intel Mac OS X 10_13_6) AppleWebKit/537.36 (KHTML, like Gecko) Chrome/67.0.3396.99 Safari/537.36"
::1 - - [23/Jul/2018:04:12:20 +0000] "GET /s/use_list HTTP/1.1" 304 - "http://localhost:4200/usage_history" "Mozilla/5.0 (Macintosh; Intel Mac OS X 10_13_6) AppleWebKit/537.36 (KHTML, like Gecko) Chrome/67.0.3396.99 Safari/537.36"
::1 - - [23/Jul/2018:04:12:21 +0000] "GET /s/service HTTP/1.1" 304 - "http://localhost:4200/service" "Mozilla/5.0 (Macintosh; Intel Mac OS X 10_13_6) AppleWebKit/537.36 (KHTML, like Gecko) Chrome/67.0.3396.99 Safari/537.36"
::1 - - [23/Jul/2018:04:12:22 +0000] "GET /s/company HTTP/1.1" 304 - "http://localhost:4200/company" "Mozilla/5.0 (Macintosh; Intel Mac OS X 10_13_6) AppleWebKit/537.36 (KHTML, like Gecko) Chrome/67.0.3396.99 Safari/537.36"
::1 - - [23/Jul/2018:04:12:37 +0000] "GET /s/company HTTP/1.1" 304 - "http://localhost:4200/company" "Mozilla/5.0 (Macintosh; Intel Mac OS X 10_13_6) AppleWebKit/537.36 (KHTML, like Gecko) Chrome/67.0.3396.99 Safari/537.36"
::1 - - [23/Jul/2018:06:42:28 +0000] "GET /s/company HTTP/1.1" 304 - "http://localhost:4200/company" "Mozilla/5.0 (Macintosh; Intel Mac OS X 10_13_6) AppleWebKit/537.36 (KHTML, like Gecko) Chrome/67.0.3396.99 Safari/537.36"
::1 - - [23/Jul/2018:06:42:39 +0000] "GET /s/company HTTP/1.1" 304 - "http://localhost:4200/company" "Mozilla/5.0 (Macintosh; Intel Mac OS X 10_13_6) AppleWebKit/537.36 (KHTML, like Gecko) Chrome/67.0.3396.99 Safari/537.36"
::1 - - [23/Jul/2018:06:55:57 +0000] "GET /s/company HTTP/1.1" 304 - "http://localhost:4200/company" "Mozilla/5.0 (Macintosh; Intel Mac OS X 10_13_6) AppleWebKit/537.36 (KHTML, like Gecko) Chrome/67.0.3396.99 Safari/537.36"
::1 - - [23/Jul/2018:06:56:50 +0000] "GET /s/company HTTP/1.1" 304 - "http://localhost:4200/company" "Mozilla/5.0 (Macintosh; Intel Mac OS X 10_13_6) AppleWebKit/537.36 (KHTML, like Gecko) Chrome/67.0.3396.99 Safari/537.36"
::1 - - [23/Jul/2018:07:03:58 +0000] "GET /s/company HTTP/1.1" 304 - "http://localhost:4200/company" "Mozilla/5.0 (Macintosh; Intel Mac OS X 10_13_6) AppleWebKit/537.36 (KHTML, like Gecko) Chrome/67.0.3396.99 Safari/537.36"
::1 - - [23/Jul/2018:07:04:44 +0000] "GET /s/company HTTP/1.1" 304 - "http://localhost:4200/company" "Mozilla/5.0 (Macintosh; Intel Mac OS X 10_13_6) AppleWebKit/537.36 (KHTML, like Gecko) Chrome/67.0.3396.99 Safari/537.36"
::1 - - [23/Jul/2018:07:09:50 +0000] "GET /s/company HTTP/1.1" 304 - "http://localhost:4200/company" "Mozilla/5.0 (Macintosh; Intel Mac OS X 10_13_6) AppleWebKit/537.36 (KHTML, like Gecko) Chrome/67.0.3396.99 Safari/537.36"
::1 - - [23/Jul/2018:07:10:21 +0000] "GET /s/company HTTP/1.1" 200 534 "http://localhost:4200/company" "Mozilla/5.0 (Macintosh; Intel Mac OS X 10_13_6) AppleWebKit/537.36 (KHTML, like Gecko) Chrome/67.0.3396.99 Safari/537.36"
::1 - - [23/Jul/2018:07:10:50 +0000] "GET /s/company HTTP/1.1" 304 - "http://localhost:4200/company" "Mozilla/5.0 (Macintosh; Intel Mac OS X 10_13_6) AppleWebKit/537.36 (KHTML, like Gecko) Chrome/67.0.3396.99 Safari/537.36"
::1 - - [23/Jul/2018:07:13:30 +0000] "GET /s/company HTTP/1.1" - - "http://localhost:4200/company" "Mozilla/5.0 (Macintosh; Intel Mac OS X 10_13_6) AppleWebKit/537.36 (KHTML, like Gecko) Chrome/67.0.3396.99 Safari/537.36"
::1 - - [23/Jul/2018:07:13:47 +0000] "GET /s/company HTTP/1.1" - - "http://localhost:4200/company" "Mozilla/5.0 (Macintosh; Intel Mac OS X 10_13_6) AppleWebKit/537.36 (KHTML, like Gecko) Chrome/67.0.3396.99 Safari/537.36"
::1 - - [23/Jul/2018:07:13:53 +0000] "GET /s/company HTTP/1.1" 200 534 "http://localhost:4200/company" "Mozilla/5.0 (Macintosh; Intel Mac OS X 10_13_6) AppleWebKit/537.36 (KHTML, like Gecko) Chrome/67.0.3396.99 Safari/537.36"
::1 - - [23/Jul/2018:07:13:58 +0000] "GET /s/company HTTP/1.1" 304 - "http://localhost:4200/company" "Mozilla/5.0 (Macintosh; Intel Mac OS X 10_13_6) AppleWebKit/537.36 (KHTML, like Gecko) Chrome/67.0.3396.99 Safari/537.36"
::1 - - [23/Jul/2018:07:37:22 +0000] "OPTIONS /s/new_company HTTP/1.1" 404 1448 "-" "Mozilla/5.0 (Macintosh; Intel Mac OS X 10_13_6) AppleWebKit/537.36 (KHTML, like Gecko) Chrome/67.0.3396.99 Safari/537.36"
::1 - - [23/Jul/2018:07:38:14 +0000] "OPTIONS /i/new_company HTTP/1.1" 200 4 "-" "Mozilla/5.0 (Macintosh; Intel Mac OS X 10_13_6) AppleWebKit/537.36 (KHTML, like Gecko) Chrome/67.0.3396.99 Safari/537.36"
::1 - - [23/Jul/2018:07:38:14 +0000] "POST /i/new_company HTTP/1.1" 200 107 "http://localhost:4200/new_company" "Mozilla/5.0 (Macintosh; Intel Mac OS X 10_13_6) AppleWebKit/537.36 (KHTML, like Gecko) Chrome/67.0.3396.99 Safari/537.36"
::1 - - [23/Jul/2018:10:43:27 +0000] "GET /s/company HTTP/1.1" 200 2 "http://localhost:4200/company" "Mozilla/5.0 (Macintosh; Intel Mac OS X 10_13_6) AppleWebKit/537.36 (KHTML, like Gecko) Chrome/67.0.3396.99 Safari/537.36"
::1 - - [23/Jul/2018:10:48:48 +0000] "OPTIONS /i/new_company HTTP/1.1" 200 4 "-" "Mozilla/5.0 (Macintosh; Intel Mac OS X 10_13_6) AppleWebKit/537.36 (KHTML, like Gecko) Chrome/67.0.3396.99 Safari/537.36"
::1 - - [23/Jul/2018:10:48:48 +0000] "POST /i/new_company HTTP/1.1" 200 45 "http://localhost:4200/new_company" "Mozilla/5.0 (Macintosh; Intel Mac OS X 10_13_6) AppleWebKit/537.36 (KHTML, like Gecko) Chrome/67.0.3396.99 Safari/537.36"
::1 - - [23/Jul/2018:10:53:04 +0000] "OPTIONS /i/new_company HTTP/1.1" 200 4 "-" "Mozilla/5.0 (Macintosh; Intel Mac OS X 10_13_6) AppleWebKit/537.36 (KHTML, like Gecko) Chrome/67.0.3396.99 Safari/537.36"
::1 - - [23/Jul/2018:10:53:04 +0000] "POST /i/new_company HTTP/1.1" 200 45 "http://localhost:4200/new_company" "Mozilla/5.0 (Macintosh; Intel Mac OS X 10_13_6) AppleWebKit/537.36 (KHTML, like Gecko) Chrome/67.0.3396.99 Safari/537.36"
::1 - - [23/Jul/2018:11:00:47 +0000] "OPTIONS /i/new_company HTTP/1.1" 200 4 "-" "Mozilla/5.0 (Macintosh; Intel Mac OS X 10_13_6) AppleWebKit/537.36 (KHTML, like Gecko) Chrome/67.0.3396.99 Safari/537.36"
::1 - - [23/Jul/2018:11:00:47 +0000] "POST /i/new_company HTTP/1.1" 200 59 "http://localhost:4200/new_company" "Mozilla/5.0 (Macintosh; Intel Mac OS X 10_13_6) AppleWebKit/537.36 (KHTML, like Gecko) Chrome/67.0.3396.99 Safari/537.36"
::1 - - [23/Jul/2018:11:01:18 +0000] "OPTIONS /i/new_company HTTP/1.1" 200 4 "-" "Mozilla/5.0 (Macintosh; Intel Mac OS X 10_13_6) AppleWebKit/537.36 (KHTML, like Gecko) Chrome/67.0.3396.99 Safari/537.36"
::1 - - [23/Jul/2018:11:01:18 +0000] "POST /i/new_company HTTP/1.1" 200 45 "http://localhost:4200/new_company" "Mozilla/5.0 (Macintosh; Intel Mac OS X 10_13_6) AppleWebKit/537.36 (KHTML, like Gecko) Chrome/67.0.3396.99 Safari/537.36"
::1 - - [23/Jul/2018:11:12:04 +0000] "GET /s/company HTTP/1.1" 200 101 "http://localhost:4200/company" "Mozilla/5.0 (Macintosh; Intel Mac OS X 10_13_6) AppleWebKit/537.36 (KHTML, like Gecko) Chrome/67.0.3396.99 Safari/537.36"
::1 - - [23/Jul/2018:11:33:18 +0000] "GET /s/company HTTP/1.1" 200 123 "http://localhost:4200/company" "Mozilla/5.0 (Macintosh; Intel Mac OS X 10_13_6) AppleWebKit/537.36 (KHTML, like Gecko) Chrome/67.0.3396.99 Safari/537.36"
::1 - - [23/Jul/2018:11:34:19 +0000] "OPTIONS /i/new_company HTTP/1.1" 200 4 "-" "Mozilla/5.0 (Macintosh; Intel Mac OS X 10_13_6) AppleWebKit/537.36 (KHTML, like Gecko) Chrome/67.0.3396.99 Safari/537.36"
::1 - - [23/Jul/2018:11:34:19 +0000] "POST /i/new_company HTTP/1.1" 200 45 "http://localhost:4200/new_company" "Mozilla/5.0 (Macintosh; Intel Mac OS X 10_13_6) AppleWebKit/537.36 (KHTML, like Gecko) Chrome/67.0.3396.99 Safari/537.36"
::1 - - [23/Jul/2018:11:34:20 +0000] "GET /s/company HTTP/1.1" 200 243 "http://localhost:4200/company" "Mozilla/5.0 (Macintosh; Intel Mac OS X 10_13_6) AppleWebKit/537.36 (KHTML, like Gecko) Chrome/67.0.3396.99 Safari/537.36"
::1 - - [23/Jul/2018:11:34:24 +0000] "GET /s/service HTTP/1.1" 200 66 "http://localhost:4200/service" "Mozilla/5.0 (Macintosh; Intel Mac OS X 10_13_6) AppleWebKit/537.36 (KHTML, like Gecko) Chrome/67.0.3396.99 Safari/537.36"
::1 - - [23/Jul/2018:11:36:46 +0000] "GET /s/service HTTP/1.1" 304 - "http://localhost:4200/service" "Mozilla/5.0 (Macintosh; Intel Mac OS X 10_13_6) AppleWebKit/537.36 (KHTML, like Gecko) Chrome/67.0.3396.99 Safari/537.36"
::1 - - [23/Jul/2018:11:36:49 +0000] "GET /s/service HTTP/1.1" 304 - "http://localhost:4200/service" "Mozilla/5.0 (Macintosh; Intel Mac OS X 10_13_6) AppleWebKit/537.36 (KHTML, like Gecko) Chrome/67.0.3396.99 Safari/537.36"
::1 - - [23/Jul/2018:11:45:12 +0000] "GET /s/service HTTP/1.1" 304 - "http://localhost:4200/service" "Mozilla/5.0 (Macintosh; Intel Mac OS X 10_13_6) AppleWebKit/537.36 (KHTML, like Gecko) Chrome/67.0.3396.99 Safari/537.36"
::1 - - [23/Jul/2018:11:46:31 +0000] "GET /s/service HTTP/1.1" 200 280 "http://localhost:4200/service" "Mozilla/5.0 (Macintosh; Intel Mac OS X 10_13_6) AppleWebKit/537.36 (KHTML, like Gecko) Chrome/67.0.3396.99 Safari/537.36"
::1 - - [23/Jul/2018:11:46:44 +0000] "GET /s/company HTTP/1.1" 304 - "http://localhost:4200/company" "Mozilla/5.0 (Macintosh; Intel Mac OS X 10_13_6) AppleWebKit/537.36 (KHTML, like Gecko) Chrome/67.0.3396.99 Safari/537.36"
::1 - - [23/Jul/2018:11:46:49 +0000] "OPTIONS /u/alliance_termination HTTP/1.1" 404 1448 "-" "Mozilla/5.0 (Macintosh; Intel Mac OS X 10_13_6) AppleWebKit/537.36 (KHTML, like Gecko) Chrome/67.0.3396.99 Safari/537.36"
::1 - - [23/Jul/2018:11:46:49 +0000] "GET /s/company_detail?code=1 HTTP/1.1" 200 513 "http://localhost:4200/company_detail/1" "Mozilla/5.0 (Macintosh; Intel Mac OS X 10_13_6) AppleWebKit/537.36 (KHTML, like Gecko) Chrome/67.0.3396.99 Safari/537.36"
::1 - - [23/Jul/2018:11:46:52 +0000] "GET /s/company HTTP/1.1" 304 - "http://localhost:4200/company" "Mozilla/5.0 (Macintosh; Intel Mac OS X 10_13_6) AppleWebKit/537.36 (KHTML, like Gecko) Chrome/67.0.3396.99 Safari/537.36"
::1 - - [23/Jul/2018:11:47:52 +0000] "GET /s/company HTTP/1.1" 304 - "http://localhost:4200/company" "Mozilla/5.0 (Macintosh; Intel Mac OS X 10_13_6) AppleWebKit/537.36 (KHTML, like Gecko) Chrome/67.0.3396.99 Safari/537.36"
::1 - - [23/Jul/2018:11:47:58 +0000] "OPTIONS /u/partnership_termination HTTP/1.1" 200 4 "-" "Mozilla/5.0 (Macintosh; Intel Mac OS X 10_13_6) AppleWebKit/537.36 (KHTML, like Gecko) Chrome/67.0.3396.99 Safari/537.36"
::1 - - [23/Jul/2018:11:47:58 +0000] "GET /s/company_detail?code=1 HTTP/1.1" 304 - "http://localhost:4200/company_detail/1" "Mozilla/5.0 (Macintosh; Intel Mac OS X 10_13_6) AppleWebKit/537.36 (KHTML, like Gecko) Chrome/67.0.3396.99 Safari/537.36"
::1 - - [23/Jul/2018:11:47:58 +0000] "POST /u/partnership_termination HTTP/1.1" 200 45 "http://localhost:4200/company_detail/1" "Mozilla/5.0 (Macintosh; Intel Mac OS X 10_13_6) AppleWebKit/537.36 (KHTML, like Gecko) Chrome/67.0.3396.99 Safari/537.36"
::1 - - [23/Jul/2018:11:48:01 +0000] "GET /s/company HTTP/1.1" 200 243 "http://localhost:4200/company" "Mozilla/5.0 (Macintosh; Intel Mac OS X 10_13_6) AppleWebKit/537.36 (KHTML, like Gecko) Chrome/67.0.3396.99 Safari/537.36"
::1 - - [23/Jul/2018:11:48:36 +0000] "GET /s/service HTTP/1.1" 200 280 "http://localhost:4200/service" "Mozilla/5.0 (Macintosh; Intel Mac OS X 10_13_6) AppleWebKit/537.36 (KHTML, like Gecko) Chrome/67.0.3396.99 Safari/537.36"
::1 - - [23/Jul/2018:11:51:55 +0000] "GET /s/service HTTP/1.1" 304 - "http://localhost:4200/service" "Mozilla/5.0 (Macintosh; Intel Mac OS X 10_13_6) AppleWebKit/537.36 (KHTML, like Gecko) Chrome/67.0.3396.99 Safari/537.36"
::1 - - [23/Jul/2018:11:52:15 +0000] "GET /s/company HTTP/1.1" 304 - "http://localhost:4200/company" "Mozilla/5.0 (Macintosh; Intel Mac OS X 10_13_6) AppleWebKit/537.36 (KHTML, like Gecko) Chrome/67.0.3396.99 Safari/537.36"
::1 - - [23/Jul/2018:11:52:18 +0000] "GET /s/service HTTP/1.1" 304 - "http://localhost:4200/service" "Mozilla/5.0 (Macintosh; Intel Mac OS X 10_13_6) AppleWebKit/537.36 (KHTML, like Gecko) Chrome/67.0.3396.99 Safari/537.36"
::1 - - [23/Jul/2018:11:57:15 +0000] "GET /s/service HTTP/1.1" 304 - "http://localhost:4200/service" "Mozilla/5.0 (Macintosh; Intel Mac OS X 10_13_6) AppleWebKit/537.36 (KHTML, like Gecko) Chrome/67.0.3396.99 Safari/537.36"
::1 - - [23/Jul/2018:11:59:06 +0000] "GET /s/service HTTP/1.1" 304 - "http://localhost:4200/service" "Mozilla/5.0 (Macintosh; Intel Mac OS X 10_13_6) AppleWebKit/537.36 (KHTML, like Gecko) Chrome/67.0.3396.99 Safari/537.36"
::1 - - [23/Jul/2018:12:00:04 +0000] "GET /s/service HTTP/1.1" 304 - "http://localhost:4200/service" "Mozilla/5.0 (Macintosh; Intel Mac OS X 10_13_6) AppleWebKit/537.36 (KHTML, like Gecko) Chrome/67.0.3396.99 Safari/537.36"
::1 - - [23/Jul/2018:12:06:56 +0000] "GET /s/service HTTP/1.1" 304 - "http://localhost:4200/service" "Mozilla/5.0 (Macintosh; Intel Mac OS X 10_13_6) AppleWebKit/537.36 (KHTML, like Gecko) Chrome/67.0.3396.99 Safari/537.36"
::1 - - [23/Jul/2018:12:11:02 +0000] "GET /s/company HTTP/1.1" 304 - "http://localhost:4200/company" "Mozilla/5.0 (Macintosh; Intel Mac OS X 10_13_6) AppleWebKit/537.36 (KHTML, like Gecko) Chrome/67.0.3396.99 Safari/537.36"
::1 - - [24/Jul/2018:01:43:28 +0000] "GET /s/company HTTP/1.1" 304 - "http://localhost:4200/company" "Mozilla/5.0 (Macintosh; Intel Mac OS X 10_13_6) AppleWebKit/537.36 (KHTML, like Gecko) Chrome/67.0.3396.99 Safari/537.36"
::1 - - [24/Jul/2018:01:43:29 +0000] "GET /s/service HTTP/1.1" 304 - "http://localhost:4200/service" "Mozilla/5.0 (Macintosh; Intel Mac OS X 10_13_6) AppleWebKit/537.36 (KHTML, like Gecko) Chrome/67.0.3396.99 Safari/537.36"
::1 - - [24/Jul/2018:01:43:31 +0000] "GET /s/use_list HTTP/1.1" 404 1448 "http://localhost:4200/usage_history" "Mozilla/5.0 (Macintosh; Intel Mac OS X 10_13_6) AppleWebKit/537.36 (KHTML, like Gecko) Chrome/67.0.3396.99 Safari/537.36"
::1 - - [24/Jul/2018:01:43:32 +0000] "GET /s/company HTTP/1.1" 304 - "http://localhost:4200/company" "Mozilla/5.0 (Macintosh; Intel Mac OS X 10_13_6) AppleWebKit/537.36 (KHTML, like Gecko) Chrome/67.0.3396.99 Safari/537.36"
::1 - - [24/Jul/2018:03:03:35 +0000] "GET /s/company HTTP/1.1" 304 - "http://localhost:4200/company" "Mozilla/5.0 (Macintosh; Intel Mac OS X 10_13_6) AppleWebKit/537.36 (KHTML, like Gecko) Chrome/67.0.3396.99 Safari/537.36"
::1 - - [24/Jul/2018:04:42:54 +0000] "GET /s/company HTTP/1.1" 200 473 "http://localhost:4200/company" "Mozilla/5.0 (Macintosh; Intel Mac OS X 10_13_6) AppleWebKit/537.36 (KHTML, like Gecko) Chrome/67.0.3396.99 Safari/537.36"
::1 - - [24/Jul/2018:04:43:30 +0000] "GET /s/service HTTP/1.1" 200 548 "http://localhost:4200/service" "Mozilla/5.0 (Macintosh; Intel Mac OS X 10_13_6) AppleWebKit/537.36 (KHTML, like Gecko) Chrome/67.0.3396.99 Safari/537.36"
::1 - - [24/Jul/2018:04:44:36 +0000] "GET /s/service HTTP/1.1" 304 - "http://localhost:4200/service" "Mozilla/5.0 (Macintosh; Intel Mac OS X 10_13_6) AppleWebKit/537.36 (KHTML, like Gecko) Chrome/67.0.3396.99 Safari/537.36"
::1 - - [24/Jul/2018:04:44:40 +0000] "GET /s/company HTTP/1.1" 304 - "http://localhost:4200/company" "Mozilla/5.0 (Macintosh; Intel Mac OS X 10_13_6) AppleWebKit/537.36 (KHTML, like Gecko) Chrome/67.0.3396.99 Safari/537.36"
::1 - - [24/Jul/2018:04:55:09 +0000] "OPTIONS /i/new_company HTTP/1.1" 200 4 "-" "Mozilla/5.0 (Macintosh; Intel Mac OS X 10_13_6) AppleWebKit/537.36 (KHTML, like Gecko) Chrome/67.0.3396.99 Safari/537.36"
::1 - - [24/Jul/2018:04:55:09 +0000] "POST /i/new_company HTTP/1.1" 200 45 "http://localhost:4200/new_company" "Mozilla/5.0 (Macintosh; Intel Mac OS X 10_13_6) AppleWebKit/537.36 (KHTML, like Gecko) Chrome/67.0.3396.99 Safari/537.36"
::1 - - [24/Jul/2018:04:55:13 +0000] "GET /s/company HTTP/1.1" 200 597 "http://localhost:4200/company" "Mozilla/5.0 (Macintosh; Intel Mac OS X 10_13_6) AppleWebKit/537.36 (KHTML, like Gecko) Chrome/67.0.3396.99 Safari/537.36"
::1 - - [24/Jul/2018:04:57:55 +0000] "GET /s/company_detail?code=5 HTTP/1.1" 200 440 "http://localhost:4200/company_detail/5" "Mozilla/5.0 (Macintosh; Intel Mac OS X 10_13_6) AppleWebKit/537.36 (KHTML, like Gecko) Chrome/67.0.3396.99 Safari/537.36"
::1 - - [24/Jul/2018:05:00:22 +0000] "GET /s/company HTTP/1.1" 304 - "http://localhost:4200/company" "Mozilla/5.0 (Macintosh; Intel Mac OS X 10_13_6) AppleWebKit/537.36 (KHTML, like Gecko) Chrome/67.0.3396.99 Safari/537.36"
::1 - - [24/Jul/2018:05:07:07 +0000] "GET /s/company HTTP/1.1" 304 - "http://localhost:4200/company" "Mozilla/5.0 (Macintosh; Intel Mac OS X 10_13_6) AppleWebKit/537.36 (KHTML, like Gecko) Chrome/67.0.3396.99 Safari/537.36"
::1 - - [24/Jul/2018:05:07:09 +0000] "GET /s/company_detail?code=1 HTTP/1.1" 200 513 "http://localhost:4200/company_detail/1" "Mozilla/5.0 (Macintosh; Intel Mac OS X 10_13_6) AppleWebKit/537.36 (KHTML, like Gecko) Chrome/67.0.3396.99 Safari/537.36"
::1 - - [24/Jul/2018:05:07:10 +0000] "GET /s/company HTTP/1.1" 304 - "http://localhost:4200/company" "Mozilla/5.0 (Macintosh; Intel Mac OS X 10_13_6) AppleWebKit/537.36 (KHTML, like Gecko) Chrome/67.0.3396.99 Safari/537.36"
::1 - - [24/Jul/2018:05:07:21 +0000] "GET /s/company HTTP/1.1" 304 - "http://localhost:4200/company" "Mozilla/5.0 (Macintosh; Intel Mac OS X 10_13_6) AppleWebKit/537.36 (KHTML, like Gecko) Chrome/67.0.3396.99 Safari/537.36"
::1 - - [24/Jul/2018:05:09:18 +0000] "GET /s/company HTTP/1.1" 200 597 "http://localhost:4200/company" "Mozilla/5.0 (Macintosh; Intel Mac OS X 10_13_6) AppleWebKit/537.36 (KHTML, like Gecko) Chrome/67.0.3396.99 Safari/537.36"
::1 - - [24/Jul/2018:05:12:17 +0000] "GET /s/company HTTP/1.1" 304 - "http://localhost:4200/company" "Mozilla/5.0 (Macintosh; Intel Mac OS X 10_13_6) AppleWebKit/537.36 (KHTML, like Gecko) Chrome/67.0.3396.99 Safari/537.36"
::1 - - [24/Jul/2018:05:15:01 +0000] "GET /s/company HTTP/1.1" 304 - "http://localhost:4200/company" "Mozilla/5.0 (Macintosh; Intel Mac OS X 10_13_6) AppleWebKit/537.36 (KHTML, like Gecko) Chrome/67.0.3396.99 Safari/537.36"
::1 - - [24/Jul/2018:05:15:10 +0000] "GET /s/company HTTP/1.1" 304 - "http://localhost:4200/company" "Mozilla/5.0 (Macintosh; Intel Mac OS X 10_13_6) AppleWebKit/537.36 (KHTML, like Gecko) Chrome/67.0.3396.99 Safari/537.36"
::1 - - [24/Jul/2018:05:17:27 +0000] "GET /s/company HTTP/1.1" 304 - "http://localhost:4200/company" "Mozilla/5.0 (Macintosh; Intel Mac OS X 10_13_6) AppleWebKit/537.36 (KHTML, like Gecko) Chrome/67.0.3396.99 Safari/537.36"
::1 - - [24/Jul/2018:06:05:30 +0000] "OPTIONS /i/new_company HTTP/1.1" 200 4 "-" "Mozilla/5.0 (Macintosh; Intel Mac OS X 10_13_6) AppleWebKit/537.36 (KHTML, like Gecko) Chrome/67.0.3396.99 Safari/537.36"
::1 - - [24/Jul/2018:06:05:30 +0000] "POST /i/new_company HTTP/1.1" 200 45 "http://localhost:4200/new_company" "Mozilla/5.0 (Macintosh; Intel Mac OS X 10_13_6) AppleWebKit/537.36 (KHTML, like Gecko) Chrome/67.0.3396.99 Safari/537.36"
::1 - - [24/Jul/2018:06:05:32 +0000] "GET /s/company HTTP/1.1" 200 728 "http://localhost:4200/company" "Mozilla/5.0 (Macintosh; Intel Mac OS X 10_13_6) AppleWebKit/537.36 (KHTML, like Gecko) Chrome/67.0.3396.99 Safari/537.36"
::1 - - [24/Jul/2018:06:05:40 +0000] "OPTIONS /u/partnership_termination HTTP/1.1" 200 4 "-" "Mozilla/5.0 (Macintosh; Intel Mac OS X 10_13_6) AppleWebKit/537.36 (KHTML, like Gecko) Chrome/67.0.3396.99 Safari/537.36"
::1 - - [24/Jul/2018:06:05:40 +0000] "GET /s/company_detail?code=6 HTTP/1.1" 200 67 "http://localhost:4200/company_detail/6" "Mozilla/5.0 (Macintosh; Intel Mac OS X 10_13_6) AppleWebKit/537.36 (KHTML, like Gecko) Chrome/67.0.3396.99 Safari/537.36"
::1 - - [24/Jul/2018:06:05:40 +0000] "POST /u/partnership_termination HTTP/1.1" 200 45 "http://localhost:4200/company_detail/6" "Mozilla/5.0 (Macintosh; Intel Mac OS X 10_13_6) AppleWebKit/537.36 (KHTML, like Gecko) Chrome/67.0.3396.99 Safari/537.36"
::1 - - [24/Jul/2018:06:05:43 +0000] "GET /s/company HTTP/1.1" 200 728 "http://localhost:4200/company" "Mozilla/5.0 (Macintosh; Intel Mac OS X 10_13_6) AppleWebKit/537.36 (KHTML, like Gecko) Chrome/67.0.3396.99 Safari/537.36"
::1 - - [24/Jul/2018:06:08:07 +0000] "GET /s/company HTTP/1.1" 304 - "http://localhost:4200/company" "Mozilla/5.0 (Macintosh; Intel Mac OS X 10_13_6) AppleWebKit/537.36 (KHTML, like Gecko) Chrome/67.0.3396.99 Safari/537.36"
::1 - - [24/Jul/2018:06:12:06 +0000] "GET /s/service HTTP/1.1" 200 837 "http://localhost:4200/service" "Mozilla/5.0 (Macintosh; Intel Mac OS X 10_13_6) AppleWebKit/537.36 (KHTML, like Gecko) Chrome/67.0.3396.99 Safari/537.36"
::1 - - [24/Jul/2018:06:13:02 +0000] "GET /s/service HTTP/1.1" 304 - "http://localhost:4200/service" "Mozilla/5.0 (Macintosh; Intel Mac OS X 10_13_6) AppleWebKit/537.36 (KHTML, like Gecko) Chrome/67.0.3396.99 Safari/537.36"
::1 - - [24/Jul/2018:06:13:03 +0000] "GET /s/company HTTP/1.1" 304 - "http://localhost:4200/company" "Mozilla/5.0 (Macintosh; Intel Mac OS X 10_13_6) AppleWebKit/537.36 (KHTML, like Gecko) Chrome/67.0.3396.99 Safari/537.36"
::1 - - [24/Jul/2018:06:19:05 +0000] "GET /s/company HTTP/1.1" 304 - "http://localhost:4200/company" "Mozilla/5.0 (Macintosh; Intel Mac OS X 10_13_6) AppleWebKit/537.36 (KHTML, like Gecko) Chrome/67.0.3396.99 Safari/537.36"
::1 - - [24/Jul/2018:06:19:24 +0000] "GET /s/company HTTP/1.1" 304 - "http://localhost:4200/company" "Mozilla/5.0 (Macintosh; Intel Mac OS X 10_13_6) AppleWebKit/537.36 (KHTML, like Gecko) Chrome/67.0.3396.99 Safari/537.36"
::1 - - [24/Jul/2018:06:19:36 +0000] "GET /s/company HTTP/1.1" 304 - "http://localhost:4200/company" "Mozilla/5.0 (Macintosh; Intel Mac OS X 10_13_6) AppleWebKit/537.36 (KHTML, like Gecko) Chrome/67.0.3396.99 Safari/537.36"
::1 - - [24/Jul/2018:06:24:10 +0000] "GET /s/company HTTP/1.1" 304 - "http://localhost:4200/company" "Mozilla/5.0 (Macintosh; Intel Mac OS X 10_13_6) AppleWebKit/537.36 (KHTML, like Gecko) Chrome/67.0.3396.99 Safari/537.36"
::1 - - [25/Jul/2018:02:11:38 +0000] "GET /s/company HTTP/1.1" 200 840 "http://localhost:4200/company" "Mozilla/5.0 (Macintosh; Intel Mac OS X 10_13_6) AppleWebKit/537.36 (KHTML, like Gecko) Chrome/67.0.3396.99 Safari/537.36"
::1 - - [25/Jul/2018:02:11:50 +0000] "GET /s/company_detail?code=2 HTTP/1.1" 200 67 "http://localhost:4200/company_detail/2" "Mozilla/5.0 (Macintosh; Intel Mac OS X 10_13_6) AppleWebKit/537.36 (KHTML, like Gecko) Chrome/67.0.3396.99 Safari/537.36"
::1 - - [25/Jul/2018:02:11:57 +0000] "GET /s/company HTTP/1.1" 304 - "http://localhost:4200/company" "Mozilla/5.0 (Macintosh; Intel Mac OS X 10_13_6) AppleWebKit/537.36 (KHTML, like Gecko) Chrome/67.0.3396.99 Safari/537.36"
::1 - - [25/Jul/2018:02:12:06 +0000] "GET /s/service HTTP/1.1" 200 968 "http://localhost:4200/service" "Mozilla/5.0 (Macintosh; Intel Mac OS X 10_13_6) AppleWebKit/537.36 (KHTML, like Gecko) Chrome/67.0.3396.99 Safari/537.36"
::1 - - [25/Jul/2018:02:12:17 +0000] "GET /s/service HTTP/1.1" 304 - "http://localhost:4200/usage_history" "Mozilla/5.0 (Macintosh; Intel Mac OS X 10_13_6) AppleWebKit/537.36 (KHTML, like Gecko) Chrome/67.0.3396.99 Safari/537.36"
::1 - - [25/Jul/2018:02:12:20 +0000] "GET /s/service HTTP/1.1" 304 - "http://localhost:4200/service" "Mozilla/5.0 (Macintosh; Intel Mac OS X 10_13_6) AppleWebKit/537.36 (KHTML, like Gecko) Chrome/67.0.3396.99 Safari/537.36"
::1 - - [25/Jul/2018:02:12:21 +0000] "GET /s/company HTTP/1.1" 304 - "http://localhost:4200/company" "Mozilla/5.0 (Macintosh; Intel Mac OS X 10_13_6) AppleWebKit/537.36 (KHTML, like Gecko) Chrome/67.0.3396.99 Safari/537.36"
::1 - - [25/Jul/2018:02:12:21 +0000] "GET /s/service HTTP/1.1" 304 - "http://localhost:4200/service" "Mozilla/5.0 (Macintosh; Intel Mac OS X 10_13_6) AppleWebKit/537.36 (KHTML, like Gecko) Chrome/67.0.3396.99 Safari/537.36"
::1 - - [25/Jul/2018:02:12:22 +0000] "GET /s/service HTTP/1.1" 304 - "http://localhost:4200/usage_history" "Mozilla/5.0 (Macintosh; Intel Mac OS X 10_13_6) AppleWebKit/537.36 (KHTML, like Gecko) Chrome/67.0.3396.99 Safari/537.36"
::1 - - [25/Jul/2018:02:12:26 +0000] "GET /s/service HTTP/1.1" 304 - "http://localhost:4200/service" "Mozilla/5.0 (Macintosh; Intel Mac OS X 10_13_6) AppleWebKit/537.36 (KHTML, like Gecko) Chrome/67.0.3396.99 Safari/537.36"
::1 - - [25/Jul/2018:02:12:27 +0000] "GET /s/company HTTP/1.1" 304 - "http://localhost:4200/company" "Mozilla/5.0 (Macintosh; Intel Mac OS X 10_13_6) AppleWebKit/537.36 (KHTML, like Gecko) Chrome/67.0.3396.99 Safari/537.36"
::1 - - [25/Jul/2018:02:13:00 +0000] "GET /s/company HTTP/1.1" 304 - "http://localhost:4200/company" "Mozilla/5.0 (Macintosh; Intel Mac OS X 10_13_6) AppleWebKit/537.36 (KHTML, like Gecko) Chrome/67.0.3396.99 Safari/537.36"
::1 - - [25/Jul/2018:02:13:02 +0000] "GET /s/company_detail?code=7 HTTP/1.1" 200 67 "http://localhost:4200/company_detail/7" "Mozilla/5.0 (Macintosh; Intel Mac OS X 10_13_6) AppleWebKit/537.36 (KHTML, like Gecko) Chrome/67.0.3396.99 Safari/537.36"
::1 - - [25/Jul/2018:02:14:29 +0000] "GET /s/company HTTP/1.1" 304 - "http://localhost:4200/company" "Mozilla/5.0 (Macintosh; Intel Mac OS X 10_13_6) AppleWebKit/537.36 (KHTML, like Gecko) Chrome/67.0.3396.99 Safari/537.36"
::1 - - [25/Jul/2018:02:14:31 +0000] "GET /s/company_detail?code=7 HTTP/1.1" 200 65 "http://localhost:4200/company_detail/7" "Mozilla/5.0 (Macintosh; Intel Mac OS X 10_13_6) AppleWebKit/537.36 (KHTML, like Gecko) Chrome/67.0.3396.99 Safari/537.36"
::1 - - [25/Jul/2018:02:20:48 +0000] "GET /s/company_detail?code=7 HTTP/1.1" 200 300 "http://localhost:4200/company_detail/7" "Mozilla/5.0 (Macintosh; Intel Mac OS X 10_13_6) AppleWebKit/537.36 (KHTML, like Gecko) Chrome/67.0.3396.99 Safari/537.36"
::1 - - [25/Jul/2018:02:21:22 +0000] "GET /s/company HTTP/1.1" 304 - "http://localhost:4200/company" "Mozilla/5.0 (Macintosh; Intel Mac OS X 10_13_6) AppleWebKit/537.36 (KHTML, like Gecko) Chrome/67.0.3396.99 Safari/537.36"
::1 - - [25/Jul/2018:02:21:27 +0000] "GET /s/company_detail?code=1 HTTP/1.1" 200 377 "http://localhost:4200/company_detail/1" "Mozilla/5.0 (Macintosh; Intel Mac OS X 10_13_6) AppleWebKit/537.36 (KHTML, like Gecko) Chrome/67.0.3396.99 Safari/537.36"
::1 - - [25/Jul/2018:02:23:13 +0000] "GET /s/company_detail?code=1 HTTP/1.1" 304 - "http://localhost:4200/company_detail/1" "Mozilla/5.0 (Macintosh; Intel Mac OS X 10_13_6) AppleWebKit/537.36 (KHTML, like Gecko) Chrome/67.0.3396.99 Safari/537.36"
::1 - - [25/Jul/2018:02:23:22 +0000] "GET /s/company_detail?code=1 HTTP/1.1" 304 - "http://localhost:4200/service_add/1" "Mozilla/5.0 (Macintosh; Intel Mac OS X 10_13_6) AppleWebKit/537.36 (KHTML, like Gecko) Chrome/67.0.3396.99 Safari/537.36"
::1 - - [25/Jul/2018:04:32:20 +0000] "GET /s/company HTTP/1.1" 304 - "http://localhost:4200/company" "Mozilla/5.0 (Macintosh; Intel Mac OS X 10_13_6) AppleWebKit/537.36 (KHTML, like Gecko) Chrome/67.0.3396.99 Safari/537.36"
::1 - - [25/Jul/2018:04:32:24 +0000] "GET /s/company_detail?code=7 HTTP/1.1" 304 - "http://localhost:4200/company_detail/7" "Mozilla/5.0 (Macintosh; Intel Mac OS X 10_13_6) AppleWebKit/537.36 (KHTML, like Gecko) Chrome/67.0.3396.99 Safari/537.36"
::1 - - [25/Jul/2018:04:32:29 +0000] "GET /s/company HTTP/1.1" 304 - "http://localhost:4200/company" "Mozilla/5.0 (Macintosh; Intel Mac OS X 10_13_6) AppleWebKit/537.36 (KHTML, like Gecko) Chrome/67.0.3396.99 Safari/537.36"
::1 - - [25/Jul/2018:04:32:32 +0000] "GET /s/company_detail?code=6 HTTP/1.1" 200 383 "http://localhost:4200/company_detail/6" "Mozilla/5.0 (Macintosh; Intel Mac OS X 10_13_6) AppleWebKit/537.36 (KHTML, like Gecko) Chrome/67.0.3396.99 Safari/537.36"
::1 - - [25/Jul/2018:04:52:09 +0000] "GET /undefinedcompany_detail?code=6 HTTP/1.1" 404 1448 "http://localhost:4200/company_detail/6" "Mozilla/5.0 (Macintosh; Intel Mac OS X 10_13_6) AppleWebKit/537.36 (KHTML, like Gecko) Chrome/67.0.3396.99 Safari/537.36"
::1 - - [25/Jul/2018:06:47:49 +0000] "GET /s/company HTTP/1.1" 304 - "http://localhost:4200/company" "Mozilla/5.0 (Macintosh; Intel Mac OS X 10_13_6) AppleWebKit/537.36 (KHTML, like Gecko) Chrome/67.0.3396.99 Safari/537.36"
::1 - - [25/Jul/2018:06:47:51 +0000] "GET /s/service HTTP/1.1" 304 - "http://localhost:4200/service" "Mozilla/5.0 (Macintosh; Intel Mac OS X 10_13_6) AppleWebKit/537.36 (KHTML, like Gecko) Chrome/67.0.3396.99 Safari/537.36"
::1 - - [25/Jul/2018:07:01:57 +0000] "GET /s/company HTTP/1.1" 304 - "http://localhost:4200/company" "Mozilla/5.0 (Macintosh; Intel Mac OS X 10_13_6) AppleWebKit/537.36 (KHTML, like Gecko) Chrome/67.0.3396.99 Safari/537.36"
::1 - - [25/Jul/2018:07:01:59 +0000] "GET /s/company_detail?code=1 HTTP/1.1" 304 - "http://localhost:4200/company_detail/1" "Mozilla/5.0 (Macintosh; Intel Mac OS X 10_13_6) AppleWebKit/537.36 (KHTML, like Gecko) Chrome/67.0.3396.99 Safari/537.36"
::1 - - [25/Jul/2018:07:03:37 +0000] "GET /s/company_detail?code=1 HTTP/1.1" 304 - "http://localhost:4200/company_detail/1" "Mozilla/5.0 (Macintosh; Intel Mac OS X 10_13_6) AppleWebKit/537.36 (KHTML, like Gecko) Chrome/67.0.3396.99 Safari/537.36"
::1 - - [25/Jul/2018:07:05:31 +0000] "GET /s/company_detail?code=1 HTTP/1.1" 200 67 "http://localhost:4200/company_detail/1" "Mozilla/5.0 (Macintosh; Intel Mac OS X 10_13_6) AppleWebKit/537.36 (KHTML, like Gecko) Chrome/67.0.3396.99 Safari/537.36"
::1 - - [25/Jul/2018:07:06:01 +0000] "GET /s/company_detail?code=1 HTTP/1.1" 200 396 "http://localhost:4200/company_detail/1" "Mozilla/5.0 (Macintosh; Intel Mac OS X 10_13_6) AppleWebKit/537.36 (KHTML, like Gecko) Chrome/67.0.3396.99 Safari/537.36"
::1 - - [25/Jul/2018:07:06:36 +0000] "GET /s/company_detail?code=1 HTTP/1.1" 304 - "http://localhost:4200/company_detail/1" "Mozilla/5.0 (Macintosh; Intel Mac OS X 10_13_6) AppleWebKit/537.36 (KHTML, like Gecko) Chrome/67.0.3396.99 Safari/537.36"
::1 - - [25/Jul/2018:08:06:20 +0000] "GET /s/company_detail?code=1 HTTP/1.1" 304 - "http://localhost:4200/company_detail/1" "Mozilla/5.0 (Macintosh; Intel Mac OS X 10_13_6) AppleWebKit/537.36 (KHTML, like Gecko) Chrome/67.0.3396.99 Safari/537.36"
::1 - - [25/Jul/2018:08:06:30 +0000] "GET /s/company HTTP/1.1" 304 - "http://localhost:4200/company" "Mozilla/5.0 (Macintosh; Intel Mac OS X 10_13_6) AppleWebKit/537.36 (KHTML, like Gecko) Chrome/67.0.3396.99 Safari/537.36"
::1 - - [25/Jul/2018:08:43:21 +0000] "GET /s/company HTTP/1.1" 304 - "http://localhost:4200/company" "Mozilla/5.0 (Macintosh; Intel Mac OS X 10_13_6) AppleWebKit/537.36 (KHTML, like Gecko) Chrome/67.0.3396.99 Safari/537.36"
::1 - - [25/Jul/2018:08:43:23 +0000] "GET /s/company_detail?code=1 HTTP/1.1" 304 - "http://localhost:4200/company_detail/1" "Mozilla/5.0 (Macintosh; Intel Mac OS X 10_13_6) AppleWebKit/537.36 (KHTML, like Gecko) Chrome/67.0.3396.99 Safari/537.36"
::1 - - [25/Jul/2018:08:44:12 +0000] "GET /s/company_detail?code=1 HTTP/1.1" 304 - "http://localhost:4200/company_detail/1" "Mozilla/5.0 (Macintosh; Intel Mac OS X 10_13_6) AppleWebKit/537.36 (KHTML, like Gecko) Chrome/67.0.3396.99 Safari/537.36"
::1 - - [25/Jul/2018:08:44:35 +0000] "GET /s/company_detail?code=1 HTTP/1.1" 304 - "http://localhost:4200/company_detail/1" "Mozilla/5.0 (Macintosh; Intel Mac OS X 10_13_6) AppleWebKit/537.36 (KHTML, like Gecko) Chrome/67.0.3396.99 Safari/537.36"
::1 - - [25/Jul/2018:08:45:00 +0000] "GET /s/company_detail?code=1 HTTP/1.1" 304 - "http://localhost:4200/company_detail/1" "Mozilla/5.0 (Macintosh; Intel Mac OS X 10_13_6) AppleWebKit/537.36 (KHTML, like Gecko) Chrome/67.0.3396.99 Safari/537.36"
::1 - - [25/Jul/2018:08:46:46 +0000] "GET /s/company_detail?code=1 HTTP/1.1" 304 - "http://localhost:4200/company_detail/1" "Mozilla/5.0 (Macintosh; Intel Mac OS X 10_13_6) AppleWebKit/537.36 (KHTML, like Gecko) Chrome/67.0.3396.99 Safari/537.36"
::1 - - [25/Jul/2018:08:49:51 +0000] "GET /s/company_detail?code=1 HTTP/1.1" 304 - "http://localhost:4200/company_detail/1" "Mozilla/5.0 (Macintosh; Intel Mac OS X 10_13_6) AppleWebKit/537.36 (KHTML, like Gecko) Chrome/67.0.3396.99 Safari/537.36"
::1 - - [25/Jul/2018:08:50:35 +0000] "GET /s/company_detail?code=1 HTTP/1.1" 304 - "http://localhost:4200/company_detail/1" "Mozilla/5.0 (Macintosh; Intel Mac OS X 10_13_6) AppleWebKit/537.36 (KHTML, like Gecko) Chrome/67.0.3396.99 Safari/537.36"
::1 - - [25/Jul/2018:08:58:41 +0000] "GET /s/company_detail?code=1 HTTP/1.1" 304 - "http://localhost:4200/company_detail/1" "Mozilla/5.0 (Macintosh; Intel Mac OS X 10_13_6) AppleWebKit/537.36 (KHTML, like Gecko) Chrome/67.0.3396.99 Safari/537.36"
::1 - - [25/Jul/2018:09:01:41 +0000] "GET /s/company_detail?code=1 HTTP/1.1" 304 - "http://localhost:4200/company_detail/1" "Mozilla/5.0 (Macintosh; Intel Mac OS X 10_13_6) AppleWebKit/537.36 (KHTML, like Gecko) Chrome/67.0.3396.99 Safari/537.36"
::1 - - [25/Jul/2018:09:08:31 +0000] "GET /s/company_detail?code=1 HTTP/1.1" 304 - "http://localhost:4200/company_detail/1" "Mozilla/5.0 (Macintosh; Intel Mac OS X 10_13_6) AppleWebKit/537.36 (KHTML, like Gecko) Chrome/67.0.3396.99 Safari/537.36"
::1 - - [25/Jul/2018:09:09:29 +0000] "GET /s/company_detail?code=1 HTTP/1.1" 304 - "http://localhost:4200/company_detail/1" "Mozilla/5.0 (Macintosh; Intel Mac OS X 10_13_6) AppleWebKit/537.36 (KHTML, like Gecko) Chrome/67.0.3396.99 Safari/537.36"
::1 - - [25/Jul/2018:09:12:18 +0000] "GET /s/company_detail?code=1 HTTP/1.1" 304 - "http://localhost:4200/company_detail/1" "Mozilla/5.0 (Macintosh; Intel Mac OS X 10_13_6) AppleWebKit/537.36 (KHTML, like Gecko) Chrome/67.0.3396.99 Safari/537.36"
::1 - - [25/Jul/2018:09:14:09 +0000] "GET /s/company_detail?code=1 HTTP/1.1" 304 - "http://localhost:4200/company_detail/1" "Mozilla/5.0 (Macintosh; Intel Mac OS X 10_13_6) AppleWebKit/537.36 (KHTML, like Gecko) Chrome/67.0.3396.99 Safari/537.36"
::1 - - [25/Jul/2018:09:15:26 +0000] "GET /s/company_detail?code=1 HTTP/1.1" 304 - "http://localhost:4200/company_detail/1" "Mozilla/5.0 (Macintosh; Intel Mac OS X 10_13_6) AppleWebKit/537.36 (KHTML, like Gecko) Chrome/67.0.3396.99 Safari/537.36"
::1 - - [25/Jul/2018:09:16:20 +0000] "GET /s/company_detail?code=1 HTTP/1.1" 304 - "http://localhost:4200/company_detail/1" "Mozilla/5.0 (Macintosh; Intel Mac OS X 10_13_6) AppleWebKit/537.36 (KHTML, like Gecko) Chrome/67.0.3396.99 Safari/537.36"
