::1 - - [27/Jul/2018:06:34:10 +0000] "GET /s/company_detail?code=14 HTTP/1.1" 200 - "http://localhost:4200/service_add/14" "Mozilla/5.0 (Macintosh; Intel Mac OS X 10_13_6) AppleWebKit/537.36 (KHTML, like Gecko) Chrome/67.0.3396.99 Safari/537.36"
::1 - - [27/Jul/2018:06:34:19 +0000] "GET /s/company HTTP/1.1" 200 622 "http://localhost:4200/company" "Mozilla/5.0 (Macintosh; Intel Mac OS X 10_13_6) AppleWebKit/537.36 (KHTML, like Gecko) Chrome/67.0.3396.99 Safari/537.36"
::1 - - [27/Jul/2018:06:34:21 +0000] "GET /s/company_detail?code=5 HTTP/1.1" 200 316 "http://localhost:4200/company_detail/5" "Mozilla/5.0 (Macintosh; Intel Mac OS X 10_13_6) AppleWebKit/537.36 (KHTML, like Gecko) Chrome/67.0.3396.99 Safari/537.36"
::1 - - [27/Jul/2018:06:34:30 +0000] "GET /s/company_detail?code=5 HTTP/1.1" 304 - "http://localhost:4200/service_add/5" "Mozilla/5.0 (Macintosh; Intel Mac OS X 10_13_6) AppleWebKit/537.36 (KHTML, like Gecko) Chrome/67.0.3396.99 Safari/537.36"
::1 - - [27/Jul/2018:06:34:37 +0000] "OPTIONS /i/new_company HTTP/1.1" 200 4 "-" "Mozilla/5.0 (Macintosh; Intel Mac OS X 10_13_6) AppleWebKit/537.36 (KHTML, like Gecko) Chrome/67.0.3396.99 Safari/537.36"
::1 - - [27/Jul/2018:06:34:37 +0000] "POST /i/new_company HTTP/1.1" 200 45 "http://localhost:4200/service_add/5" "Mozilla/5.0 (Macintosh; Intel Mac OS X 10_13_6) AppleWebKit/537.36 (KHTML, like Gecko) Chrome/67.0.3396.99 Safari/537.36"
::1 - - [27/Jul/2018:06:34:38 +0000] "GET /s/company HTTP/1.1" 200 741 "http://localhost:4200/company" "Mozilla/5.0 (Macintosh; Intel Mac OS X 10_13_6) AppleWebKit/537.36 (KHTML, like Gecko) Chrome/67.0.3396.99 Safari/537.36"
::1 - - [27/Jul/2018:06:35:29 +0000] "GET /s/company_detail?code=6 HTTP/1.1" 200 325 "http://localhost:4200/company_detail/6" "Mozilla/5.0 (Macintosh; Intel Mac OS X 10_13_6) AppleWebKit/537.36 (KHTML, like Gecko) Chrome/67.0.3396.99 Safari/537.36"
::1 - - [27/Jul/2018:06:38:18 +0000] "GET /s/company_detail?code=6 HTTP/1.1" 304 - "http://localhost:4200/company_detail/6" "Mozilla/5.0 (Macintosh; Intel Mac OS X 10_13_6) AppleWebKit/537.36 (KHTML, like Gecko) Chrome/67.0.3396.99 Safari/537.36"
::1 - - [27/Jul/2018:06:42:08 +0000] "GET /s/company_detail?code=6 HTTP/1.1" 304 - "http://localhost:4200/company_detail/6" "Mozilla/5.0 (Macintosh; Intel Mac OS X 10_13_6) AppleWebKit/537.36 (KHTML, like Gecko) Chrome/67.0.3396.99 Safari/537.36"
::1 - - [27/Jul/2018:06:43:22 +0000] "GET /s/company_detail?code=6 HTTP/1.1" 304 - "http://localhost:4200/company_detail/6" "Mozilla/5.0 (Macintosh; Intel Mac OS X 10_13_6) AppleWebKit/537.36 (KHTML, like Gecko) Chrome/67.0.3396.99 Safari/537.36"
::1 - - [27/Jul/2018:06:43:34 +0000] "GET /s/company_detail?code=6 HTTP/1.1" 304 - "http://localhost:4200/company_detail/6" "Mozilla/5.0 (Macintosh; Intel Mac OS X 10_13_6) AppleWebKit/537.36 (KHTML, like Gecko) Chrome/67.0.3396.99 Safari/537.36"
::1 - - [27/Jul/2018:06:43:56 +0000] "GET /s/company_detail?code=6 HTTP/1.1" 304 - "http://localhost:4200/company_detail/6" "Mozilla/5.0 (Macintosh; Intel Mac OS X 10_13_6) AppleWebKit/537.36 (KHTML, like Gecko) Chrome/67.0.3396.99 Safari/537.36"
::1 - - [27/Jul/2018:06:44:31 +0000] "GET /s/company_detail?code=6 HTTP/1.1" 304 - "http://localhost:4200/company_detail/6" "Mozilla/5.0 (Macintosh; Intel Mac OS X 10_13_6) AppleWebKit/537.36 (KHTML, like Gecko) Chrome/67.0.3396.99 Safari/537.36"
::1 - - [27/Jul/2018:06:44:59 +0000] "GET /s/company_detail?code=6 HTTP/1.1" 304 - "http://localhost:4200/company_detail/6" "Mozilla/5.0 (Macintosh; Intel Mac OS X 10_13_6) AppleWebKit/537.36 (KHTML, like Gecko) Chrome/67.0.3396.99 Safari/537.36"
::1 - - [27/Jul/2018:06:45:05 +0000] "GET /s/company_detail?code=6 HTTP/1.1" 304 - "http://localhost:4200/company_detail/6" "Mozilla/5.0 (Macintosh; Intel Mac OS X 10_13_6) AppleWebKit/537.36 (KHTML, like Gecko) Chrome/67.0.3396.99 Safari/537.36"
::1 - - [27/Jul/2018:06:46:19 +0000] "GET /s/company HTTP/1.1" 304 - "http://localhost:4200/company" "Mozilla/5.0 (Macintosh; Intel Mac OS X 10_13_6) AppleWebKit/537.36 (KHTML, like Gecko) Chrome/67.0.3396.99 Safari/537.36"
::1 - - [27/Jul/2018:06:46:26 +0000] "GET /s/usage_history HTTP/1.1" 200 791 "http://localhost:4200/usage_history" "Mozilla/5.0 (Macintosh; Intel Mac OS X 10_13_6) AppleWebKit/537.36 (KHTML, like Gecko) Chrome/67.0.3396.99 Safari/537.36"
::1 - - [27/Jul/2018:06:46:28 +0000] "GET /s/service HTTP/1.1" 200 832 "http://localhost:4200/service" "Mozilla/5.0 (Macintosh; Intel Mac OS X 10_13_6) AppleWebKit/537.36 (KHTML, like Gecko) Chrome/67.0.3396.99 Safari/537.36"
::1 - - [27/Jul/2018:06:46:32 +0000] "GET /s/company HTTP/1.1" 304 - "http://localhost:4200/company" "Mozilla/5.0 (Macintosh; Intel Mac OS X 10_13_6) AppleWebKit/537.36 (KHTML, like Gecko) Chrome/67.0.3396.99 Safari/537.36"
::1 - - [27/Jul/2018:06:46:33 +0000] "GET /s/usage_history HTTP/1.1" 304 - "http://localhost:4200/usage_history" "Mozilla/5.0 (Macintosh; Intel Mac OS X 10_13_6) AppleWebKit/537.36 (KHTML, like Gecko) Chrome/67.0.3396.99 Safari/537.36"
::1 - - [27/Jul/2018:06:46:33 +0000] "GET /s/service HTTP/1.1" 304 - "http://localhost:4200/service" "Mozilla/5.0 (Macintosh; Intel Mac OS X 10_13_6) AppleWebKit/537.36 (KHTML, like Gecko) Chrome/67.0.3396.99 Safari/537.36"
::1 - - [27/Jul/2018:06:47:07 +0000] "GET /s/company HTTP/1.1" 200 622 "http://localhost:4200/company" "Mozilla/5.0 (Macintosh; Intel Mac OS X 10_13_6) AppleWebKit/537.36 (KHTML, like Gecko) Chrome/67.0.3396.99 Safari/537.36"
::1 - - [27/Jul/2018:06:47:08 +0000] "GET /s/service HTTP/1.1" 200 697 "http://localhost:4200/service" "Mozilla/5.0 (Macintosh; Intel Mac OS X 10_13_6) AppleWebKit/537.36 (KHTML, like Gecko) Chrome/67.0.3396.99 Safari/537.36"
::1 - - [27/Jul/2018:06:47:09 +0000] "GET /s/company HTTP/1.1" 304 - "http://localhost:4200/company" "Mozilla/5.0 (Macintosh; Intel Mac OS X 10_13_6) AppleWebKit/537.36 (KHTML, like Gecko) Chrome/67.0.3396.99 Safari/537.36"
::1 - - [27/Jul/2018:06:47:09 +0000] "GET /s/company_detail?code=4 HTTP/1.1" 200 324 "http://localhost:4200/company_detail/4" "Mozilla/5.0 (Macintosh; Intel Mac OS X 10_13_6) AppleWebKit/537.36 (KHTML, like Gecko) Chrome/67.0.3396.99 Safari/537.36"
::1 - - [27/Jul/2018:06:47:58 +0000] "GET /s/company HTTP/1.1" 304 - "http://localhost:4200/company" "Mozilla/5.0 (Macintosh; Intel Mac OS X 10_13_6) AppleWebKit/537.36 (KHTML, like Gecko) Chrome/67.0.3396.99 Safari/537.36"
::1 - - [27/Jul/2018:06:47:59 +0000] "GET /s/service HTTP/1.1" 304 - "http://localhost:4200/service" "Mozilla/5.0 (Macintosh; Intel Mac OS X 10_13_6) AppleWebKit/537.36 (KHTML, like Gecko) Chrome/67.0.3396.99 Safari/537.36"
::1 - - [27/Jul/2018:06:48:03 +0000] "GET /s/company HTTP/1.1" 304 - "http://localhost:4200/company" "Mozilla/5.0 (Macintosh; Intel Mac OS X 10_13_6) AppleWebKit/537.36 (KHTML, like Gecko) Chrome/67.0.3396.99 Safari/537.36"
::1 - - [27/Jul/2018:06:48:08 +0000] "GET /s/company HTTP/1.1" 304 - "http://localhost:4200/company" "Mozilla/5.0 (Macintosh; Intel Mac OS X 10_13_6) AppleWebKit/537.36 (KHTML, like Gecko) Chrome/67.0.3396.99 Safari/537.36"
::1 - - [27/Jul/2018:06:48:09 +0000] "GET /s/company_detail?code=5 HTTP/1.1" 304 - "http://localhost:4200/company_detail/5" "Mozilla/5.0 (Macintosh; Intel Mac OS X 10_13_6) AppleWebKit/537.36 (KHTML, like Gecko) Chrome/67.0.3396.99 Safari/537.36"
::1 - - [27/Jul/2018:06:48:11 +0000] "GET /s/company_detail?code=5 HTTP/1.1" 304 - "http://localhost:4200/service_add/5" "Mozilla/5.0 (Macintosh; Intel Mac OS X 10_13_6) AppleWebKit/537.36 (KHTML, like Gecko) Chrome/67.0.3396.99 Safari/537.36"
::1 - - [27/Jul/2018:06:50:27 +0000] "OPTIONS /i/new_company HTTP/1.1" 200 4 "-" "Mozilla/5.0 (Macintosh; Intel Mac OS X 10_13_6) AppleWebKit/537.36 (KHTML, like Gecko) Chrome/67.0.3396.99 Safari/537.36"
::1 - - [27/Jul/2018:06:50:27 +0000] "POST /i/new_company HTTP/1.1" 200 45 "http://localhost:4200/service_add/5" "Mozilla/5.0 (Macintosh; Intel Mac OS X 10_13_6) AppleWebKit/537.36 (KHTML, like Gecko) Chrome/67.0.3396.99 Safari/537.36"
::1 - - [27/Jul/2018:06:50:30 +0000] "GET /s/company HTTP/1.1" 200 741 "http://localhost:4200/company" "Mozilla/5.0 (Macintosh; Intel Mac OS X 10_13_6) AppleWebKit/537.36 (KHTML, like Gecko) Chrome/67.0.3396.99 Safari/537.36"
::1 - - [27/Jul/2018:06:50:48 +0000] "GET /s/service HTTP/1.1" 200 832 "http://localhost:4200/service" "Mozilla/5.0 (Macintosh; Intel Mac OS X 10_13_6) AppleWebKit/537.36 (KHTML, like Gecko) Chrome/67.0.3396.99 Safari/537.36"
::1 - - [27/Jul/2018:06:50:57 +0000] "GET /s/company HTTP/1.1" 304 - "http://localhost:4200/company" "Mozilla/5.0 (Macintosh; Intel Mac OS X 10_13_6) AppleWebKit/537.36 (KHTML, like Gecko) Chrome/67.0.3396.99 Safari/537.36"
::1 - - [27/Jul/2018:06:51:05 +0000] "GET /s/service HTTP/1.1" 304 - "http://localhost:4200/service" "Mozilla/5.0 (Macintosh; Intel Mac OS X 10_13_6) AppleWebKit/537.36 (KHTML, like Gecko) Chrome/67.0.3396.99 Safari/537.36"
::1 - - [27/Jul/2018:06:51:08 +0000] "GET /s/company HTTP/1.1" 304 - "http://localhost:4200/company" "Mozilla/5.0 (Macintosh; Intel Mac OS X 10_13_6) AppleWebKit/537.36 (KHTML, like Gecko) Chrome/67.0.3396.99 Safari/537.36"
::1 - - [27/Jul/2018:06:52:13 +0000] "GET /s/company_detail?code=7 HTTP/1.1" 200 325 "http://localhost:4200/company_detail/7" "Mozilla/5.0 (Macintosh; Intel Mac OS X 10_13_6) AppleWebKit/537.36 (KHTML, like Gecko) Chrome/67.0.3396.99 Safari/537.36"
::1 - - [27/Jul/2018:06:52:28 +0000] "GET /s/company HTTP/1.1" 304 - "http://localhost:4200/company" "Mozilla/5.0 (Macintosh; Intel Mac OS X 10_13_6) AppleWebKit/537.36 (KHTML, like Gecko) Chrome/67.0.3396.99 Safari/537.36"
::1 - - [27/Jul/2018:06:59:47 +0000] "GET /s/company HTTP/1.1" 304 - "http://localhost:4200/company" "Mozilla/5.0 (Macintosh; Intel Mac OS X 10_13_6) AppleWebKit/537.36 (KHTML, like Gecko) Chrome/67.0.3396.99 Safari/537.36"
::1 - - [27/Jul/2018:06:59:54 +0000] "GET /s/company HTTP/1.1" 304 - "http://localhost:4200/company" "Mozilla/5.0 (Macintosh; Intel Mac OS X 10_13_6) AppleWebKit/537.36 (KHTML, like Gecko) Chrome/67.0.3396.99 Safari/537.36"
::1 - - [27/Jul/2018:07:00:03 +0000] "GET /s/company HTTP/1.1" 304 - "http://localhost:4200/company" "Mozilla/5.0 (Macintosh; Intel Mac OS X 10_13_6) AppleWebKit/537.36 (KHTML, like Gecko) Chrome/67.0.3396.99 Safari/537.36"
::1 - - [27/Jul/2018:07:00:04 +0000] "GET /s/company_detail?code=7 HTTP/1.1" 304 - "http://localhost:4200/company_detail/7" "Mozilla/5.0 (Macintosh; Intel Mac OS X 10_13_6) AppleWebKit/537.36 (KHTML, like Gecko) Chrome/67.0.3396.99 Safari/537.36"
::1 - - [27/Jul/2018:07:00:05 +0000] "GET /s/company_detail?code=7 HTTP/1.1" 304 - "http://localhost:4200/service_add/7" "Mozilla/5.0 (Macintosh; Intel Mac OS X 10_13_6) AppleWebKit/537.36 (KHTML, like Gecko) Chrome/67.0.3396.99 Safari/537.36"
::1 - - [27/Jul/2018:07:00:22 +0000] "GET /s/company HTTP/1.1" 304 - "http://localhost:4200/company" "Mozilla/5.0 (Macintosh; Intel Mac OS X 10_13_6) AppleWebKit/537.36 (KHTML, like Gecko) Chrome/67.0.3396.99 Safari/537.36"
::1 - - [27/Jul/2018:07:00:23 +0000] "GET /s/company_detail?code=5 HTTP/1.1" 304 - "http://localhost:4200/company_detail/5" "Mozilla/5.0 (Macintosh; Intel Mac OS X 10_13_6) AppleWebKit/537.36 (KHTML, like Gecko) Chrome/67.0.3396.99 Safari/537.36"
::1 - - [27/Jul/2018:07:00:24 +0000] "GET /s/company_detail?code=5 HTTP/1.1" 304 - "http://localhost:4200/service_add/5" "Mozilla/5.0 (Macintosh; Intel Mac OS X 10_13_6) AppleWebKit/537.36 (KHTML, like Gecko) Chrome/67.0.3396.99 Safari/537.36"
::1 - - [27/Jul/2018:07:03:00 +0000] "GET /s/company_detail?code=5 HTTP/1.1" 304 - "http://localhost:4200/service_add/5" "Mozilla/5.0 (Macintosh; Intel Mac OS X 10_13_6) AppleWebKit/537.36 (KHTML, like Gecko) Chrome/67.0.3396.99 Safari/537.36"
::1 - - [27/Jul/2018:07:03:06 +0000] "GET /s/company HTTP/1.1" 304 - "http://localhost:4200/company" "Mozilla/5.0 (Macintosh; Intel Mac OS X 10_13_6) AppleWebKit/537.36 (KHTML, like Gecko) Chrome/67.0.3396.99 Safari/537.36"
::1 - - [27/Jul/2018:07:03:11 +0000] "GET /s/company_detail?code=7 HTTP/1.1" 304 - "http://localhost:4200/company_detail/7" "Mozilla/5.0 (Macintosh; Intel Mac OS X 10_13_6) AppleWebKit/537.36 (KHTML, like Gecko) Chrome/67.0.3396.99 Safari/537.36"
::1 - - [27/Jul/2018:07:03:13 +0000] "GET /s/company_detail?code=7 HTTP/1.1" 304 - "http://localhost:4200/service_add/7" "Mozilla/5.0 (Macintosh; Intel Mac OS X 10_13_6) AppleWebKit/537.36 (KHTML, like Gecko) Chrome/67.0.3396.99 Safari/537.36"
::1 - - [27/Jul/2018:07:03:17 +0000] "GET /s/company HTTP/1.1" 304 - "http://localhost:4200/company" "Mozilla/5.0 (Macintosh; Intel Mac OS X 10_13_6) AppleWebKit/537.36 (KHTML, like Gecko) Chrome/67.0.3396.99 Safari/537.36"
::1 - - [27/Jul/2018:07:03:27 +0000] "GET /s/company HTTP/1.1" 304 - "http://localhost:4200/company" "Mozilla/5.0 (Macintosh; Intel Mac OS X 10_13_6) AppleWebKit/537.36 (KHTML, like Gecko) Chrome/67.0.3396.99 Safari/537.36"
::1 - - [27/Jul/2018:07:03:30 +0000] "GET /s/company_detail?code=5 HTTP/1.1" 304 - "http://localhost:4200/company_detail/5" "Mozilla/5.0 (Macintosh; Intel Mac OS X 10_13_6) AppleWebKit/537.36 (KHTML, like Gecko) Chrome/67.0.3396.99 Safari/537.36"
::1 - - [27/Jul/2018:07:04:42 +0000] "GET /s/company_detail?code=5 HTTP/1.1" 304 - "http://localhost:4200/company_detail/5" "Mozilla/5.0 (Macintosh; Intel Mac OS X 10_13_6) AppleWebKit/537.36 (KHTML, like Gecko) Chrome/67.0.3396.99 Safari/537.36"
::1 - - [27/Jul/2018:07:05:15 +0000] "GET /s/company_detail?code=5 HTTP/1.1" 304 - "http://localhost:4200/company_detail/5" "Mozilla/5.0 (Macintosh; Intel Mac OS X 10_13_6) AppleWebKit/537.36 (KHTML, like Gecko) Chrome/67.0.3396.99 Safari/537.36"
::1 - - [27/Jul/2018:07:05:35 +0000] "GET /s/company_detail?code=5 HTTP/1.1" 304 - "http://localhost:4200/company_detail/5" "Mozilla/5.0 (Macintosh; Intel Mac OS X 10_13_6) AppleWebKit/537.36 (KHTML, like Gecko) Chrome/67.0.3396.99 Safari/537.36"
::1 - - [27/Jul/2018:07:07:28 +0000] "GET /s/company_detail?code=5 HTTP/1.1" 304 - "http://localhost:4200/company_detail/5" "Mozilla/5.0 (Macintosh; Intel Mac OS X 10_13_6) AppleWebKit/537.36 (KHTML, like Gecko) Chrome/67.0.3396.99 Safari/537.36"
::1 - - [27/Jul/2018:07:08:40 +0000] "GET /s/company_detail?code=5 HTTP/1.1" 304 - "http://localhost:4200/company_detail/5" "Mozilla/5.0 (Macintosh; Intel Mac OS X 10_13_6) AppleWebKit/537.36 (KHTML, like Gecko) Chrome/67.0.3396.99 Safari/537.36"
::1 - - [27/Jul/2018:07:09:09 +0000] "GET /s/company_detail?code=5 HTTP/1.1" 304 - "http://localhost:4200/company_detail/5" "Mozilla/5.0 (Macintosh; Intel Mac OS X 10_13_6) AppleWebKit/537.36 (KHTML, like Gecko) Chrome/67.0.3396.99 Safari/537.36"
::1 - - [27/Jul/2018:07:10:29 +0000] "GET /s/company_detail?code=5 HTTP/1.1" 304 - "http://localhost:4200/company_detail/5" "Mozilla/5.0 (Macintosh; Intel Mac OS X 10_13_6) AppleWebKit/537.36 (KHTML, like Gecko) Chrome/67.0.3396.99 Safari/537.36"
::1 - - [27/Jul/2018:07:11:20 +0000] "GET /s/company_detail?code=5 HTTP/1.1" 304 - "http://localhost:4200/company_detail/5" "Mozilla/5.0 (Macintosh; Intel Mac OS X 10_13_6) AppleWebKit/537.36 (KHTML, like Gecko) Chrome/67.0.3396.99 Safari/537.36"
::1 - - [27/Jul/2018:07:11:29 +0000] "GET /s/company_detail?code=5 HTTP/1.1" 304 - "http://localhost:4200/company_detail/5" "Mozilla/5.0 (Macintosh; Intel Mac OS X 10_13_6) AppleWebKit/537.36 (KHTML, like Gecko) Chrome/67.0.3396.99 Safari/537.36"
::1 - - [27/Jul/2018:07:12:16 +0000] "GET /s/company_detail?code=5 HTTP/1.1" 304 - "http://localhost:4200/company_detail/5" "Mozilla/5.0 (Macintosh; Intel Mac OS X 10_13_6) AppleWebKit/537.36 (KHTML, like Gecko) Chrome/67.0.3396.99 Safari/537.36"
::1 - - [27/Jul/2018:07:12:55 +0000] "GET /s/company_detail?code=5 HTTP/1.1" 304 - "http://localhost:4200/company_detail/5" "Mozilla/5.0 (Macintosh; Intel Mac OS X 10_13_6) AppleWebKit/537.36 (KHTML, like Gecko) Chrome/67.0.3396.99 Safari/537.36"
::1 - - [27/Jul/2018:07:13:10 +0000] "GET /s/company_detail?code=5 HTTP/1.1" 304 - "http://localhost:4200/company_detail/5" "Mozilla/5.0 (Macintosh; Intel Mac OS X 10_13_6) AppleWebKit/537.36 (KHTML, like Gecko) Chrome/67.0.3396.99 Safari/537.36"
::1 - - [27/Jul/2018:07:13:13 +0000] "GET /s/company_detail?code=5 HTTP/1.1" 304 - "http://localhost:4200/company_detail/5" "Mozilla/5.0 (Macintosh; Intel Mac OS X 10_13_6) AppleWebKit/537.36 (KHTML, like Gecko) Chrome/67.0.3396.99 Safari/537.36"
::1 - - [27/Jul/2018:07:13:24 +0000] "GET /s/company_detail?code=5 HTTP/1.1" 304 - "http://localhost:4200/company_detail/5" "Mozilla/5.0 (Macintosh; Intel Mac OS X 10_13_6) AppleWebKit/537.36 (KHTML, like Gecko) Chrome/67.0.3396.99 Safari/537.36"
::1 - - [27/Jul/2018:07:13:30 +0000] "GET /s/company_detail?code=5 HTTP/1.1" 304 - "http://localhost:4200/company_detail/5" "Mozilla/5.0 (Macintosh; Intel Mac OS X 10_13_6) AppleWebKit/537.36 (KHTML, like Gecko) Chrome/67.0.3396.99 Safari/537.36"
::1 - - [27/Jul/2018:07:16:05 +0000] "GET /s/company_detail?code=5 HTTP/1.1" 304 - "http://localhost:4200/company_detail/5" "Mozilla/5.0 (Macintosh; Intel Mac OS X 10_13_6) AppleWebKit/537.36 (KHTML, like Gecko) Chrome/67.0.3396.99 Safari/537.36"
::1 - - [27/Jul/2018:07:16:14 +0000] "GET /s/company_detail?code=5 HTTP/1.1" 304 - "http://localhost:4200/company_detail/5" "Mozilla/5.0 (Macintosh; Intel Mac OS X 10_13_6) AppleWebKit/537.36 (KHTML, like Gecko) Chrome/67.0.3396.99 Safari/537.36"
::1 - - [27/Jul/2018:07:17:00 +0000] "GET /s/company_detail?code=5 HTTP/1.1" 304 - "http://localhost:4200/company_detail/5" "Mozilla/5.0 (Macintosh; Intel Mac OS X 10_13_6) AppleWebKit/537.36 (KHTML, like Gecko) Chrome/67.0.3396.99 Safari/537.36"
::1 - - [27/Jul/2018:07:17:04 +0000] "GET /s/company_detail?code=5 HTTP/1.1" 304 - "http://localhost:4200/company_detail/5" "Mozilla/5.0 (Macintosh; Intel Mac OS X 10_13_6) AppleWebKit/537.36 (KHTML, like Gecko) Chrome/67.0.3396.99 Safari/537.36"
::1 - - [27/Jul/2018:07:17:25 +0000] "GET /s/company_detail?code=5 HTTP/1.1" 304 - "http://localhost:4200/company_detail/5" "Mozilla/5.0 (Macintosh; Intel Mac OS X 10_13_6) AppleWebKit/537.36 (KHTML, like Gecko) Chrome/67.0.3396.99 Safari/537.36"
::1 - - [27/Jul/2018:07:17:38 +0000] "GET /s/company_detail?code=5 HTTP/1.1" 304 - "http://localhost:4200/company_detail/5" "Mozilla/5.0 (Macintosh; Intel Mac OS X 10_13_6) AppleWebKit/537.36 (KHTML, like Gecko) Chrome/67.0.3396.99 Safari/537.36"
::1 - - [27/Jul/2018:07:17:50 +0000] "GET /s/company_detail?code=5 HTTP/1.1" - - "http://localhost:4200/company_detail/5" "Mozilla/5.0 (Macintosh; Intel Mac OS X 10_13_6) AppleWebKit/537.36 (KHTML, like Gecko) Chrome/67.0.3396.99 Safari/537.36"
::1 - - [27/Jul/2018:07:18:18 +0000] "GET /s/company_detail?code=5 HTTP/1.1" - - "http://localhost:4200/company_detail/5" "Mozilla/5.0 (Macintosh; Intel Mac OS X 10_13_6) AppleWebKit/537.36 (KHTML, like Gecko) Chrome/67.0.3396.99 Safari/537.36"
::1 - - [27/Jul/2018:07:18:18 +0000] "GET /s/company HTTP/1.1" - - "http://localhost:4200/company" "Mozilla/5.0 (Macintosh; Intel Mac OS X 10_13_6) AppleWebKit/537.36 (KHTML, like Gecko) Chrome/67.0.3396.99 Safari/537.36"
::1 - - [27/Jul/2018:07:18:28 +0000] "GET /s/company HTTP/1.1" 200 622 "http://localhost:4200/company" "Mozilla/5.0 (Macintosh; Intel Mac OS X 10_13_6) AppleWebKit/537.36 (KHTML, like Gecko) Chrome/67.0.3396.99 Safari/537.36"
::1 - - [27/Jul/2018:07:18:45 +0000] "GET /s/company_detail?code=5 HTTP/1.1" 200 316 "http://localhost:4200/company_detail/5" "Mozilla/5.0 (Macintosh; Intel Mac OS X 10_13_6) AppleWebKit/537.36 (KHTML, like Gecko) Chrome/67.0.3396.99 Safari/537.36"
::1 - - [27/Jul/2018:07:19:03 +0000] "GET /s/company_detail?code=5 HTTP/1.1" 304 - "http://localhost:4200/company_detail/5" "Mozilla/5.0 (Macintosh; Intel Mac OS X 10_13_6) AppleWebKit/537.36 (KHTML, like Gecko) Chrome/67.0.3396.99 Safari/537.36"
::1 - - [27/Jul/2018:07:19:54 +0000] "GET /s/company_detail?code=5 HTTP/1.1" 304 - "http://localhost:4200/company_detail/5" "Mozilla/5.0 (Macintosh; Intel Mac OS X 10_13_6) AppleWebKit/537.36 (KHTML, like Gecko) Chrome/67.0.3396.99 Safari/537.36"
::1 - - [27/Jul/2018:07:20:09 +0000] "GET /s/company HTTP/1.1" 304 - "http://localhost:4200/company" "Mozilla/5.0 (Macintosh; Intel Mac OS X 10_13_6) AppleWebKit/537.36 (KHTML, like Gecko) Chrome/67.0.3396.99 Safari/537.36"
::1 - - [27/Jul/2018:07:29:03 +0000] "GET /s/company HTTP/1.1" 304 - "http://localhost:4200/company" "Mozilla/5.0 (Macintosh; Intel Mac OS X 10_13_6) AppleWebKit/537.36 (KHTML, like Gecko) Chrome/67.0.3396.99 Safari/537.36"
::1 - - [27/Jul/2018:07:29:22 +0000] "GET /s/service HTTP/1.1" 200 697 "http://localhost:4200/service" "Mozilla/5.0 (Macintosh; Intel Mac OS X 10_13_6) AppleWebKit/537.36 (KHTML, like Gecko) Chrome/67.0.3396.99 Safari/537.36"
::1 - - [27/Jul/2018:07:29:24 +0000] "GET /s/company HTTP/1.1" 304 - "http://localhost:4200/company" "Mozilla/5.0 (Macintosh; Intel Mac OS X 10_13_6) AppleWebKit/537.36 (KHTML, like Gecko) Chrome/67.0.3396.99 Safari/537.36"
::1 - - [27/Jul/2018:07:29:26 +0000] "GET /s/service HTTP/1.1" 304 - "http://localhost:4200/service" "Mozilla/5.0 (Macintosh; Intel Mac OS X 10_13_6) AppleWebKit/537.36 (KHTML, like Gecko) Chrome/67.0.3396.99 Safari/537.36"
::1 - - [27/Jul/2018:07:29:27 +0000] "GET /s/company HTTP/1.1" 304 - "http://localhost:4200/company" "Mozilla/5.0 (Macintosh; Intel Mac OS X 10_13_6) AppleWebKit/537.36 (KHTML, like Gecko) Chrome/67.0.3396.99 Safari/537.36"
::1 - - [27/Jul/2018:07:29:32 +0000] "GET /s/usage_history HTTP/1.1" 304 - "http://localhost:4200/usage_history" "Mozilla/5.0 (Macintosh; Intel Mac OS X 10_13_6) AppleWebKit/537.36 (KHTML, like Gecko) Chrome/67.0.3396.99 Safari/537.36"
::1 - - [27/Jul/2018:07:29:34 +0000] "GET /s/company HTTP/1.1" 304 - "http://localhost:4200/company" "Mozilla/5.0 (Macintosh; Intel Mac OS X 10_13_6) AppleWebKit/537.36 (KHTML, like Gecko) Chrome/67.0.3396.99 Safari/537.36"
::1 - - [27/Jul/2018:07:29:41 +0000] "GET /s/service HTTP/1.1" 304 - "http://localhost:4200/service" "Mozilla/5.0 (Macintosh; Intel Mac OS X 10_13_6) AppleWebKit/537.36 (KHTML, like Gecko) Chrome/67.0.3396.99 Safari/537.36"
::1 - - [27/Jul/2018:07:29:42 +0000] "GET /s/usage_history HTTP/1.1" 304 - "http://localhost:4200/usage_history" "Mozilla/5.0 (Macintosh; Intel Mac OS X 10_13_6) AppleWebKit/537.36 (KHTML, like Gecko) Chrome/67.0.3396.99 Safari/537.36"
::1 - - [27/Jul/2018:07:29:44 +0000] "GET /s/company HTTP/1.1" 304 - "http://localhost:4200/company" "Mozilla/5.0 (Macintosh; Intel Mac OS X 10_13_6) AppleWebKit/537.36 (KHTML, like Gecko) Chrome/67.0.3396.99 Safari/537.36"
::1 - - [27/Jul/2018:07:29:58 +0000] "GET /s/service HTTP/1.1" 304 - "http://localhost:4200/service" "Mozilla/5.0 (Macintosh; Intel Mac OS X 10_13_6) AppleWebKit/537.36 (KHTML, like Gecko) Chrome/67.0.3396.99 Safari/537.36"
::1 - - [27/Jul/2018:07:29:59 +0000] "GET /s/usage_history HTTP/1.1" 304 - "http://localhost:4200/usage_history" "Mozilla/5.0 (Macintosh; Intel Mac OS X 10_13_6) AppleWebKit/537.36 (KHTML, like Gecko) Chrome/67.0.3396.99 Safari/537.36"
::1 - - [27/Jul/2018:07:30:01 +0000] "GET /s/company HTTP/1.1" 304 - "http://localhost:4200/company" "Mozilla/5.0 (Macintosh; Intel Mac OS X 10_13_6) AppleWebKit/537.36 (KHTML, like Gecko) Chrome/67.0.3396.99 Safari/537.36"
::1 - - [27/Jul/2018:07:30:14 +0000] "GET /s/service HTTP/1.1" 304 - "http://localhost:4200/service" "Mozilla/5.0 (Macintosh; Intel Mac OS X 10_13_6) AppleWebKit/537.36 (KHTML, like Gecko) Chrome/67.0.3396.99 Safari/537.36"
::1 - - [27/Jul/2018:07:30:15 +0000] "GET /s/usage_history HTTP/1.1" 304 - "http://localhost:4200/usage_history" "Mozilla/5.0 (Macintosh; Intel Mac OS X 10_13_6) AppleWebKit/537.36 (KHTML, like Gecko) Chrome/67.0.3396.99 Safari/537.36"
::1 - - [27/Jul/2018:07:30:16 +0000] "GET /s/company HTTP/1.1" 304 - "http://localhost:4200/company" "Mozilla/5.0 (Macintosh; Intel Mac OS X 10_13_6) AppleWebKit/537.36 (KHTML, like Gecko) Chrome/67.0.3396.99 Safari/537.36"
::1 - - [27/Jul/2018:07:30:56 +0000] "GET /s/company HTTP/1.1" 304 - "http://localhost:4200/company" "Mozilla/5.0 (Macintosh; Intel Mac OS X 10_13_6) AppleWebKit/537.36 (KHTML, like Gecko) Chrome/67.0.3396.99 Safari/537.36"
::1 - - [27/Jul/2018:07:30:56 +0000] "GET /s/company_detail?code=5 HTTP/1.1" 304 - "http://localhost:4200/company_detail/5" "Mozilla/5.0 (Macintosh; Intel Mac OS X 10_13_6) AppleWebKit/537.36 (KHTML, like Gecko) Chrome/67.0.3396.99 Safari/537.36"
::1 - - [27/Jul/2018:07:31:00 +0000] "GET /s/company HTTP/1.1" 304 - "http://localhost:4200/company" "Mozilla/5.0 (Macintosh; Intel Mac OS X 10_13_6) AppleWebKit/537.36 (KHTML, like Gecko) Chrome/67.0.3396.99 Safari/537.36"
::1 - - [27/Jul/2018:07:31:01 +0000] "GET /s/company_detail?code=1 HTTP/1.1" 200 334 "http://localhost:4200/company_detail/1" "Mozilla/5.0 (Macintosh; Intel Mac OS X 10_13_6) AppleWebKit/537.36 (KHTML, like Gecko) Chrome/67.0.3396.99 Safari/537.36"
::1 - - [27/Jul/2018:07:31:04 +0000] "GET /s/company HTTP/1.1" 304 - "http://localhost:4200/company" "Mozilla/5.0 (Macintosh; Intel Mac OS X 10_13_6) AppleWebKit/537.36 (KHTML, like Gecko) Chrome/67.0.3396.99 Safari/537.36"
::1 - - [27/Jul/2018:07:35:28 +0000] "GET /s/company HTTP/1.1" 304 - "http://localhost:4200/company" "Mozilla/5.0 (Macintosh; Intel Mac OS X 10_13_6) AppleWebKit/537.36 (KHTML, like Gecko) Chrome/67.0.3396.99 Safari/537.36"
::1 - - [27/Jul/2018:07:35:30 +0000] "GET /s/company_detail?code=5 HTTP/1.1" 304 - "http://localhost:4200/company_detail/5" "Mozilla/5.0 (Macintosh; Intel Mac OS X 10_13_6) AppleWebKit/537.36 (KHTML, like Gecko) Chrome/67.0.3396.99 Safari/537.36"
::1 - - [27/Jul/2018:07:35:31 +0000] "GET /s/company_detail?code=5 HTTP/1.1" 304 - "http://localhost:4200/service_add/5" "Mozilla/5.0 (Macintosh; Intel Mac OS X 10_13_6) AppleWebKit/537.36 (KHTML, like Gecko) Chrome/67.0.3396.99 Safari/537.36"
::1 - - [27/Jul/2018:07:36:08 +0000] "GET /s/company_detail?code=5 HTTP/1.1" 304 - "http://localhost:4200/service_add/5" "Mozilla/5.0 (Macintosh; Intel Mac OS X 10_13_6) AppleWebKit/537.36 (KHTML, like Gecko) Chrome/67.0.3396.99 Safari/537.36"
::1 - - [27/Jul/2018:07:38:41 +0000] "GET /s/company_detail?code=5 HTTP/1.1" 304 - "http://localhost:4200/service_add/5" "Mozilla/5.0 (Macintosh; Intel Mac OS X 10_13_6) AppleWebKit/537.36 (KHTML, like Gecko) Chrome/67.0.3396.99 Safari/537.36"
::1 - - [27/Jul/2018:07:39:26 +0000] "GET /s/company_detail?code=5 HTTP/1.1" 304 - "http://localhost:4200/service_add/5" "Mozilla/5.0 (Macintosh; Intel Mac OS X 10_13_6) AppleWebKit/537.36 (KHTML, like Gecko) Chrome/67.0.3396.99 Safari/537.36"
::1 - - [27/Jul/2018:07:40:33 +0000] "GET /s/company_detail?code=5 HTTP/1.1" 304 - "http://localhost:4200/service_add/5" "Mozilla/5.0 (Macintosh; Intel Mac OS X 10_13_6) AppleWebKit/537.36 (KHTML, like Gecko) Chrome/67.0.3396.99 Safari/537.36"
::1 - - [27/Jul/2018:07:40:37 +0000] "GET /s/company_detail?code=5 HTTP/1.1" 304 - "http://localhost:4200/service_add/5" "Mozilla/5.0 (Macintosh; Intel Mac OS X 10_13_6) AppleWebKit/537.36 (KHTML, like Gecko) Chrome/67.0.3396.99 Safari/537.36"
::1 - - [27/Jul/2018:07:40:45 +0000] "GET /s/company HTTP/1.1" 304 - "http://localhost:4200/company" "Mozilla/5.0 (Macintosh; Intel Mac OS X 10_13_6) AppleWebKit/537.36 (KHTML, like Gecko) Chrome/67.0.3396.99 Safari/537.36"
::1 - - [27/Jul/2018:07:40:48 +0000] "GET /s/service HTTP/1.1" 304 - "http://localhost:4200/service" "Mozilla/5.0 (Macintosh; Intel Mac OS X 10_13_6) AppleWebKit/537.36 (KHTML, like Gecko) Chrome/67.0.3396.99 Safari/537.36"
::1 - - [27/Jul/2018:07:40:48 +0000] "GET /s/usage_history HTTP/1.1" 304 - "http://localhost:4200/usage_history" "Mozilla/5.0 (Macintosh; Intel Mac OS X 10_13_6) AppleWebKit/537.36 (KHTML, like Gecko) Chrome/67.0.3396.99 Safari/537.36"
::1 - - [27/Jul/2018:07:40:51 +0000] "GET /s/service HTTP/1.1" 304 - "http://localhost:4200/service" "Mozilla/5.0 (Macintosh; Intel Mac OS X 10_13_6) AppleWebKit/537.36 (KHTML, like Gecko) Chrome/67.0.3396.99 Safari/537.36"
::1 - - [27/Jul/2018:07:40:51 +0000] "GET /s/company HTTP/1.1" 304 - "http://localhost:4200/company" "Mozilla/5.0 (Macintosh; Intel Mac OS X 10_13_6) AppleWebKit/537.36 (KHTML, like Gecko) Chrome/67.0.3396.99 Safari/537.36"
::1 - - [27/Jul/2018:07:40:53 +0000] "GET /s/company_detail?code=5 HTTP/1.1" 304 - "http://localhost:4200/company_detail/5" "Mozilla/5.0 (Macintosh; Intel Mac OS X 10_13_6) AppleWebKit/537.36 (KHTML, like Gecko) Chrome/67.0.3396.99 Safari/537.36"
::1 - - [27/Jul/2018:07:40:55 +0000] "GET /s/company HTTP/1.1" 304 - "http://localhost:4200/company" "Mozilla/5.0 (Macintosh; Intel Mac OS X 10_13_6) AppleWebKit/537.36 (KHTML, like Gecko) Chrome/67.0.3396.99 Safari/537.36"
::1 - - [27/Jul/2018:07:40:58 +0000] "GET /s/company HTTP/1.1" 304 - "http://localhost:4200/company" "Mozilla/5.0 (Macintosh; Intel Mac OS X 10_13_6) AppleWebKit/537.36 (KHTML, like Gecko) Chrome/67.0.3396.99 Safari/537.36"
::1 - - [27/Jul/2018:07:40:59 +0000] "GET /s/company_detail?code=5 HTTP/1.1" 304 - "http://localhost:4200/company_detail/5" "Mozilla/5.0 (Macintosh; Intel Mac OS X 10_13_6) AppleWebKit/537.36 (KHTML, like Gecko) Chrome/67.0.3396.99 Safari/537.36"
::1 - - [27/Jul/2018:07:41:00 +0000] "GET /s/company_detail?code=5 HTTP/1.1" 304 - "http://localhost:4200/service_add/5" "Mozilla/5.0 (Macintosh; Intel Mac OS X 10_13_6) AppleWebKit/537.36 (KHTML, like Gecko) Chrome/67.0.3396.99 Safari/537.36"
::1 - - [27/Jul/2018:07:41:02 +0000] "GET /s/company HTTP/1.1" 304 - "http://localhost:4200/company" "Mozilla/5.0 (Macintosh; Intel Mac OS X 10_13_6) AppleWebKit/537.36 (KHTML, like Gecko) Chrome/67.0.3396.99 Safari/537.36"
::1 - - [27/Jul/2018:07:43:58 +0000] "GET /s/company HTTP/1.1" 304 - "http://localhost:4200/company" "Mozilla/5.0 (Macintosh; Intel Mac OS X 10_13_6) AppleWebKit/537.36 (KHTML, like Gecko) Chrome/67.0.3396.99 Safari/537.36"
::1 - - [27/Jul/2018:07:44:24 +0000] "GET /s/company HTTP/1.1" 304 - "http://localhost:4200/company" "Mozilla/5.0 (Macintosh; Intel Mac OS X 10_13_6) AppleWebKit/537.36 (KHTML, like Gecko) Chrome/67.0.3396.99 Safari/537.36"
::1 - - [27/Jul/2018:07:44:43 +0000] "GET /s/company HTTP/1.1" 304 - "http://localhost:4200/company" "Mozilla/5.0 (Macintosh; Intel Mac OS X 10_13_6) AppleWebKit/537.36 (KHTML, like Gecko) Chrome/67.0.3396.99 Safari/537.36"
::1 - - [27/Jul/2018:07:45:24 +0000] "GET /s/company HTTP/1.1" 304 - "http://localhost:4200/company" "Mozilla/5.0 (Macintosh; Intel Mac OS X 10_13_6) AppleWebKit/537.36 (KHTML, like Gecko) Chrome/67.0.3396.99 Safari/537.36"
::1 - - [27/Jul/2018:07:46:00 +0000] "GET /s/company HTTP/1.1" 304 - "http://localhost:4200/company" "Mozilla/5.0 (Macintosh; Intel Mac OS X 10_13_6) AppleWebKit/537.36 (KHTML, like Gecko) Chrome/67.0.3396.99 Safari/537.36"
::1 - - [27/Jul/2018:07:46:14 +0000] "GET /s/service HTTP/1.1" 304 - "http://localhost:4200/service" "Mozilla/5.0 (Macintosh; Intel Mac OS X 10_13_6) AppleWebKit/537.36 (KHTML, like Gecko) Chrome/67.0.3396.99 Safari/537.36"
::1 - - [27/Jul/2018:07:47:33 +0000] "GET /s/service HTTP/1.1" 304 - "http://localhost:4200/service" "Mozilla/5.0 (Macintosh; Intel Mac OS X 10_13_6) AppleWebKit/537.36 (KHTML, like Gecko) Chrome/67.0.3396.99 Safari/537.36"
::1 - - [27/Jul/2018:07:48:07 +0000] "GET /s/service HTTP/1.1" 304 - "http://localhost:4200/service" "Mozilla/5.0 (Macintosh; Intel Mac OS X 10_13_6) AppleWebKit/537.36 (KHTML, like Gecko) Chrome/67.0.3396.99 Safari/537.36"
::1 - - [27/Jul/2018:07:48:30 +0000] "GET /s/service HTTP/1.1" 304 - "http://localhost:4200/service" "Mozilla/5.0 (Macintosh; Intel Mac OS X 10_13_6) AppleWebKit/537.36 (KHTML, like Gecko) Chrome/67.0.3396.99 Safari/537.36"
::1 - - [27/Jul/2018:07:48:48 +0000] "GET /s/service HTTP/1.1" 304 - "http://localhost:4200/service" "Mozilla/5.0 (Macintosh; Intel Mac OS X 10_13_6) AppleWebKit/537.36 (KHTML, like Gecko) Chrome/67.0.3396.99 Safari/537.36"
::1 - - [27/Jul/2018:07:49:19 +0000] "GET /s/usage_history HTTP/1.1" 304 - "http://localhost:4200/usage_history" "Mozilla/5.0 (Macintosh; Intel Mac OS X 10_13_6) AppleWebKit/537.36 (KHTML, like Gecko) Chrome/67.0.3396.99 Safari/537.36"
::1 - - [27/Jul/2018:07:49:25 +0000] "GET /s/usage_history HTTP/1.1" 304 - "http://localhost:4200/usage_history" "Mozilla/5.0 (Macintosh; Intel Mac OS X 10_13_6) AppleWebKit/537.36 (KHTML, like Gecko) Chrome/67.0.3396.99 Safari/537.36"
::1 - - [27/Jul/2018:07:51:03 +0000] "GET /s/usage_history HTTP/1.1" 304 - "http://localhost:4200/usage_history" "Mozilla/5.0 (Macintosh; Intel Mac OS X 10_13_6) AppleWebKit/537.36 (KHTML, like Gecko) Chrome/67.0.3396.99 Safari/537.36"
::1 - - [27/Jul/2018:07:51:07 +0000] "GET /s/company HTTP/1.1" 304 - "http://localhost:4200/company" "Mozilla/5.0 (Macintosh; Intel Mac OS X 10_13_6) AppleWebKit/537.36 (KHTML, like Gecko) Chrome/67.0.3396.99 Safari/537.36"
::1 - - [27/Jul/2018:07:51:07 +0000] "GET /s/service HTTP/1.1" 304 - "http://localhost:4200/service" "Mozilla/5.0 (Macintosh; Intel Mac OS X 10_13_6) AppleWebKit/537.36 (KHTML, like Gecko) Chrome/67.0.3396.99 Safari/537.36"
::1 - - [27/Jul/2018:07:51:08 +0000] "GET /s/usage_history HTTP/1.1" 304 - "http://localhost:4200/usage_history" "Mozilla/5.0 (Macintosh; Intel Mac OS X 10_13_6) AppleWebKit/537.36 (KHTML, like Gecko) Chrome/67.0.3396.99 Safari/537.36"
::1 - - [27/Jul/2018:07:51:08 +0000] "GET /s/company HTTP/1.1" 304 - "http://localhost:4200/company" "Mozilla/5.0 (Macintosh; Intel Mac OS X 10_13_6) AppleWebKit/537.36 (KHTML, like Gecko) Chrome/67.0.3396.99 Safari/537.36"
::1 - - [27/Jul/2018:07:52:57 +0000] "GET /s/company HTTP/1.1" 304 - "http://localhost:4200/company" "Mozilla/5.0 (Macintosh; Intel Mac OS X 10_13_6) AppleWebKit/537.36 (KHTML, like Gecko) Chrome/67.0.3396.99 Safari/537.36"
::1 - - [27/Jul/2018:07:53:49 +0000] "GET /s/company HTTP/1.1" 304 - "http://localhost:4200/company" "Mozilla/5.0 (Macintosh; Intel Mac OS X 10_13_6) AppleWebKit/537.36 (KHTML, like Gecko) Chrome/67.0.3396.99 Safari/537.36"
::1 - - [27/Jul/2018:07:54:00 +0000] "GET /s/company HTTP/1.1" 304 - "http://localhost:4200/company" "Mozilla/5.0 (Macintosh; Intel Mac OS X 10_13_6) AppleWebKit/537.36 (KHTML, like Gecko) Chrome/67.0.3396.99 Safari/537.36"
::1 - - [27/Jul/2018:07:54:01 +0000] "GET /s/company_detail?code=5 HTTP/1.1" 304 - "http://localhost:4200/company_detail/5" "Mozilla/5.0 (Macintosh; Intel Mac OS X 10_13_6) AppleWebKit/537.36 (KHTML, like Gecko) Chrome/67.0.3396.99 Safari/537.36"
::1 - - [27/Jul/2018:07:54:28 +0000] "GET /s/company_detail?code=5 HTTP/1.1" 304 - "http://localhost:4200/company_detail/5" "Mozilla/5.0 (Macintosh; Intel Mac OS X 10_13_6) AppleWebKit/537.36 (KHTML, like Gecko) Chrome/67.0.3396.99 Safari/537.36"
::1 - - [27/Jul/2018:07:55:42 +0000] "GET /s/company_detail?code=5 HTTP/1.1" 304 - "http://localhost:4200/company_detail/5" "Mozilla/5.0 (Macintosh; Intel Mac OS X 10_13_6) AppleWebKit/537.36 (KHTML, like Gecko) Chrome/67.0.3396.99 Safari/537.36"
::1 - - [27/Jul/2018:07:55:55 +0000] "GET /s/company_detail?code=5 HTTP/1.1" 304 - "http://localhost:4200/company_detail/5" "Mozilla/5.0 (Macintosh; Intel Mac OS X 10_13_6) AppleWebKit/537.36 (KHTML, like Gecko) Chrome/67.0.3396.99 Safari/537.36"
::1 - - [27/Jul/2018:07:56:26 +0000] "GET /s/company_detail?code=5 HTTP/1.1" 304 - "http://localhost:4200/company_detail/5" "Mozilla/5.0 (Macintosh; Intel Mac OS X 10_13_6) AppleWebKit/537.36 (KHTML, like Gecko) Chrome/67.0.3396.99 Safari/537.36"
::1 - - [27/Jul/2018:07:57:05 +0000] "GET /s/company_detail?code=5 HTTP/1.1" 304 - "http://localhost:4200/company_detail/5" "Mozilla/5.0 (Macintosh; Intel Mac OS X 10_13_6) AppleWebKit/537.36 (KHTML, like Gecko) Chrome/67.0.3396.99 Safari/537.36"
::1 - - [27/Jul/2018:07:57:09 +0000] "GET /s/company_detail?code=5 HTTP/1.1" 304 - "http://localhost:4200/service_add/5" "Mozilla/5.0 (Macintosh; Intel Mac OS X 10_13_6) AppleWebKit/537.36 (KHTML, like Gecko) Chrome/67.0.3396.99 Safari/537.36"
::1 - - [27/Jul/2018:07:57:29 +0000] "GET /s/company HTTP/1.1" 304 - "http://localhost:4200/company" "Mozilla/5.0 (Macintosh; Intel Mac OS X 10_13_6) AppleWebKit/537.36 (KHTML, like Gecko) Chrome/67.0.3396.99 Safari/537.36"
::1 - - [27/Jul/2018:07:57:42 +0000] "GET /s/company HTTP/1.1" 304 - "http://localhost:4200/company" "Mozilla/5.0 (Macintosh; Intel Mac OS X 10_13_6) AppleWebKit/537.36 (KHTML, like Gecko) Chrome/67.0.3396.99 Safari/537.36"
::1 - - [27/Jul/2018:07:57:45 +0000] "GET /s/company_detail?code=5 HTTP/1.1" 304 - "http://localhost:4200/company_detail/5" "Mozilla/5.0 (Macintosh; Intel Mac OS X 10_13_6) AppleWebKit/537.36 (KHTML, like Gecko) Chrome/67.0.3396.99 Safari/537.36"
::1 - - [27/Jul/2018:07:57:46 +0000] "GET /s/company_detail?code=5 HTTP/1.1" 304 - "http://localhost:4200/service_add/5" "Mozilla/5.0 (Macintosh; Intel Mac OS X 10_13_6) AppleWebKit/537.36 (KHTML, like Gecko) Chrome/67.0.3396.99 Safari/537.36"
::1 - - [27/Jul/2018:07:58:35 +0000] "GET /s/company_detail?code=5 HTTP/1.1" 304 - "http://localhost:4200/service_add/5" "Mozilla/5.0 (Macintosh; Intel Mac OS X 10_13_6) AppleWebKit/537.36 (KHTML, like Gecko) Chrome/67.0.3396.99 Safari/537.36"
::1 - - [27/Jul/2018:07:59:01 +0000] "GET /s/company_detail?code=5 HTTP/1.1" 304 - "http://localhost:4200/service_add/5" "Mozilla/5.0 (Macintosh; Intel Mac OS X 10_13_6) AppleWebKit/537.36 (KHTML, like Gecko) Chrome/67.0.3396.99 Safari/537.36"
::1 - - [27/Jul/2018:07:59:06 +0000] "GET /s/company_detail?code=5 HTTP/1.1" 304 - "http://localhost:4200/service_add/5" "Mozilla/5.0 (Macintosh; Intel Mac OS X 10_13_6) AppleWebKit/537.36 (KHTML, like Gecko) Chrome/67.0.3396.99 Safari/537.36"
::1 - - [27/Jul/2018:08:00:23 +0000] "GET /s/company_detail?code=5 HTTP/1.1" 304 - "http://localhost:4200/service_add/5" "Mozilla/5.0 (Macintosh; Intel Mac OS X 10_13_6) AppleWebKit/537.36 (KHTML, like Gecko) Chrome/67.0.3396.99 Safari/537.36"
::1 - - [27/Jul/2018:08:00:51 +0000] "GET /s/company_detail?code=5 HTTP/1.1" 304 - "http://localhost:4200/service_add/5" "Mozilla/5.0 (Macintosh; Intel Mac OS X 10_13_6) AppleWebKit/537.36 (KHTML, like Gecko) Chrome/67.0.3396.99 Safari/537.36"
::1 - - [27/Jul/2018:08:01:24 +0000] "GET /s/company_detail?code=5 HTTP/1.1" 304 - "http://localhost:4200/service_add/5" "Mozilla/5.0 (Macintosh; Intel Mac OS X 10_13_6) AppleWebKit/537.36 (KHTML, like Gecko) Chrome/67.0.3396.99 Safari/537.36"
::1 - - [27/Jul/2018:08:01:54 +0000] "GET /s/company_detail?code=5 HTTP/1.1" 304 - "http://localhost:4200/service_add/5" "Mozilla/5.0 (Macintosh; Intel Mac OS X 10_13_6) AppleWebKit/537.36 (KHTML, like Gecko) Chrome/67.0.3396.99 Safari/537.36"
::1 - - [27/Jul/2018:08:02:13 +0000] "GET /s/company_detail?code=5 HTTP/1.1" 304 - "http://localhost:4200/service_add/5" "Mozilla/5.0 (Macintosh; Intel Mac OS X 10_13_6) AppleWebKit/537.36 (KHTML, like Gecko) Chrome/67.0.3396.99 Safari/537.36"
::1 - - [27/Jul/2018:08:02:26 +0000] "GET /s/company_detail?code=5 HTTP/1.1" 304 - "http://localhost:4200/service_add/5" "Mozilla/5.0 (Macintosh; Intel Mac OS X 10_13_6) AppleWebKit/537.36 (KHTML, like Gecko) Chrome/67.0.3396.99 Safari/537.36"
::1 - - [27/Jul/2018:08:02:39 +0000] "GET /s/company_detail?code=5 HTTP/1.1" 304 - "http://localhost:4200/service_add/5" "Mozilla/5.0 (Macintosh; Intel Mac OS X 10_13_6) AppleWebKit/537.36 (KHTML, like Gecko) Chrome/67.0.3396.99 Safari/537.36"
::1 - - [27/Jul/2018:08:05:20 +0000] "GET /s/company_detail?code=5 HTTP/1.1" - - "http://localhost:4200/service_add/5" "Mozilla/5.0 (Macintosh; Intel Mac OS X 10_13_6) AppleWebKit/537.36 (KHTML, like Gecko) Chrome/67.0.3396.99 Safari/537.36"
::1 - - [27/Jul/2018:08:05:25 +0000] "GET /s/company_detail?code=5 HTTP/1.1" 200 316 "http://localhost:4200/service_add/5" "Mozilla/5.0 (Macintosh; Intel Mac OS X 10_13_6) AppleWebKit/537.36 (KHTML, like Gecko) Chrome/67.0.3396.99 Safari/537.36"
::1 - - [27/Jul/2018:08:05:43 +0000] "GET /s/company_detail?code=5 HTTP/1.1" 304 - "http://localhost:4200/service_add/5" "Mozilla/5.0 (Macintosh; Intel Mac OS X 10_13_6) AppleWebKit/537.36 (KHTML, like Gecko) Chrome/67.0.3396.99 Safari/537.36"
::1 - - [27/Jul/2018:08:09:45 +0000] "GET /s/company_detail?code=5 HTTP/1.1" 304 - "http://localhost:4200/service_add/5" "Mozilla/5.0 (Macintosh; Intel Mac OS X 10_13_6) AppleWebKit/537.36 (KHTML, like Gecko) Chrome/67.0.3396.99 Safari/537.36"
::1 - - [27/Jul/2018:08:10:03 +0000] "GET /s/company_detail?code=5 HTTP/1.1" 304 - "http://localhost:4200/service_add/5" "Mozilla/5.0 (Macintosh; Intel Mac OS X 10_13_6) AppleWebKit/537.36 (KHTML, like Gecko) Chrome/67.0.3396.99 Safari/537.36"
::1 - - [27/Jul/2018:08:13:13 +0000] "GET /s/company HTTP/1.1" 200 880 "http://localhost:4200/company" "Mozilla/5.0 (Macintosh; Intel Mac OS X 10_13_6) AppleWebKit/537.36 (KHTML, like Gecko) Chrome/67.0.3396.99 Safari/537.36"
::1 - - [27/Jul/2018:08:13:15 +0000] "GET /s/usage_history HTTP/1.1" 304 - "http://localhost:4200/usage_history" "Mozilla/5.0 (Macintosh; Intel Mac OS X 10_13_6) AppleWebKit/537.36 (KHTML, like Gecko) Chrome/67.0.3396.99 Safari/537.36"
::1 - - [27/Jul/2018:08:13:16 +0000] "GET /s/service HTTP/1.1" 200 945 "http://localhost:4200/service" "Mozilla/5.0 (Macintosh; Intel Mac OS X 10_13_6) AppleWebKit/537.36 (KHTML, like Gecko) Chrome/67.0.3396.99 Safari/537.36"
::1 - - [27/Jul/2018:08:13:16 +0000] "GET /s/company HTTP/1.1" 304 - "http://localhost:4200/company" "Mozilla/5.0 (Macintosh; Intel Mac OS X 10_13_6) AppleWebKit/537.36 (KHTML, like Gecko) Chrome/67.0.3396.99 Safari/537.36"
::1 - - [27/Jul/2018:08:27:39 +0000] "GET /s/service HTTP/1.1" 200 1444 "http://localhost:4200/service" "Mozilla/5.0 (Macintosh; Intel Mac OS X 10_13_6) AppleWebKit/537.36 (KHTML, like Gecko) Chrome/67.0.3396.99 Safari/537.36"
::1 - - [27/Jul/2018:08:27:42 +0000] "GET /s/usage_history HTTP/1.1" 304 - "http://localhost:4200/usage_history" "Mozilla/5.0 (Macintosh; Intel Mac OS X 10_13_6) AppleWebKit/537.36 (KHTML, like Gecko) Chrome/67.0.3396.99 Safari/537.36"
::1 - - [27/Jul/2018:08:27:44 +0000] "GET /s/company HTTP/1.1" 200 1393 "http://localhost:4200/company" "Mozilla/5.0 (Macintosh; Intel Mac OS X 10_13_6) AppleWebKit/537.36 (KHTML, like Gecko) Chrome/67.0.3396.99 Safari/537.36"
::1 - - [27/Jul/2018:08:27:53 +0000] "GET /s/company HTTP/1.1" 304 - "http://localhost:4200/company" "Mozilla/5.0 (Macintosh; Intel Mac OS X 10_13_6) AppleWebKit/537.36 (KHTML, like Gecko) Chrome/67.0.3396.99 Safari/537.36"
::1 - - [28/Jul/2018:08:16:18 +0000] "GET /s/company HTTP/1.1" 200 1645 "http://localhost:4200/company" "Mozilla/5.0 (Macintosh; Intel Mac OS X 10_13_6) AppleWebKit/537.36 (KHTML, like Gecko) Chrome/67.0.3396.99 Safari/537.36"
::1 - - [28/Jul/2018:08:16:35 +0000] "GET /s/service HTTP/1.1" 200 1690 "http://localhost:4200/service" "Mozilla/5.0 (Macintosh; Intel Mac OS X 10_13_6) AppleWebKit/537.36 (KHTML, like Gecko) Chrome/67.0.3396.99 Safari/537.36"
::1 - - [28/Jul/2018:08:16:41 +0000] "GET /s/usage_history HTTP/1.1" 304 - "http://localhost:4200/usage_history" "Mozilla/5.0 (Macintosh; Intel Mac OS X 10_13_6) AppleWebKit/537.36 (KHTML, like Gecko) Chrome/67.0.3396.99 Safari/537.36"
::1 - - [28/Jul/2018:08:16:43 +0000] "GET /s/service HTTP/1.1" 304 - "http://localhost:4200/service" "Mozilla/5.0 (Macintosh; Intel Mac OS X 10_13_6) AppleWebKit/537.36 (KHTML, like Gecko) Chrome/67.0.3396.99 Safari/537.36"
::1 - - [28/Jul/2018:08:16:47 +0000] "GET /s/company HTTP/1.1" 304 - "http://localhost:4200/company" "Mozilla/5.0 (Macintosh; Intel Mac OS X 10_13_6) AppleWebKit/537.36 (KHTML, like Gecko) Chrome/67.0.3396.99 Safari/537.36"
::1 - - [28/Jul/2018:08:18:56 +0000] "GET /s/company HTTP/1.1" 304 - "http://localhost:4200/company" "Mozilla/5.0 (Macintosh; Intel Mac OS X 10_13_6) AppleWebKit/537.36 (KHTML, like Gecko) Chrome/67.0.3396.99 Safari/537.36"
::1 - - [28/Jul/2018:08:25:02 +0000] "GET /s/service HTTP/1.1" 304 - "http://localhost:4200/service" "Mozilla/5.0 (Macintosh; Intel Mac OS X 10_13_6) AppleWebKit/537.36 (KHTML, like Gecko) Chrome/67.0.3396.99 Safari/537.36"
::1 - - [28/Jul/2018:08:25:03 +0000] "GET /s/usage_history HTTP/1.1" 304 - "http://localhost:4200/usage_history" "Mozilla/5.0 (Macintosh; Intel Mac OS X 10_13_6) AppleWebKit/537.36 (KHTML, like Gecko) Chrome/67.0.3396.99 Safari/537.36"
::1 - - [28/Jul/2018:08:25:04 +0000] "GET /s/company HTTP/1.1" 304 - "http://localhost:4200/company" "Mozilla/5.0 (Macintosh; Intel Mac OS X 10_13_6) AppleWebKit/537.36 (KHTML, like Gecko) Chrome/67.0.3396.99 Safari/537.36"
::1 - - [28/Jul/2018:08:25:18 +0000] "GET /s/company_detail?code=17 HTTP/1.1" 200 319 "http://localhost:4200/company_detail/17" "Mozilla/5.0 (Macintosh; Intel Mac OS X 10_13_6) AppleWebKit/537.36 (KHTML, like Gecko) Chrome/67.0.3396.99 Safari/537.36"
::1 - - [28/Jul/2018:08:25:21 +0000] "GET /s/company_detail?code=17 HTTP/1.1" 304 - "http://localhost:4200/service_add/17" "Mozilla/5.0 (Macintosh; Intel Mac OS X 10_13_6) AppleWebKit/537.36 (KHTML, like Gecko) Chrome/67.0.3396.99 Safari/537.36"
::1 - - [28/Jul/2018:08:25:26 +0000] "GET /s/company HTTP/1.1" 304 - "http://localhost:4200/company" "Mozilla/5.0 (Macintosh; Intel Mac OS X 10_13_6) AppleWebKit/537.36 (KHTML, like Gecko) Chrome/67.0.3396.99 Safari/537.36"
::1 - - [28/Jul/2018:08:25:27 +0000] "GET /s/usage_history HTTP/1.1" 304 - "http://localhost:4200/usage_history" "Mozilla/5.0 (Macintosh; Intel Mac OS X 10_13_6) AppleWebKit/537.36 (KHTML, like Gecko) Chrome/67.0.3396.99 Safari/537.36"
::1 - - [28/Jul/2018:08:25:28 +0000] "GET /s/service HTTP/1.1" 304 - "http://localhost:4200/service" "Mozilla/5.0 (Macintosh; Intel Mac OS X 10_13_6) AppleWebKit/537.36 (KHTML, like Gecko) Chrome/67.0.3396.99 Safari/537.36"
::1 - - [28/Jul/2018:08:25:33 +0000] "GET /s/company HTTP/1.1" 304 - "http://localhost:4200/company" "Mozilla/5.0 (Macintosh; Intel Mac OS X 10_13_6) AppleWebKit/537.36 (KHTML, like Gecko) Chrome/67.0.3396.99 Safari/537.36"
::1 - - [28/Jul/2018:08:30:24 +0000] "GET /s/company HTTP/1.1" 304 - "http://localhost:4200/company" "Mozilla/5.0 (Macintosh; Intel Mac OS X 10_13_6) AppleWebKit/537.36 (KHTML, like Gecko) Chrome/67.0.3396.99 Safari/537.36"
::1 - - [28/Jul/2018:08:31:46 +0000] "GET /s/company HTTP/1.1" 304 - "http://localhost:4200/company" "Mozilla/5.0 (Macintosh; Intel Mac OS X 10_13_6) AppleWebKit/537.36 (KHTML, like Gecko) Chrome/67.0.3396.99 Safari/537.36"
::1 - - [28/Jul/2018:08:33:26 +0000] "GET /s/service HTTP/1.1" 304 - "http://localhost:4200/service" "Mozilla/5.0 (Macintosh; Intel Mac OS X 10_13_6) AppleWebKit/537.36 (KHTML, like Gecko) Chrome/67.0.3396.99 Safari/537.36"
::1 - - [28/Jul/2018:08:35:02 +0000] "GET /s/service HTTP/1.1" 304 - "http://localhost:4200/service" "Mozilla/5.0 (Macintosh; Intel Mac OS X 10_13_6) AppleWebKit/537.36 (KHTML, like Gecko) Chrome/67.0.3396.99 Safari/537.36"
::1 - - [28/Jul/2018:08:35:15 +0000] "GET /s/service HTTP/1.1" 304 - "http://localhost:4200/service" "Mozilla/5.0 (Macintosh; Intel Mac OS X 10_13_6) AppleWebKit/537.36 (KHTML, like Gecko) Chrome/67.0.3396.99 Safari/537.36"
::1 - - [28/Jul/2018:08:35:30 +0000] "GET /s/service HTTP/1.1" 304 - "http://localhost:4200/service" "Mozilla/5.0 (Macintosh; Intel Mac OS X 10_13_6) AppleWebKit/537.36 (KHTML, like Gecko) Chrome/67.0.3396.99 Safari/537.36"
::1 - - [28/Jul/2018:08:35:55 +0000] "GET /s/service HTTP/1.1" 304 - "http://localhost:4200/service" "Mozilla/5.0 (Macintosh; Intel Mac OS X 10_13_6) AppleWebKit/537.36 (KHTML, like Gecko) Chrome/67.0.3396.99 Safari/537.36"
::1 - - [28/Jul/2018:08:36:05 +0000] "GET /s/company HTTP/1.1" 304 - "http://localhost:4200/company" "Mozilla/5.0 (Macintosh; Intel Mac OS X 10_13_6) AppleWebKit/537.36 (KHTML, like Gecko) Chrome/67.0.3396.99 Safari/537.36"
::1 - - [28/Jul/2018:08:36:07 +0000] "GET /s/company_detail?code=18 HTTP/1.1" 200 303 "http://localhost:4200/company_detail/18" "Mozilla/5.0 (Macintosh; Intel Mac OS X 10_13_6) AppleWebKit/537.36 (KHTML, like Gecko) Chrome/67.0.3396.99 Safari/537.36"
::1 - - [28/Jul/2018:08:36:13 +0000] "GET /s/company HTTP/1.1" 304 - "http://localhost:4200/company" "Mozilla/5.0 (Macintosh; Intel Mac OS X 10_13_6) AppleWebKit/537.36 (KHTML, like Gecko) Chrome/67.0.3396.99 Safari/537.36"
::1 - - [28/Jul/2018:08:41:34 +0000] "GET /s/service HTTP/1.1" 304 - "http://localhost:4200/service" "Mozilla/5.0 (Macintosh; Intel Mac OS X 10_13_6) AppleWebKit/537.36 (KHTML, like Gecko) Chrome/67.0.3396.99 Safari/537.36"
::1 - - [28/Jul/2018:08:41:58 +0000] "GET /s/service HTTP/1.1" 304 - "http://localhost:4200/service" "Mozilla/5.0 (Macintosh; Intel Mac OS X 10_13_6) AppleWebKit/537.36 (KHTML, like Gecko) Chrome/67.0.3396.99 Safari/537.36"
::1 - - [28/Jul/2018:08:42:09 +0000] "GET /s/company HTTP/1.1" 304 - "http://localhost:4200/company" "Mozilla/5.0 (Macintosh; Intel Mac OS X 10_13_6) AppleWebKit/537.36 (KHTML, like Gecko) Chrome/67.0.3396.99 Safari/537.36"
::1 - - [28/Jul/2018:08:42:11 +0000] "GET /s/service HTTP/1.1" 304 - "http://localhost:4200/service" "Mozilla/5.0 (Macintosh; Intel Mac OS X 10_13_6) AppleWebKit/537.36 (KHTML, like Gecko) Chrome/67.0.3396.99 Safari/537.36"
::1 - - [28/Jul/2018:08:42:12 +0000] "GET /s/company HTTP/1.1" 304 - "http://localhost:4200/company" "Mozilla/5.0 (Macintosh; Intel Mac OS X 10_13_6) AppleWebKit/537.36 (KHTML, like Gecko) Chrome/67.0.3396.99 Safari/537.36"
::1 - - [28/Jul/2018:08:42:15 +0000] "GET /s/company_detail?code=18 HTTP/1.1" 304 - "http://localhost:4200/company_detail/18" "Mozilla/5.0 (Macintosh; Intel Mac OS X 10_13_6) AppleWebKit/537.36 (KHTML, like Gecko) Chrome/67.0.3396.99 Safari/537.36"
::1 - - [28/Jul/2018:08:43:21 +0000] "GET /s/company HTTP/1.1" 304 - "http://localhost:4200/company" "Mozilla/5.0 (Macintosh; Intel Mac OS X 10_13_6) AppleWebKit/537.36 (KHTML, like Gecko) Chrome/67.0.3396.99 Safari/537.36"
::1 - - [28/Jul/2018:08:43:24 +0000] "GET /s/service HTTP/1.1" 304 - "http://localhost:4200/service" "Mozilla/5.0 (Macintosh; Intel Mac OS X 10_13_6) AppleWebKit/537.36 (KHTML, like Gecko) Chrome/67.0.3396.99 Safari/537.36"
::1 - - [28/Jul/2018:08:43:26 +0000] "GET /s/usage_history HTTP/1.1" 304 - "http://localhost:4200/usage_history" "Mozilla/5.0 (Macintosh; Intel Mac OS X 10_13_6) AppleWebKit/537.36 (KHTML, like Gecko) Chrome/67.0.3396.99 Safari/537.36"
::1 - - [28/Jul/2018:08:46:10 +0000] "GET /s/usage_history HTTP/1.1" 304 - "http://localhost:4200/usage_history" "Mozilla/5.0 (Macintosh; Intel Mac OS X 10_13_6) AppleWebKit/537.36 (KHTML, like Gecko) Chrome/67.0.3396.99 Safari/537.36"
::1 - - [28/Jul/2018:08:46:14 +0000] "GET /s/usage_history HTTP/1.1" 304 - "http://localhost:4200/usage_history" "Mozilla/5.0 (Macintosh; Intel Mac OS X 10_13_6) AppleWebKit/537.36 (KHTML, like Gecko) Chrome/67.0.3396.99 Safari/537.36"
::1 - - [28/Jul/2018:08:46:15 +0000] "GET /s/company HTTP/1.1" 304 - "http://localhost:4200/company" "Mozilla/5.0 (Macintosh; Intel Mac OS X 10_13_6) AppleWebKit/537.36 (KHTML, like Gecko) Chrome/67.0.3396.99 Safari/537.36"
::1 - - [28/Jul/2018:08:46:17 +0000] "GET /s/company_detail?code=18 HTTP/1.1" 304 - "http://localhost:4200/company_detail/18" "Mozilla/5.0 (Macintosh; Intel Mac OS X 10_13_6) AppleWebKit/537.36 (KHTML, like Gecko) Chrome/67.0.3396.99 Safari/537.36"
::1 - - [28/Jul/2018:08:49:27 +0000] "GET /s/company_detail?code=18 HTTP/1.1" 304 - "http://localhost:4200/company_detail/18" "Mozilla/5.0 (Macintosh; Intel Mac OS X 10_13_6) AppleWebKit/537.36 (KHTML, like Gecko) Chrome/67.0.3396.99 Safari/537.36"
::1 - - [28/Jul/2018:08:49:53 +0000] "GET /s/company_detail?code=18 HTTP/1.1" 304 - "http://localhost:4200/company_detail/18" "Mozilla/5.0 (Macintosh; Intel Mac OS X 10_13_6) AppleWebKit/537.36 (KHTML, like Gecko) Chrome/67.0.3396.99 Safari/537.36"
::1 - - [28/Jul/2018:08:50:03 +0000] "GET /s/company_detail?code=18 HTTP/1.1" 304 - "http://localhost:4200/company_detail/18" "Mozilla/5.0 (Macintosh; Intel Mac OS X 10_13_6) AppleWebKit/537.36 (KHTML, like Gecko) Chrome/67.0.3396.99 Safari/537.36"
::1 - - [28/Jul/2018:08:50:10 +0000] "GET /s/company HTTP/1.1" 304 - "http://localhost:4200/company" "Mozilla/5.0 (Macintosh; Intel Mac OS X 10_13_6) AppleWebKit/537.36 (KHTML, like Gecko) Chrome/67.0.3396.99 Safari/537.36"
::1 - - [28/Jul/2018:08:50:11 +0000] "GET /s/service HTTP/1.1" 304 - "http://localhost:4200/service" "Mozilla/5.0 (Macintosh; Intel Mac OS X 10_13_6) AppleWebKit/537.36 (KHTML, like Gecko) Chrome/67.0.3396.99 Safari/537.36"
::1 - - [28/Jul/2018:08:52:26 +0000] "GET /s/usage_history HTTP/1.1" 304 - "http://localhost:4200/usage_history" "Mozilla/5.0 (Macintosh; Intel Mac OS X 10_13_6) AppleWebKit/537.36 (KHTML, like Gecko) Chrome/67.0.3396.99 Safari/537.36"
::1 - - [28/Jul/2018:08:54:01 +0000] "GET /s/usage_history HTTP/1.1" 304 - "http://localhost:4200/usage_history" "Mozilla/5.0 (Macintosh; Intel Mac OS X 10_13_6) AppleWebKit/537.36 (KHTML, like Gecko) Chrome/67.0.3396.99 Safari/537.36"
::1 - - [28/Jul/2018:08:54:08 +0000] "GET /s/usage_history HTTP/1.1" 304 - "http://localhost:4200/usage_history" "Mozilla/5.0 (Macintosh; Intel Mac OS X 10_13_6) AppleWebKit/537.36 (KHTML, like Gecko) Chrome/67.0.3396.99 Safari/537.36"
::1 - - [28/Jul/2018:08:54:10 +0000] "GET /s/service HTTP/1.1" 304 - "http://localhost:4200/service" "Mozilla/5.0 (Macintosh; Intel Mac OS X 10_13_6) AppleWebKit/537.36 (KHTML, like Gecko) Chrome/67.0.3396.99 Safari/537.36"
::1 - - [28/Jul/2018:08:54:12 +0000] "GET /s/usage_history HTTP/1.1" 304 - "http://localhost:4200/usage_history" "Mozilla/5.0 (Macintosh; Intel Mac OS X 10_13_6) AppleWebKit/537.36 (KHTML, like Gecko) Chrome/67.0.3396.99 Safari/537.36"
::1 - - [28/Jul/2018:08:54:15 +0000] "GET /s/service HTTP/1.1" 304 - "http://localhost:4200/service" "Mozilla/5.0 (Macintosh; Intel Mac OS X 10_13_6) AppleWebKit/537.36 (KHTML, like Gecko) Chrome/67.0.3396.99 Safari/537.36"
::1 - - [28/Jul/2018:08:54:16 +0000] "GET /s/company HTTP/1.1" 304 - "http://localhost:4200/company" "Mozilla/5.0 (Macintosh; Intel Mac OS X 10_13_6) AppleWebKit/537.36 (KHTML, like Gecko) Chrome/67.0.3396.99 Safari/537.36"
::1 - - [28/Jul/2018:08:54:17 +0000] "GET /s/service HTTP/1.1" 304 - "http://localhost:4200/service" "Mozilla/5.0 (Macintosh; Intel Mac OS X 10_13_6) AppleWebKit/537.36 (KHTML, like Gecko) Chrome/67.0.3396.99 Safari/537.36"
::1 - - [28/Jul/2018:08:54:20 +0000] "GET /s/company HTTP/1.1" 304 - "http://localhost:4200/company" "Mozilla/5.0 (Macintosh; Intel Mac OS X 10_13_6) AppleWebKit/537.36 (KHTML, like Gecko) Chrome/67.0.3396.99 Safari/537.36"
::1 - - [28/Jul/2018:08:54:22 +0000] "GET /s/service HTTP/1.1" 304 - "http://localhost:4200/service" "Mozilla/5.0 (Macintosh; Intel Mac OS X 10_13_6) AppleWebKit/537.36 (KHTML, like Gecko) Chrome/67.0.3396.99 Safari/537.36"
::1 - - [28/Jul/2018:08:54:23 +0000] "GET /s/company HTTP/1.1" 304 - "http://localhost:4200/company" "Mozilla/5.0 (Macintosh; Intel Mac OS X 10_13_6) AppleWebKit/537.36 (KHTML, like Gecko) Chrome/67.0.3396.99 Safari/537.36"
::1 - - [28/Jul/2018:08:54:35 +0000] "GET /s/service HTTP/1.1" 304 - "http://localhost:4200/service" "Mozilla/5.0 (Macintosh; Intel Mac OS X 10_13_6) AppleWebKit/537.36 (KHTML, like Gecko) Chrome/67.0.3396.99 Safari/537.36"
::1 - - [28/Jul/2018:08:54:38 +0000] "GET /s/usage_history HTTP/1.1" 304 - "http://localhost:4200/usage_history" "Mozilla/5.0 (Macintosh; Intel Mac OS X 10_13_6) AppleWebKit/537.36 (KHTML, like Gecko) Chrome/67.0.3396.99 Safari/537.36"
::1 - - [28/Jul/2018:08:54:45 +0000] "GET /s/company HTTP/1.1" 304 - "http://localhost:4200/company" "Mozilla/5.0 (Macintosh; Intel Mac OS X 10_13_6) AppleWebKit/537.36 (KHTML, like Gecko) Chrome/67.0.3396.99 Safari/537.36"
::1 - - [28/Jul/2018:08:54:50 +0000] "GET /s/service HTTP/1.1" 304 - "http://localhost:4200/service" "Mozilla/5.0 (Macintosh; Intel Mac OS X 10_13_6) AppleWebKit/537.36 (KHTML, like Gecko) Chrome/67.0.3396.99 Safari/537.36"
