::1 - - [25/Jun/2018:06:18:50 +0000] "GET / HTTP/1.1" 304 - "-" "Mozilla/5.0 (Macintosh; Intel Mac OS X 10_13_5) AppleWebKit/537.36 (KHTML, like Gecko) Chrome/67.0.3396.87 Safari/537.36"
::1 - - [25/Jun/2018:06:18:55 +0000] "GET /users HTTP/1.1" 200 10 "-" "Mozilla/5.0 (Macintosh; Intel Mac OS X 10_13_5) AppleWebKit/537.36 (KHTML, like Gecko) Chrome/67.0.3396.87 Safari/537.36"
::1 - - [25/Jun/2018:08:50:21 +0000] "GET / HTTP/1.1" 304 - "-" "Mozilla/5.0 (Macintosh; Intel Mac OS X 10_13_5) AppleWebKit/537.36 (KHTML, like Gecko) Chrome/67.0.3396.87 Safari/537.36"
::1 - - [25/Jun/2018:08:50:23 +0000] "GET /users/test HTTP/1.1" 200 10 "-" "Mozilla/5.0 (Macintosh; Intel Mac OS X 10_13_5) AppleWebKit/537.36 (KHTML, like Gecko) Chrome/67.0.3396.87 Safari/537.36"
::1 - - [25/Jun/2018:08:50:34 +0000] "GET /test HTTP/1.1" 500 1127 "-" "Mozilla/5.0 (Macintosh; Intel Mac OS X 10_13_5) AppleWebKit/537.36 (KHTML, like Gecko) Chrome/67.0.3396.87 Safari/537.36"
::1 - - [25/Jun/2018:08:51:59 +0000] "GET /test HTTP/1.1" 200 10 "-" "Mozilla/5.0 (Macintosh; Intel Mac OS X 10_13_5) AppleWebKit/537.36 (KHTML, like Gecko) Chrome/67.0.3396.87 Safari/537.36"
::1 - - [26/Jun/2018:08:21:18 +0000] "GET /select?p=1 HTTP/1.1" 200 1811 "-" "Mozilla/5.0 (Macintosh; Intel Mac OS X 10_13_5) AppleWebKit/537.36 (KHTML, like Gecko) Chrome/67.0.3396.87 Safari/537.36"
::1 - - [26/Jun/2018:08:21:27 +0000] "GET /select?p=2 HTTP/1.1" 200 1790 "-" "Mozilla/5.0 (Macintosh; Intel Mac OS X 10_13_5) AppleWebKit/537.36 (KHTML, like Gecko) Chrome/67.0.3396.87 Safari/537.36"
::1 - - [26/Jun/2018:08:21:34 +0000] "GET /select?p=1 HTTP/1.1" 304 - "-" "Mozilla/5.0 (Macintosh; Intel Mac OS X 10_13_5) AppleWebKit/537.36 (KHTML, like Gecko) Chrome/67.0.3396.87 Safari/537.36"
::1 - - [26/Jun/2018:08:22:28 +0000] "GET /select?p=1 HTTP/1.1" 304 - "-" "Mozilla/5.0 (Macintosh; Intel Mac OS X 10_13_5) AppleWebKit/537.36 (KHTML, like Gecko) Chrome/67.0.3396.87 Safari/537.36"
::1 - - [26/Jun/2018:08:22:32 +0000] "GET /select?p=2 HTTP/1.1" 200 1811 "-" "Mozilla/5.0 (Macintosh; Intel Mac OS X 10_13_5) AppleWebKit/537.36 (KHTML, like Gecko) Chrome/67.0.3396.87 Safari/537.36"
::1 - - [26/Jun/2018:08:22:36 +0000] "GET /select?p=3 HTTP/1.1" 200 1757 "-" "Mozilla/5.0 (Macintosh; Intel Mac OS X 10_13_5) AppleWebKit/537.36 (KHTML, like Gecko) Chrome/67.0.3396.87 Safari/537.36"
::1 - - [26/Jun/2018:08:35:17 +0000] "GET /select/company?p=1 HTTP/1.1" 200 2 "-" "Mozilla/5.0 (Macintosh; Intel Mac OS X 10_13_5) AppleWebKit/537.36 (KHTML, like Gecko) Chrome/67.0.3396.87 Safari/537.36"
::1 - - [26/Jun/2018:08:41:32 +0000] "GET /select/company?p=1 HTTP/1.1" 200 1811 "-" "Mozilla/5.0 (Macintosh; Intel Mac OS X 10_13_5) AppleWebKit/537.36 (KHTML, like Gecko) Chrome/67.0.3396.87 Safari/537.36"
::1 - - [27/Jun/2018:02:54:52 +0000] "POST /insert/new_company HTTP/1.1" - - "-" "PostmanRuntime/7.1.5"
::1 - - [27/Jun/2018:02:57:14 +0000] "POST /insert/new_company HTTP/1.1" - - "-" "PostmanRuntime/7.1.5"
::1 - - [27/Jun/2018:02:59:04 +0000] "POST /insert/new_company HTTP/1.1" - - "-" "PostmanRuntime/7.1.5"
::1 - - [27/Jun/2018:02:59:41 +0000] "POST /insert/new_company HTTP/1.1" - - "-" "PostmanRuntime/7.1.5"
::1 - - [27/Jun/2018:03:03:48 +0000] "POST /insert/new_company HTTP/1.1" - - "-" "PostmanRuntime/7.1.5"
::1 - - [27/Jun/2018:03:04:45 +0000] "POST /insert/new_company HTTP/1.1" - - "-" "PostmanRuntime/7.1.5"
::1 - - [27/Jun/2018:03:07:00 +0000] "POST /insert/new_company HTTP/1.1" 200 45 "-" "PostmanRuntime/7.1.5"
::1 - - [27/Jun/2018:03:16:05 +0000] "POST /update/company_info HTTP/1.1" - - "-" "PostmanRuntime/7.1.5"
::1 - - [27/Jun/2018:03:16:40 +0000] "POST /update/company_info HTTP/1.1" - - "-" "PostmanRuntime/7.1.5"
::1 - - [27/Jun/2018:03:17:29 +0000] "POST /update/company_info HTTP/1.1" - - "-" "PostmanRuntime/7.1.5"
::1 - - [27/Jun/2018:03:17:48 +0000] "POST /update/company_info HTTP/1.1" 200 51 "-" "PostmanRuntime/7.1.5"
::1 - - [27/Jun/2018:03:18:46 +0000] "POST /select?code=1 HTTP/1.1" 404 1043 "-" "PostmanRuntime/7.1.5"
::1 - - [27/Jun/2018:03:19:05 +0000] "POST /select/company_detail?code=1 HTTP/1.1" 404 1043 "-" "PostmanRuntime/7.1.5"
::1 - - [27/Jun/2018:03:19:51 +0000] "GET /select/company_detail?code=1 HTTP/1.1" - - "-" "PostmanRuntime/7.1.5"
::1 - - [27/Jun/2018:03:20:42 +0000] "GET /select/company_detail?code=1 HTTP/1.1" - - "-" "PostmanRuntime/7.1.5"
::1 - - [27/Jun/2018:03:20:53 +0000] "GET /select/company_detail?code=1 HTTP/1.1" 200 211 "-" "PostmanRuntime/7.1.5"
::1 - - [27/Jun/2018:03:21:20 +0000] "GET /select/company_detail?code=1 HTTP/1.1" 200 209 "-" "PostmanRuntime/7.1.5"
::1 - - [12/Jul/2018:06:10:23 +0000] "GET /i/company HTTP/1.1" 404 1448 "-" "Mozilla/5.0 (Macintosh; Intel Mac OS X 10_13_5) AppleWebKit/537.36 (KHTML, like Gecko) Chrome/67.0.3396.99 Safari/537.36"
::1 - - [12/Jul/2018:06:10:47 +0000] "GET /s/company HTTP/1.1" 200 52 "-" "Mozilla/5.0 (Macintosh; Intel Mac OS X 10_13_5) AppleWebKit/537.36 (KHTML, like Gecko) Chrome/67.0.3396.99 Safari/537.36"
::1 - - [12/Jul/2018:06:12:59 +0000] "GET /s/company HTTP/1.1" 200 474 "-" "Mozilla/5.0 (Macintosh; Intel Mac OS X 10_13_5) AppleWebKit/537.36 (KHTML, like Gecko) Chrome/67.0.3396.99 Safari/537.36"
::1 - - [12/Jul/2018:06:17:56 +0000] "GET /s/company HTTP/1.1" 200 474 "http://localhost:4200/" "Mozilla/5.0 (Macintosh; Intel Mac OS X 10_13_5) AppleWebKit/537.36 (KHTML, like Gecko) Chrome/67.0.3396.99 Safari/537.36"
::1 - - [12/Jul/2018:06:17:58 +0000] "GET /s/company HTTP/1.1" 200 474 "http://localhost:4200/" "Mozilla/5.0 (Macintosh; Intel Mac OS X 10_13_5) AppleWebKit/537.36 (KHTML, like Gecko) Chrome/67.0.3396.99 Safari/537.36"
::1 - - [12/Jul/2018:06:25:24 +0000] "GET /s/company HTTP/1.1" 200 474 "http://localhost:4200/" "Mozilla/5.0 (Macintosh; Intel Mac OS X 10_13_5) AppleWebKit/537.36 (KHTML, like Gecko) Chrome/67.0.3396.99 Safari/537.36"
::1 - - [12/Jul/2018:06:27:47 +0000] "GET /s/company HTTP/1.1" 200 474 "http://localhost:4200/" "Mozilla/5.0 (Macintosh; Intel Mac OS X 10_13_5) AppleWebKit/537.36 (KHTML, like Gecko) Chrome/67.0.3396.99 Safari/537.36"
::1 - - [12/Jul/2018:06:27:49 +0000] "GET /s/company HTTP/1.1" 200 474 "http://localhost:4200/" "Mozilla/5.0 (Macintosh; Intel Mac OS X 10_13_5) AppleWebKit/537.36 (KHTML, like Gecko) Chrome/67.0.3396.99 Safari/537.36"
::1 - - [12/Jul/2018:06:27:54 +0000] "GET /s/company HTTP/1.1" 200 474 "http://localhost:4200/" "Mozilla/5.0 (Macintosh; Intel Mac OS X 10_13_5) AppleWebKit/537.36 (KHTML, like Gecko) Chrome/67.0.3396.99 Safari/537.36"
::1 - - [12/Jul/2018:06:28:02 +0000] "GET /s/company HTTP/1.1" 200 474 "http://localhost:4200/" "Mozilla/5.0 (Macintosh; Intel Mac OS X 10_13_5) AppleWebKit/537.36 (KHTML, like Gecko) Chrome/67.0.3396.99 Safari/537.36"
::1 - - [12/Jul/2018:06:28:02 +0000] "GET /s/company HTTP/1.1" 304 - "http://localhost:4200/" "Mozilla/5.0 (Macintosh; Intel Mac OS X 10_13_5) AppleWebKit/537.36 (KHTML, like Gecko) Chrome/67.0.3396.99 Safari/537.36"
::1 - - [12/Jul/2018:06:28:11 +0000] "GET /s/company HTTP/1.1" 200 474 "http://localhost:4200/" "Mozilla/5.0 (Macintosh; Intel Mac OS X 10_13_5) AppleWebKit/537.36 (KHTML, like Gecko) Chrome/67.0.3396.99 Safari/537.36"
::1 - - [12/Jul/2018:06:28:11 +0000] "GET /s/company HTTP/1.1" 304 - "http://localhost:4200/" "Mozilla/5.0 (Macintosh; Intel Mac OS X 10_13_5) AppleWebKit/537.36 (KHTML, like Gecko) Chrome/67.0.3396.99 Safari/537.36"
::1 - - [12/Jul/2018:06:28:20 +0000] "GET /s/company HTTP/1.1" 200 474 "http://localhost:4200/" "Mozilla/5.0 (Macintosh; Intel Mac OS X 10_13_5) AppleWebKit/537.36 (KHTML, like Gecko) Chrome/67.0.3396.99 Safari/537.36"
::1 - - [12/Jul/2018:06:28:20 +0000] "GET /s/company HTTP/1.1" 304 - "http://localhost:4200/" "Mozilla/5.0 (Macintosh; Intel Mac OS X 10_13_5) AppleWebKit/537.36 (KHTML, like Gecko) Chrome/67.0.3396.99 Safari/537.36"
::1 - - [12/Jul/2018:06:28:50 +0000] "GET /s/company HTTP/1.1" 200 474 "http://localhost:4200/" "Mozilla/5.0 (Macintosh; Intel Mac OS X 10_13_5) AppleWebKit/537.36 (KHTML, like Gecko) Chrome/67.0.3396.99 Safari/537.36"
::1 - - [12/Jul/2018:06:28:50 +0000] "GET /s/company HTTP/1.1" 304 - "http://localhost:4200/" "Mozilla/5.0 (Macintosh; Intel Mac OS X 10_13_5) AppleWebKit/537.36 (KHTML, like Gecko) Chrome/67.0.3396.99 Safari/537.36"
::1 - - [12/Jul/2018:06:28:58 +0000] "GET /s/company HTTP/1.1" 200 474 "http://localhost:4200/" "Mozilla/5.0 (Macintosh; Intel Mac OS X 10_13_5) AppleWebKit/537.36 (KHTML, like Gecko) Chrome/67.0.3396.99 Safari/537.36"
::1 - - [12/Jul/2018:06:28:58 +0000] "GET /s/company HTTP/1.1" 304 - "http://localhost:4200/" "Mozilla/5.0 (Macintosh; Intel Mac OS X 10_13_5) AppleWebKit/537.36 (KHTML, like Gecko) Chrome/67.0.3396.99 Safari/537.36"
::1 - - [12/Jul/2018:06:29:00 +0000] "GET /s/company HTTP/1.1" 200 474 "http://localhost:4200/" "Mozilla/5.0 (Macintosh; Intel Mac OS X 10_13_5) AppleWebKit/537.36 (KHTML, like Gecko) Chrome/67.0.3396.99 Safari/537.36"
::1 - - [12/Jul/2018:06:29:00 +0000] "GET /s/company HTTP/1.1" 304 - "http://localhost:4200/" "Mozilla/5.0 (Macintosh; Intel Mac OS X 10_13_5) AppleWebKit/537.36 (KHTML, like Gecko) Chrome/67.0.3396.99 Safari/537.36"
::1 - - [12/Jul/2018:06:29:32 +0000] "GET /s/company HTTP/1.1" 200 474 "http://localhost:4200/" "Mozilla/5.0 (Macintosh; Intel Mac OS X 10_13_5) AppleWebKit/537.36 (KHTML, like Gecko) Chrome/67.0.3396.99 Safari/537.36"
::1 - - [12/Jul/2018:06:29:35 +0000] "GET /s/company HTTP/1.1" 200 474 "http://localhost:4200/" "Mozilla/5.0 (Macintosh; Intel Mac OS X 10_13_5) AppleWebKit/537.36 (KHTML, like Gecko) Chrome/67.0.3396.99 Safari/537.36"
::1 - - [12/Jul/2018:06:29:35 +0000] "GET /s/company HTTP/1.1" 304 - "http://localhost:4200/" "Mozilla/5.0 (Macintosh; Intel Mac OS X 10_13_5) AppleWebKit/537.36 (KHTML, like Gecko) Chrome/67.0.3396.99 Safari/537.36"
::1 - - [12/Jul/2018:06:29:40 +0000] "GET /s/company HTTP/1.1" 200 474 "http://localhost:4200/" "Mozilla/5.0 (Macintosh; Intel Mac OS X 10_13_5) AppleWebKit/537.36 (KHTML, like Gecko) Chrome/67.0.3396.99 Safari/537.36"
::1 - - [12/Jul/2018:06:29:40 +0000] "GET /s/company HTTP/1.1" 304 - "http://localhost:4200/" "Mozilla/5.0 (Macintosh; Intel Mac OS X 10_13_5) AppleWebKit/537.36 (KHTML, like Gecko) Chrome/67.0.3396.99 Safari/537.36"
::1 - - [12/Jul/2018:06:30:05 +0000] "GET /s/company HTTP/1.1" 200 474 "http://localhost:4200/" "Mozilla/5.0 (Macintosh; Intel Mac OS X 10_13_5) AppleWebKit/537.36 (KHTML, like Gecko) Chrome/67.0.3396.99 Safari/537.36"
::1 - - [12/Jul/2018:06:30:11 +0000] "GET /s/company HTTP/1.1" 200 474 "http://localhost:4200/" "Mozilla/5.0 (Macintosh; Intel Mac OS X 10_13_5) AppleWebKit/537.36 (KHTML, like Gecko) Chrome/67.0.3396.99 Safari/537.36"
::1 - - [12/Jul/2018:06:30:13 +0000] "GET /s/company HTTP/1.1" 200 474 "http://localhost:4200/" "Mozilla/5.0 (Macintosh; Intel Mac OS X 10_13_5) AppleWebKit/537.36 (KHTML, like Gecko) Chrome/67.0.3396.99 Safari/537.36"
::1 - - [12/Jul/2018:06:30:15 +0000] "GET /s/company HTTP/1.1" 200 474 "http://localhost:4200/" "Mozilla/5.0 (Macintosh; Intel Mac OS X 10_13_5) AppleWebKit/537.36 (KHTML, like Gecko) Chrome/67.0.3396.99 Safari/537.36"
::1 - - [12/Jul/2018:06:30:19 +0000] "GET /s/company HTTP/1.1" 200 474 "http://localhost:4200/" "Mozilla/5.0 (Macintosh; Intel Mac OS X 10_13_5) AppleWebKit/537.36 (KHTML, like Gecko) Chrome/67.0.3396.99 Safari/537.36"
::1 - - [12/Jul/2018:06:30:21 +0000] "GET /s/company HTTP/1.1" 200 474 "http://localhost:4200/" "Mozilla/5.0 (Macintosh; Intel Mac OS X 10_13_5) AppleWebKit/537.36 (KHTML, like Gecko) Chrome/67.0.3396.99 Safari/537.36"
::1 - - [12/Jul/2018:06:30:24 +0000] "GET /s/company HTTP/1.1" 200 474 "http://localhost:4200/" "Mozilla/5.0 (Macintosh; Intel Mac OS X 10_13_5) AppleWebKit/537.36 (KHTML, like Gecko) Chrome/67.0.3396.99 Safari/537.36"
::1 - - [12/Jul/2018:06:30:24 +0000] "GET /s/company HTTP/1.1" 304 - "http://localhost:4200/" "Mozilla/5.0 (Macintosh; Intel Mac OS X 10_13_5) AppleWebKit/537.36 (KHTML, like Gecko) Chrome/67.0.3396.99 Safari/537.36"
::1 - - [12/Jul/2018:06:30:37 +0000] "GET /s/company HTTP/1.1" 200 474 "http://localhost:4200/" "Mozilla/5.0 (Macintosh; Intel Mac OS X 10_13_5) AppleWebKit/537.36 (KHTML, like Gecko) Chrome/67.0.3396.99 Safari/537.36"
::1 - - [12/Jul/2018:06:30:37 +0000] "GET /s/company HTTP/1.1" 304 - "http://localhost:4200/" "Mozilla/5.0 (Macintosh; Intel Mac OS X 10_13_5) AppleWebKit/537.36 (KHTML, like Gecko) Chrome/67.0.3396.99 Safari/537.36"
::1 - - [12/Jul/2018:06:30:45 +0000] "GET /s/company HTTP/1.1" 200 474 "http://localhost:4200/" "Mozilla/5.0 (Macintosh; Intel Mac OS X 10_13_5) AppleWebKit/537.36 (KHTML, like Gecko) Chrome/67.0.3396.99 Safari/537.36"
::1 - - [12/Jul/2018:06:30:45 +0000] "GET /s/company HTTP/1.1" 304 - "http://localhost:4200/" "Mozilla/5.0 (Macintosh; Intel Mac OS X 10_13_5) AppleWebKit/537.36 (KHTML, like Gecko) Chrome/67.0.3396.99 Safari/537.36"
::1 - - [12/Jul/2018:06:31:18 +0000] "GET /s/company HTTP/1.1" 200 474 "http://localhost:4200/" "Mozilla/5.0 (Macintosh; Intel Mac OS X 10_13_5) AppleWebKit/537.36 (KHTML, like Gecko) Chrome/67.0.3396.99 Safari/537.36"
::1 - - [12/Jul/2018:06:31:18 +0000] "GET /s/company HTTP/1.1" 304 - "http://localhost:4200/" "Mozilla/5.0 (Macintosh; Intel Mac OS X 10_13_5) AppleWebKit/537.36 (KHTML, like Gecko) Chrome/67.0.3396.99 Safari/537.36"
::1 - - [12/Jul/2018:06:31:23 +0000] "GET /s/company HTTP/1.1" 200 474 "http://localhost:4200/" "Mozilla/5.0 (Macintosh; Intel Mac OS X 10_13_5) AppleWebKit/537.36 (KHTML, like Gecko) Chrome/67.0.3396.99 Safari/537.36"
::1 - - [12/Jul/2018:06:31:23 +0000] "GET /s/company HTTP/1.1" 304 - "http://localhost:4200/" "Mozilla/5.0 (Macintosh; Intel Mac OS X 10_13_5) AppleWebKit/537.36 (KHTML, like Gecko) Chrome/67.0.3396.99 Safari/537.36"
::1 - - [12/Jul/2018:06:31:50 +0000] "GET /s/company HTTP/1.1" 200 474 "http://localhost:4200/" "Mozilla/5.0 (Macintosh; Intel Mac OS X 10_13_5) AppleWebKit/537.36 (KHTML, like Gecko) Chrome/67.0.3396.99 Safari/537.36"
::1 - - [12/Jul/2018:06:31:50 +0000] "GET /s/company HTTP/1.1" 304 - "http://localhost:4200/" "Mozilla/5.0 (Macintosh; Intel Mac OS X 10_13_5) AppleWebKit/537.36 (KHTML, like Gecko) Chrome/67.0.3396.99 Safari/537.36"
::1 - - [12/Jul/2018:06:31:56 +0000] "GET /s/company HTTP/1.1" 200 474 "http://localhost:4200/" "Mozilla/5.0 (Macintosh; Intel Mac OS X 10_13_5) AppleWebKit/537.36 (KHTML, like Gecko) Chrome/67.0.3396.99 Safari/537.36"
::1 - - [12/Jul/2018:06:31:56 +0000] "GET /s/company HTTP/1.1" 304 - "http://localhost:4200/" "Mozilla/5.0 (Macintosh; Intel Mac OS X 10_13_5) AppleWebKit/537.36 (KHTML, like Gecko) Chrome/67.0.3396.99 Safari/537.36"
::1 - - [12/Jul/2018:06:32:09 +0000] "GET /s/company HTTP/1.1" 200 474 "http://localhost:4200/" "Mozilla/5.0 (Macintosh; Intel Mac OS X 10_13_5) AppleWebKit/537.36 (KHTML, like Gecko) Chrome/67.0.3396.99 Safari/537.36"
::1 - - [12/Jul/2018:06:32:09 +0000] "GET /s/company HTTP/1.1" 304 - "http://localhost:4200/" "Mozilla/5.0 (Macintosh; Intel Mac OS X 10_13_5) AppleWebKit/537.36 (KHTML, like Gecko) Chrome/67.0.3396.99 Safari/537.36"
::1 - - [12/Jul/2018:06:32:12 +0000] "GET /s/company HTTP/1.1" 200 474 "http://localhost:4200/" "Mozilla/5.0 (Macintosh; Intel Mac OS X 10_13_5) AppleWebKit/537.36 (KHTML, like Gecko) Chrome/67.0.3396.99 Safari/537.36"
::1 - - [12/Jul/2018:06:33:36 +0000] "GET /s/company HTTP/1.1" 200 474 "http://localhost:4200/" "Mozilla/5.0 (Macintosh; Intel Mac OS X 10_13_5) AppleWebKit/537.36 (KHTML, like Gecko) Chrome/67.0.3396.99 Safari/537.36"
::1 - - [12/Jul/2018:06:34:14 +0000] "GET /s/company HTTP/1.1" 200 474 "http://localhost:4200/" "Mozilla/5.0 (Macintosh; Intel Mac OS X 10_13_5) AppleWebKit/537.36 (KHTML, like Gecko) Chrome/67.0.3396.99 Safari/537.36"
::1 - - [12/Jul/2018:06:34:48 +0000] "GET /s/company HTTP/1.1" 200 474 "http://localhost:4200/" "Mozilla/5.0 (Macintosh; Intel Mac OS X 10_13_5) AppleWebKit/537.36 (KHTML, like Gecko) Chrome/67.0.3396.99 Safari/537.36"
::1 - - [12/Jul/2018:06:35:24 +0000] "GET /s/company HTTP/1.1" 200 474 "http://localhost:4200/" "Mozilla/5.0 (Macintosh; Intel Mac OS X 10_13_5) AppleWebKit/537.36 (KHTML, like Gecko) Chrome/67.0.3396.99 Safari/537.36"
::1 - - [12/Jul/2018:06:36:17 +0000] "GET /s/company HTTP/1.1" 200 474 "http://localhost:4200/" "Mozilla/5.0 (Macintosh; Intel Mac OS X 10_13_5) AppleWebKit/537.36 (KHTML, like Gecko) Chrome/67.0.3396.99 Safari/537.36"
::1 - - [12/Jul/2018:06:36:47 +0000] "GET /s/company HTTP/1.1" 200 474 "http://localhost:4200/" "Mozilla/5.0 (Macintosh; Intel Mac OS X 10_13_5) AppleWebKit/537.36 (KHTML, like Gecko) Chrome/67.0.3396.99 Safari/537.36"
::1 - - [12/Jul/2018:06:36:51 +0000] "GET /s/company HTTP/1.1" 200 474 "http://localhost:4200/" "Mozilla/5.0 (Macintosh; Intel Mac OS X 10_13_5) AppleWebKit/537.36 (KHTML, like Gecko) Chrome/67.0.3396.99 Safari/537.36"
::1 - - [12/Jul/2018:06:36:51 +0000] "GET /s/company HTTP/1.1" 304 - "http://localhost:4200/" "Mozilla/5.0 (Macintosh; Intel Mac OS X 10_13_5) AppleWebKit/537.36 (KHTML, like Gecko) Chrome/67.0.3396.99 Safari/537.36"
::1 - - [12/Jul/2018:06:37:06 +0000] "GET /s/company HTTP/1.1" 200 474 "http://localhost:4200/" "Mozilla/5.0 (Macintosh; Intel Mac OS X 10_13_5) AppleWebKit/537.36 (KHTML, like Gecko) Chrome/67.0.3396.99 Safari/537.36"
::1 - - [12/Jul/2018:06:37:06 +0000] "GET /s/company HTTP/1.1" 304 - "http://localhost:4200/" "Mozilla/5.0 (Macintosh; Intel Mac OS X 10_13_5) AppleWebKit/537.36 (KHTML, like Gecko) Chrome/67.0.3396.99 Safari/537.36"
::1 - - [12/Jul/2018:06:37:19 +0000] "GET /s/company HTTP/1.1" 200 474 "http://localhost:4200/" "Mozilla/5.0 (Macintosh; Intel Mac OS X 10_13_5) AppleWebKit/537.36 (KHTML, like Gecko) Chrome/67.0.3396.99 Safari/537.36"
::1 - - [12/Jul/2018:06:40:37 +0000] "GET /s/company HTTP/1.1" 200 474 "http://localhost:4200/" "Mozilla/5.0 (Macintosh; Intel Mac OS X 10_13_5) AppleWebKit/537.36 (KHTML, like Gecko) Chrome/67.0.3396.99 Safari/537.36"
::1 - - [12/Jul/2018:06:40:58 +0000] "GET /s/company HTTP/1.1" 200 474 "http://localhost:4200/" "Mozilla/5.0 (Macintosh; Intel Mac OS X 10_13_5) AppleWebKit/537.36 (KHTML, like Gecko) Chrome/67.0.3396.99 Safari/537.36"
::1 - - [12/Jul/2018:06:41:08 +0000] "GET /s/company HTTP/1.1" 200 474 "http://localhost:4200/" "Mozilla/5.0 (Macintosh; Intel Mac OS X 10_13_5) AppleWebKit/537.36 (KHTML, like Gecko) Chrome/67.0.3396.99 Safari/537.36"
::1 - - [12/Jul/2018:06:51:58 +0000] "GET /s/company HTTP/1.1" 200 474 "http://localhost:4200/" "Mozilla/5.0 (Macintosh; Intel Mac OS X 10_13_5) AppleWebKit/537.36 (KHTML, like Gecko) Chrome/67.0.3396.99 Safari/537.36"
::1 - - [12/Jul/2018:06:52:00 +0000] "GET /s/company HTTP/1.1" 200 474 "http://localhost:4200/" "Mozilla/5.0 (Macintosh; Intel Mac OS X 10_13_5) AppleWebKit/537.36 (KHTML, like Gecko) Chrome/67.0.3396.99 Safari/537.36"
::1 - - [12/Jul/2018:06:52:03 +0000] "GET /s/company HTTP/1.1" 200 474 "http://localhost:4200/" "Mozilla/5.0 (Macintosh; Intel Mac OS X 10_13_5) AppleWebKit/537.36 (KHTML, like Gecko) Chrome/67.0.3396.99 Safari/537.36"
::1 - - [12/Jul/2018:06:52:22 +0000] "GET /s/company HTTP/1.1" 200 474 "http://localhost:4200/" "Mozilla/5.0 (Macintosh; Intel Mac OS X 10_13_5) AppleWebKit/537.36 (KHTML, like Gecko) Chrome/67.0.3396.99 Safari/537.36"
::1 - - [12/Jul/2018:06:54:54 +0000] "GET /s/company HTTP/1.1" 200 474 "http://localhost:4200/" "Mozilla/5.0 (Macintosh; Intel Mac OS X 10_13_5) AppleWebKit/537.36 (KHTML, like Gecko) Chrome/67.0.3396.99 Safari/537.36"
::1 - - [12/Jul/2018:06:55:26 +0000] "GET /s/company HTTP/1.1" 200 474 "http://localhost:4200/" "Mozilla/5.0 (Macintosh; Intel Mac OS X 10_13_5) AppleWebKit/537.36 (KHTML, like Gecko) Chrome/67.0.3396.99 Safari/537.36"
::1 - - [12/Jul/2018:06:55:48 +0000] "GET /s/company HTTP/1.1" 200 474 "http://localhost:4200/" "Mozilla/5.0 (Macintosh; Intel Mac OS X 10_13_5) AppleWebKit/537.36 (KHTML, like Gecko) Chrome/67.0.3396.99 Safari/537.36"
::1 - - [12/Jul/2018:06:56:32 +0000] "GET /s/company HTTP/1.1" 200 474 "http://localhost:4200/" "Mozilla/5.0 (Macintosh; Intel Mac OS X 10_13_5) AppleWebKit/537.36 (KHTML, like Gecko) Chrome/67.0.3396.99 Safari/537.36"
::1 - - [12/Jul/2018:06:56:44 +0000] "GET /s/company HTTP/1.1" 200 474 "http://localhost:4200/" "Mozilla/5.0 (Macintosh; Intel Mac OS X 10_13_5) AppleWebKit/537.36 (KHTML, like Gecko) Chrome/67.0.3396.99 Safari/537.36"
::1 - - [12/Jul/2018:06:59:52 +0000] "GET /s/company HTTP/1.1" 200 474 "http://localhost:4200/" "Mozilla/5.0 (Macintosh; Intel Mac OS X 10_13_5) AppleWebKit/537.36 (KHTML, like Gecko) Chrome/67.0.3396.99 Safari/537.36"
::1 - - [12/Jul/2018:07:04:15 +0000] "GET /s/company HTTP/1.1" 200 474 "http://localhost:4200/" "Mozilla/5.0 (Macintosh; Intel Mac OS X 10_13_5) AppleWebKit/537.36 (KHTML, like Gecko) Chrome/67.0.3396.99 Safari/537.36"
::1 - - [12/Jul/2018:07:04:20 +0000] "GET /s/company HTTP/1.1" 200 474 "http://localhost:4200/" "Mozilla/5.0 (Macintosh; Intel Mac OS X 10_13_5) AppleWebKit/537.36 (KHTML, like Gecko) Chrome/67.0.3396.99 Safari/537.36"
::1 - - [12/Jul/2018:07:04:26 +0000] "GET /s/company HTTP/1.1" 200 474 "http://localhost:4200/" "Mozilla/5.0 (Macintosh; Intel Mac OS X 10_13_5) AppleWebKit/537.36 (KHTML, like Gecko) Chrome/67.0.3396.99 Safari/537.36"
::1 - - [12/Jul/2018:07:04:29 +0000] "GET /s/company HTTP/1.1" 200 474 "http://localhost:4200/" "Mozilla/5.0 (Macintosh; Intel Mac OS X 10_13_5) AppleWebKit/537.36 (KHTML, like Gecko) Chrome/67.0.3396.99 Safari/537.36"
::1 - - [12/Jul/2018:07:04:33 +0000] "GET /s/company HTTP/1.1" 200 474 "http://localhost:4200/" "Mozilla/5.0 (Macintosh; Intel Mac OS X 10_13_5) AppleWebKit/537.36 (KHTML, like Gecko) Chrome/67.0.3396.99 Safari/537.36"
::1 - - [12/Jul/2018:07:04:37 +0000] "GET /s/company HTTP/1.1" 200 474 "http://localhost:4200/" "Mozilla/5.0 (Macintosh; Intel Mac OS X 10_13_5) AppleWebKit/537.36 (KHTML, like Gecko) Chrome/67.0.3396.99 Safari/537.36"
::1 - - [12/Jul/2018:07:05:09 +0000] "GET /s/company HTTP/1.1" 200 474 "http://localhost:4200/" "Mozilla/5.0 (Macintosh; Intel Mac OS X 10_13_5) AppleWebKit/537.36 (KHTML, like Gecko) Chrome/67.0.3396.99 Safari/537.36"
::1 - - [12/Jul/2018:07:05:50 +0000] "GET /s/company HTTP/1.1" 200 474 "http://localhost:4200/" "Mozilla/5.0 (Macintosh; Intel Mac OS X 10_13_5) AppleWebKit/537.36 (KHTML, like Gecko) Chrome/67.0.3396.99 Safari/537.36"
::1 - - [12/Jul/2018:07:08:08 +0000] "GET /s/company HTTP/1.1" 200 474 "http://localhost:4200/" "Mozilla/5.0 (Macintosh; Intel Mac OS X 10_13_5) AppleWebKit/537.36 (KHTML, like Gecko) Chrome/67.0.3396.99 Safari/537.36"
::1 - - [12/Jul/2018:07:08:17 +0000] "GET /s/company HTTP/1.1" 200 474 "http://localhost:4200/" "Mozilla/5.0 (Macintosh; Intel Mac OS X 10_13_5) AppleWebKit/537.36 (KHTML, like Gecko) Chrome/67.0.3396.99 Safari/537.36"
::1 - - [12/Jul/2018:07:08:17 +0000] "GET /s/company HTTP/1.1" 304 - "http://localhost:4200/" "Mozilla/5.0 (Macintosh; Intel Mac OS X 10_13_5) AppleWebKit/537.36 (KHTML, like Gecko) Chrome/67.0.3396.99 Safari/537.36"
::1 - - [12/Jul/2018:07:08:23 +0000] "GET /s/company HTTP/1.1" 200 474 "http://localhost:4200/" "Mozilla/5.0 (Macintosh; Intel Mac OS X 10_13_5) AppleWebKit/537.36 (KHTML, like Gecko) Chrome/67.0.3396.99 Safari/537.36"
::1 - - [12/Jul/2018:07:08:23 +0000] "GET /s/company HTTP/1.1" 304 - "http://localhost:4200/" "Mozilla/5.0 (Macintosh; Intel Mac OS X 10_13_5) AppleWebKit/537.36 (KHTML, like Gecko) Chrome/67.0.3396.99 Safari/537.36"
::1 - - [12/Jul/2018:07:10:08 +0000] "GET /s/company HTTP/1.1" 200 474 "http://localhost:4200/" "Mozilla/5.0 (Macintosh; Intel Mac OS X 10_13_5) AppleWebKit/537.36 (KHTML, like Gecko) Chrome/67.0.3396.99 Safari/537.36"
::1 - - [12/Jul/2018:07:10:15 +0000] "GET /s/company HTTP/1.1" 200 474 "http://localhost:4200/" "Mozilla/5.0 (Macintosh; Intel Mac OS X 10_13_5) AppleWebKit/537.36 (KHTML, like Gecko) Chrome/67.0.3396.99 Safari/537.36"
::1 - - [12/Jul/2018:07:10:20 +0000] "GET /s/company HTTP/1.1" 200 474 "http://localhost:4200/" "Mozilla/5.0 (Macintosh; Intel Mac OS X 10_13_5) AppleWebKit/537.36 (KHTML, like Gecko) Chrome/67.0.3396.99 Safari/537.36"
::1 - - [12/Jul/2018:07:10:26 +0000] "GET /s/company HTTP/1.1" 200 474 "http://localhost:4200/" "Mozilla/5.0 (Macintosh; Intel Mac OS X 10_13_5) AppleWebKit/537.36 (KHTML, like Gecko) Chrome/67.0.3396.99 Safari/537.36"
::1 - - [12/Jul/2018:07:10:29 +0000] "GET /s/company HTTP/1.1" 200 474 "http://localhost:4200/" "Mozilla/5.0 (Macintosh; Intel Mac OS X 10_13_5) AppleWebKit/537.36 (KHTML, like Gecko) Chrome/67.0.3396.99 Safari/537.36"
::1 - - [12/Jul/2018:07:10:31 +0000] "GET /s/company HTTP/1.1" 200 474 "http://localhost:4200/" "Mozilla/5.0 (Macintosh; Intel Mac OS X 10_13_5) AppleWebKit/537.36 (KHTML, like Gecko) Chrome/67.0.3396.99 Safari/537.36"
::1 - - [12/Jul/2018:07:10:40 +0000] "GET /s/company HTTP/1.1" 200 474 "http://localhost:4200/" "Mozilla/5.0 (Macintosh; Intel Mac OS X 10_13_5) AppleWebKit/537.36 (KHTML, like Gecko) Chrome/67.0.3396.99 Safari/537.36"
::1 - - [12/Jul/2018:07:10:41 +0000] "GET /s/company HTTP/1.1" 200 474 "http://localhost:4200/" "Mozilla/5.0 (Macintosh; Intel Mac OS X 10_13_5) AppleWebKit/537.36 (KHTML, like Gecko) Chrome/67.0.3396.99 Safari/537.36"
::1 - - [12/Jul/2018:07:11:16 +0000] "GET /s/company HTTP/1.1" 200 474 "http://localhost:4200/" "Mozilla/5.0 (Macintosh; Intel Mac OS X 10_13_5) AppleWebKit/537.36 (KHTML, like Gecko) Chrome/67.0.3396.99 Safari/537.36"
::1 - - [12/Jul/2018:07:11:30 +0000] "GET /s/company HTTP/1.1" 200 474 "http://localhost:4200/" "Mozilla/5.0 (Macintosh; Intel Mac OS X 10_13_5) AppleWebKit/537.36 (KHTML, like Gecko) Chrome/67.0.3396.99 Safari/537.36"
::1 - - [12/Jul/2018:07:11:51 +0000] "GET /s/company HTTP/1.1" 200 474 "http://localhost:4200/" "Mozilla/5.0 (Macintosh; Intel Mac OS X 10_13_5) AppleWebKit/537.36 (KHTML, like Gecko) Chrome/67.0.3396.99 Safari/537.36"
::1 - - [12/Jul/2018:07:12:20 +0000] "GET /s/company HTTP/1.1" 200 474 "http://localhost:4200/" "Mozilla/5.0 (Macintosh; Intel Mac OS X 10_13_5) AppleWebKit/537.36 (KHTML, like Gecko) Chrome/67.0.3396.99 Safari/537.36"
::1 - - [12/Jul/2018:07:13:15 +0000] "GET /s/company HTTP/1.1" 200 474 "http://localhost:4200/" "Mozilla/5.0 (Macintosh; Intel Mac OS X 10_13_5) AppleWebKit/537.36 (KHTML, like Gecko) Chrome/67.0.3396.99 Safari/537.36"
::1 - - [12/Jul/2018:07:13:23 +0000] "GET /s/company HTTP/1.1" 200 474 "http://localhost:4200/" "Mozilla/5.0 (Macintosh; Intel Mac OS X 10_13_5) AppleWebKit/537.36 (KHTML, like Gecko) Chrome/67.0.3396.99 Safari/537.36"
::1 - - [12/Jul/2018:07:13:25 +0000] "GET /s/company HTTP/1.1" 200 474 "http://localhost:4200/" "Mozilla/5.0 (Macintosh; Intel Mac OS X 10_13_5) AppleWebKit/537.36 (KHTML, like Gecko) Chrome/67.0.3396.99 Safari/537.36"
::1 - - [12/Jul/2018:07:13:27 +0000] "GET /s/company HTTP/1.1" 200 474 "http://localhost:4200/" "Mozilla/5.0 (Macintosh; Intel Mac OS X 10_13_5) AppleWebKit/537.36 (KHTML, like Gecko) Chrome/67.0.3396.99 Safari/537.36"
::1 - - [12/Jul/2018:07:13:29 +0000] "GET /s/company HTTP/1.1" 200 474 "http://localhost:4200/" "Mozilla/5.0 (Macintosh; Intel Mac OS X 10_13_5) AppleWebKit/537.36 (KHTML, like Gecko) Chrome/67.0.3396.99 Safari/537.36"
::1 - - [12/Jul/2018:07:14:51 +0000] "GET /s/company HTTP/1.1" 200 474 "http://localhost:4200/" "Mozilla/5.0 (Macintosh; Intel Mac OS X 10_13_5) AppleWebKit/537.36 (KHTML, like Gecko) Chrome/67.0.3396.99 Safari/537.36"
::1 - - [12/Jul/2018:07:14:52 +0000] "GET /s/company HTTP/1.1" 200 474 "http://localhost:4200/" "Mozilla/5.0 (Macintosh; Intel Mac OS X 10_13_5) AppleWebKit/537.36 (KHTML, like Gecko) Chrome/67.0.3396.99 Safari/537.36"
::1 - - [12/Jul/2018:07:14:56 +0000] "GET /s/company HTTP/1.1" 200 474 "http://localhost:4200/" "Mozilla/5.0 (Macintosh; Intel Mac OS X 10_13_5) AppleWebKit/537.36 (KHTML, like Gecko) Chrome/67.0.3396.99 Safari/537.36"
::1 - - [12/Jul/2018:07:16:32 +0000] "GET /s/company HTTP/1.1" 200 474 "http://localhost:4200/" "Mozilla/5.0 (Macintosh; Intel Mac OS X 10_13_5) AppleWebKit/537.36 (KHTML, like Gecko) Chrome/67.0.3396.99 Safari/537.36"
::1 - - [12/Jul/2018:07:16:37 +0000] "GET /s/company HTTP/1.1" 200 474 "http://localhost:4200/" "Mozilla/5.0 (Macintosh; Intel Mac OS X 10_13_5) AppleWebKit/537.36 (KHTML, like Gecko) Chrome/67.0.3396.99 Safari/537.36"
::1 - - [12/Jul/2018:07:16:42 +0000] "GET /s/company HTTP/1.1" 200 474 "http://localhost:4200/" "Mozilla/5.0 (Macintosh; Intel Mac OS X 10_13_5) AppleWebKit/537.36 (KHTML, like Gecko) Chrome/67.0.3396.99 Safari/537.36"
::1 - - [12/Jul/2018:07:16:44 +0000] "GET /s/company HTTP/1.1" 200 474 "http://localhost:4200/" "Mozilla/5.0 (Macintosh; Intel Mac OS X 10_13_5) AppleWebKit/537.36 (KHTML, like Gecko) Chrome/67.0.3396.99 Safari/537.36"
::1 - - [12/Jul/2018:07:16:47 +0000] "GET /s/company HTTP/1.1" 200 474 "http://localhost:4200/" "Mozilla/5.0 (Macintosh; Intel Mac OS X 10_13_5) AppleWebKit/537.36 (KHTML, like Gecko) Chrome/67.0.3396.99 Safari/537.36"
::1 - - [12/Jul/2018:07:17:48 +0000] "GET /s/company HTTP/1.1" 200 474 "http://localhost:4200/" "Mozilla/5.0 (Macintosh; Intel Mac OS X 10_13_5) AppleWebKit/537.36 (KHTML, like Gecko) Chrome/67.0.3396.99 Safari/537.36"
::1 - - [12/Jul/2018:07:18:15 +0000] "GET /s/company HTTP/1.1" 200 474 "http://localhost:4200/" "Mozilla/5.0 (Macintosh; Intel Mac OS X 10_13_5) AppleWebKit/537.36 (KHTML, like Gecko) Chrome/67.0.3396.99 Safari/537.36"
::1 - - [12/Jul/2018:07:21:07 +0000] "GET /s/company HTTP/1.1" 200 474 "http://localhost:4200/" "Mozilla/5.0 (Macintosh; Intel Mac OS X 10_13_5) AppleWebKit/537.36 (KHTML, like Gecko) Chrome/67.0.3396.99 Safari/537.36"
::1 - - [12/Jul/2018:07:22:20 +0000] "GET /s/company HTTP/1.1" 200 474 "http://localhost:4200/" "Mozilla/5.0 (Macintosh; Intel Mac OS X 10_13_5) AppleWebKit/537.36 (KHTML, like Gecko) Chrome/67.0.3396.99 Safari/537.36"
::1 - - [12/Jul/2018:07:24:40 +0000] "GET /s/company HTTP/1.1" 200 474 "http://localhost:4200/" "Mozilla/5.0 (Macintosh; Intel Mac OS X 10_13_5) AppleWebKit/537.36 (KHTML, like Gecko) Chrome/67.0.3396.99 Safari/537.36"
::1 - - [12/Jul/2018:07:25:37 +0000] "GET /s/company HTTP/1.1" 200 474 "http://localhost:4200/" "Mozilla/5.0 (Macintosh; Intel Mac OS X 10_13_5) AppleWebKit/537.36 (KHTML, like Gecko) Chrome/67.0.3396.99 Safari/537.36"
::1 - - [12/Jul/2018:07:25:40 +0000] "GET /s/company HTTP/1.1" 200 474 "http://localhost:4200/" "Mozilla/5.0 (Macintosh; Intel Mac OS X 10_13_5) AppleWebKit/537.36 (KHTML, like Gecko) Chrome/67.0.3396.99 Safari/537.36"
::1 - - [12/Jul/2018:07:26:06 +0000] "GET /s/company HTTP/1.1" 200 474 "http://localhost:4200/" "Mozilla/5.0 (Macintosh; Intel Mac OS X 10_13_5) AppleWebKit/537.36 (KHTML, like Gecko) Chrome/67.0.3396.99 Safari/537.36"
::1 - - [12/Jul/2018:07:26:20 +0000] "GET /s/company HTTP/1.1" 200 474 "http://localhost:4200/" "Mozilla/5.0 (Macintosh; Intel Mac OS X 10_13_5) AppleWebKit/537.36 (KHTML, like Gecko) Chrome/67.0.3396.99 Safari/537.36"
::1 - - [12/Jul/2018:07:26:22 +0000] "GET /s/company HTTP/1.1" 200 474 "http://localhost:4200/" "Mozilla/5.0 (Macintosh; Intel Mac OS X 10_13_5) AppleWebKit/537.36 (KHTML, like Gecko) Chrome/67.0.3396.99 Safari/537.36"
::1 - - [12/Jul/2018:07:26:53 +0000] "GET /s/company HTTP/1.1" 200 474 "http://localhost:4200/" "Mozilla/5.0 (Macintosh; Intel Mac OS X 10_13_5) AppleWebKit/537.36 (KHTML, like Gecko) Chrome/67.0.3396.99 Safari/537.36"
::1 - - [12/Jul/2018:07:26:57 +0000] "GET /s/company HTTP/1.1" 200 474 "http://localhost:4200/" "Mozilla/5.0 (Macintosh; Intel Mac OS X 10_13_5) AppleWebKit/537.36 (KHTML, like Gecko) Chrome/67.0.3396.99 Safari/537.36"
::1 - - [12/Jul/2018:07:28:21 +0000] "GET /s/company HTTP/1.1" 200 474 "http://localhost:4200/" "Mozilla/5.0 (Macintosh; Intel Mac OS X 10_13_5) AppleWebKit/537.36 (KHTML, like Gecko) Chrome/67.0.3396.99 Safari/537.36"
::1 - - [12/Jul/2018:07:28:51 +0000] "GET /s/company HTTP/1.1" 200 474 "http://localhost:4200/" "Mozilla/5.0 (Macintosh; Intel Mac OS X 10_13_5) AppleWebKit/537.36 (KHTML, like Gecko) Chrome/67.0.3396.99 Safari/537.36"
::1 - - [12/Jul/2018:07:28:57 +0000] "GET /s/company HTTP/1.1" 200 474 "http://localhost:4200/" "Mozilla/5.0 (Macintosh; Intel Mac OS X 10_13_5) AppleWebKit/537.36 (KHTML, like Gecko) Chrome/67.0.3396.99 Safari/537.36"
::1 - - [12/Jul/2018:07:28:59 +0000] "GET /s/company HTTP/1.1" 200 474 "http://localhost:4200/" "Mozilla/5.0 (Macintosh; Intel Mac OS X 10_13_5) AppleWebKit/537.36 (KHTML, like Gecko) Chrome/67.0.3396.99 Safari/537.36"
::1 - - [12/Jul/2018:07:29:06 +0000] "GET /s/company HTTP/1.1" 200 474 "http://localhost:4200/" "Mozilla/5.0 (Macintosh; Intel Mac OS X 10_13_5) AppleWebKit/537.36 (KHTML, like Gecko) Chrome/67.0.3396.99 Safari/537.36"
::1 - - [12/Jul/2018:07:29:41 +0000] "GET /s/company HTTP/1.1" 200 474 "http://localhost:4200/" "Mozilla/5.0 (Macintosh; Intel Mac OS X 10_13_5) AppleWebKit/537.36 (KHTML, like Gecko) Chrome/67.0.3396.99 Safari/537.36"
::1 - - [12/Jul/2018:07:29:48 +0000] "GET /s/company HTTP/1.1" 200 474 "http://localhost:4200/" "Mozilla/5.0 (Macintosh; Intel Mac OS X 10_13_5) AppleWebKit/537.36 (KHTML, like Gecko) Chrome/67.0.3396.99 Safari/537.36"
::1 - - [12/Jul/2018:07:29:53 +0000] "GET /s/company HTTP/1.1" 200 474 "http://localhost:4200/" "Mozilla/5.0 (Macintosh; Intel Mac OS X 10_13_5) AppleWebKit/537.36 (KHTML, like Gecko) Chrome/67.0.3396.99 Safari/537.36"
::1 - - [12/Jul/2018:07:30:59 +0000] "GET /s/company HTTP/1.1" 200 474 "http://localhost:4200/" "Mozilla/5.0 (Macintosh; Intel Mac OS X 10_13_5) AppleWebKit/537.36 (KHTML, like Gecko) Chrome/67.0.3396.99 Safari/537.36"
