::1 - - [16/Jul/2018:03:47:55 +0000] "GET /s/company HTTP/1.1" 200 474 "http://localhost:4200/company" "Mozilla/5.0 (Macintosh; Intel Mac OS X 10_13_5) AppleWebKit/537.36 (KHTML, like Gecko) Chrome/67.0.3396.99 Safari/537.36"
::1 - - [16/Jul/2018:03:47:58 +0000] "GET /s/company HTTP/1.1" 304 - "http://localhost:4200/company" "Mozilla/5.0 (Macintosh; Intel Mac OS X 10_13_5) AppleWebKit/537.36 (KHTML, like Gecko) Chrome/67.0.3396.99 Safari/537.36"
::1 - - [16/Jul/2018:03:48:05 +0000] "GET /s/company HTTP/1.1" 304 - "http://localhost:4200/company" "Mozilla/5.0 (Macintosh; Intel Mac OS X 10_13_5) AppleWebKit/537.36 (KHTML, like Gecko) Chrome/67.0.3396.99 Safari/537.36"
::1 - - [16/Jul/2018:04:57:39 +0000] "GET /s/company HTTP/1.1" 304 - "http://localhost:4200/company" "Mozilla/5.0 (Macintosh; Intel Mac OS X 10_13_5) AppleWebKit/537.36 (KHTML, like Gecko) Chrome/67.0.3396.99 Safari/537.36"
::1 - - [16/Jul/2018:04:57:45 +0000] "GET /s/company HTTP/1.1" 304 - "http://localhost:4200/company" "Mozilla/5.0 (Macintosh; Intel Mac OS X 10_13_5) AppleWebKit/537.36 (KHTML, like Gecko) Chrome/67.0.3396.99 Safari/537.36"
::1 - - [16/Jul/2018:04:57:52 +0000] "GET /s/company HTTP/1.1" 304 - "http://localhost:4200/company" "Mozilla/5.0 (Macintosh; Intel Mac OS X 10_13_5) AppleWebKit/537.36 (KHTML, like Gecko) Chrome/67.0.3396.99 Safari/537.36"
::1 - - [16/Jul/2018:05:27:19 +0000] "GET /s/company HTTP/1.1" 304 - "http://localhost:4200/company" "Mozilla/5.0 (Macintosh; Intel Mac OS X 10_13_5) AppleWebKit/537.36 (KHTML, like Gecko) Chrome/67.0.3396.99 Safari/537.36"
::1 - - [16/Jul/2018:05:27:37 +0000] "GET /s/company HTTP/1.1" 304 - "http://localhost:4200/company" "Mozilla/5.0 (Macintosh; Intel Mac OS X 10_13_5) AppleWebKit/537.36 (KHTML, like Gecko) Chrome/67.0.3396.99 Safari/537.36"
::1 - - [16/Jul/2018:05:29:22 +0000] "GET /s/company HTTP/1.1" 304 - "http://localhost:4200/company" "Mozilla/5.0 (Macintosh; Intel Mac OS X 10_13_5) AppleWebKit/537.36 (KHTML, like Gecko) Chrome/67.0.3396.99 Safari/537.36"
::1 - - [16/Jul/2018:05:29:24 +0000] "GET /s/company HTTP/1.1" 304 - "http://localhost:4200/company" "Mozilla/5.0 (Macintosh; Intel Mac OS X 10_13_5) AppleWebKit/537.36 (KHTML, like Gecko) Chrome/67.0.3396.99 Safari/537.36"
::1 - - [16/Jul/2018:05:29:33 +0000] "GET /s/company HTTP/1.1" 304 - "http://localhost:4200/company" "Mozilla/5.0 (Macintosh; Intel Mac OS X 10_13_5) AppleWebKit/537.36 (KHTML, like Gecko) Chrome/67.0.3396.99 Safari/537.36"
::1 - - [16/Jul/2018:05:37:17 +0000] "GET /s/company HTTP/1.1" 304 - "http://localhost:4200/company" "Mozilla/5.0 (Macintosh; Intel Mac OS X 10_13_5) AppleWebKit/537.36 (KHTML, like Gecko) Chrome/67.0.3396.99 Safari/537.36"
::1 - - [16/Jul/2018:05:37:21 +0000] "GET /s/company HTTP/1.1" 304 - "http://localhost:4200/company" "Mozilla/5.0 (Macintosh; Intel Mac OS X 10_13_5) AppleWebKit/537.36 (KHTML, like Gecko) Chrome/67.0.3396.99 Safari/537.36"
::1 - - [16/Jul/2018:05:37:43 +0000] "GET /s/company HTTP/1.1" 304 - "http://localhost:4200/company" "Mozilla/5.0 (Macintosh; Intel Mac OS X 10_13_5) AppleWebKit/537.36 (KHTML, like Gecko) Chrome/67.0.3396.99 Safari/537.36"
::1 - - [16/Jul/2018:05:43:18 +0000] "GET /s/company HTTP/1.1" 304 - "http://localhost:4200/company" "Mozilla/5.0 (Macintosh; Intel Mac OS X 10_13_5) AppleWebKit/537.36 (KHTML, like Gecko) Chrome/67.0.3396.99 Safari/537.36"
::1 - - [16/Jul/2018:08:38:41 +0000] "GET /s/company HTTP/1.1" 304 - "http://localhost:4200/company" "Mozilla/5.0 (Macintosh; Intel Mac OS X 10_13_5) AppleWebKit/537.36 (KHTML, like Gecko) Chrome/67.0.3396.99 Safari/537.36"
::1 - - [16/Jul/2018:08:38:54 +0000] "GET /s/undefined HTTP/1.1" 404 1448 "http://localhost:4200/company_detail/1" "Mozilla/5.0 (Macintosh; Intel Mac OS X 10_13_5) AppleWebKit/537.36 (KHTML, like Gecko) Chrome/67.0.3396.99 Safari/537.36"
::1 - - [16/Jul/2018:08:39:24 +0000] "GET /s/NaN HTTP/1.1" 404 1448 "http://localhost:4200/company_detail/1" "Mozilla/5.0 (Macintosh; Intel Mac OS X 10_13_5) AppleWebKit/537.36 (KHTML, like Gecko) Chrome/67.0.3396.99 Safari/537.36"
::1 - - [16/Jul/2018:08:39:45 +0000] "GET /s/company_detailundefined HTTP/1.1" 404 1448 "http://localhost:4200/company_detail/1" "Mozilla/5.0 (Macintosh; Intel Mac OS X 10_13_5) AppleWebKit/537.36 (KHTML, like Gecko) Chrome/67.0.3396.99 Safari/537.36"
::1 - - [16/Jul/2018:08:39:49 +0000] "GET /s/company_detail/undefined HTTP/1.1" 404 1448 "http://localhost:4200/company_detail/1" "Mozilla/5.0 (Macintosh; Intel Mac OS X 10_13_5) AppleWebKit/537.36 (KHTML, like Gecko) Chrome/67.0.3396.99 Safari/537.36"
::1 - - [16/Jul/2018:08:39:55 +0000] "GET /s/company_detail/undefined HTTP/1.1" 404 1448 "http://localhost:4200/company_detail/1" "Mozilla/5.0 (Macintosh; Intel Mac OS X 10_13_5) AppleWebKit/537.36 (KHTML, like Gecko) Chrome/67.0.3396.99 Safari/537.36"
::1 - - [16/Jul/2018:08:45:17 +0000] "GET /s/company_detail/1undefined HTTP/1.1" 404 1448 "http://localhost:4200/company_detail/1" "Mozilla/5.0 (Macintosh; Intel Mac OS X 10_13_5) AppleWebKit/537.36 (KHTML, like Gecko) Chrome/67.0.3396.99 Safari/537.36"
::1 - - [16/Jul/2018:08:45:18 +0000] "GET /s/company_detail/1 HTTP/1.1" 404 1448 "http://localhost:4200/company_detail/1" "Mozilla/5.0 (Macintosh; Intel Mac OS X 10_13_5) AppleWebKit/537.36 (KHTML, like Gecko) Chrome/67.0.3396.99 Safari/537.36"
::1 - - [16/Jul/2018:08:45:22 +0000] "GET /s/company_detail/1 HTTP/1.1" 404 1448 "http://localhost:4200/company_detail/1" "Mozilla/5.0 (Macintosh; Intel Mac OS X 10_13_5) AppleWebKit/537.36 (KHTML, like Gecko) Chrome/67.0.3396.99 Safari/537.36"
::1 - - [16/Jul/2018:08:46:19 +0000] "GET /s/company_detail HTTP/1.1" 200 52 "http://localhost:4200/company_detail/1" "Mozilla/5.0 (Macintosh; Intel Mac OS X 10_13_5) AppleWebKit/537.36 (KHTML, like Gecko) Chrome/67.0.3396.99 Safari/537.36"
::1 - - [16/Jul/2018:08:46:20 +0000] "GET /s/company_detail/code HTTP/1.1" 404 1448 "http://localhost:4200/company_detail/1" "Mozilla/5.0 (Macintosh; Intel Mac OS X 10_13_5) AppleWebKit/537.36 (KHTML, like Gecko) Chrome/67.0.3396.99 Safari/537.36"
::1 - - [16/Jul/2018:08:46:22 +0000] "GET /s/company_detail/code= HTTP/1.1" 404 1448 "http://localhost:4200/company_detail/1" "Mozilla/5.0 (Macintosh; Intel Mac OS X 10_13_5) AppleWebKit/537.36 (KHTML, like Gecko) Chrome/67.0.3396.99 Safari/537.36"
::1 - - [16/Jul/2018:08:46:24 +0000] "GET /s/company_detailc?ode= HTTP/1.1" 404 1448 "http://localhost:4200/company_detail/1" "Mozilla/5.0 (Macintosh; Intel Mac OS X 10_13_5) AppleWebKit/537.36 (KHTML, like Gecko) Chrome/67.0.3396.99 Safari/537.36"
::1 - - [16/Jul/2018:08:46:30 +0000] "GET /s/company_detail?code= HTTP/1.1" 200 - "http://localhost:4200/company_detail/1" "Mozilla/5.0 (Macintosh; Intel Mac OS X 10_13_5) AppleWebKit/537.36 (KHTML, like Gecko) Chrome/67.0.3396.99 Safari/537.36"
::1 - - [16/Jul/2018:08:46:41 +0000] "GET /s/company_detail?code= HTTP/1.1" 200 - "http://localhost:4200/company_detail/1" "Mozilla/5.0 (Macintosh; Intel Mac OS X 10_13_5) AppleWebKit/537.36 (KHTML, like Gecko) Chrome/67.0.3396.99 Safari/537.36"
::1 - - [16/Jul/2018:08:48:38 +0000] "GET /s/company_detail?code= HTTP/1.1" 200 - "http://localhost:4200/company_detail/1" "Mozilla/5.0 (Macintosh; Intel Mac OS X 10_13_5) AppleWebKit/537.36 (KHTML, like Gecko) Chrome/67.0.3396.99 Safari/537.36"
::1 - - [16/Jul/2018:08:48:44 +0000] "GET /s/company_detail?code= HTTP/1.1" 200 - "http://localhost:4200/company_detail/1" "Mozilla/5.0 (Macintosh; Intel Mac OS X 10_13_5) AppleWebKit/537.36 (KHTML, like Gecko) Chrome/67.0.3396.99 Safari/537.36"
::1 - - [16/Jul/2018:08:48:50 +0000] "GET /s/company_detail?code= HTTP/1.1" - - "http://localhost:4200/company_detail/1" "Mozilla/5.0 (Macintosh; Intel Mac OS X 10_13_5) AppleWebKit/537.36 (KHTML, like Gecko) Chrome/67.0.3396.99 Safari/537.36"
::1 - - [16/Jul/2018:08:48:51 +0000] "GET /s/company_detail?code= HTTP/1.1" 200 - "http://localhost:4200/company_detail/1" "Mozilla/5.0 (Macintosh; Intel Mac OS X 10_13_5) AppleWebKit/537.36 (KHTML, like Gecko) Chrome/67.0.3396.99 Safari/537.36"
::1 - - [16/Jul/2018:08:49:24 +0000] "GET /s/company_detail?code= HTTP/1.1" 200 - "http://localhost:4200/company_detail/1" "Mozilla/5.0 (Macintosh; Intel Mac OS X 10_13_5) AppleWebKit/537.36 (KHTML, like Gecko) Chrome/67.0.3396.99 Safari/537.36"
::1 - - [16/Jul/2018:08:49:27 +0000] "GET /s/company_detail?code= HTTP/1.1" 200 - "http://localhost:4200/company_detail/1" "Mozilla/5.0 (Macintosh; Intel Mac OS X 10_13_5) AppleWebKit/537.36 (KHTML, like Gecko) Chrome/67.0.3396.99 Safari/537.36"
::1 - - [16/Jul/2018:08:49:35 +0000] "GET /s/company_detail?code= HTTP/1.1" 200 - "http://localhost:4200/company_detail/1" "Mozilla/5.0 (Macintosh; Intel Mac OS X 10_13_5) AppleWebKit/537.36 (KHTML, like Gecko) Chrome/67.0.3396.99 Safari/537.36"
::1 - - [16/Jul/2018:08:49:38 +0000] "GET /s/company_detail?code= HTTP/1.1" 200 - "http://localhost:4200/company_detail/1" "Mozilla/5.0 (Macintosh; Intel Mac OS X 10_13_5) AppleWebKit/537.36 (KHTML, like Gecko) Chrome/67.0.3396.99 Safari/537.36"
::1 - - [16/Jul/2018:08:49:40 +0000] "GET /s/company_detail?code= HTTP/1.1" 200 - "http://localhost:4200/company_detail/1" "Mozilla/5.0 (Macintosh; Intel Mac OS X 10_13_5) AppleWebKit/537.36 (KHTML, like Gecko) Chrome/67.0.3396.99 Safari/537.36"
::1 - - [16/Jul/2018:08:49:46 +0000] "GET /s/company_detail?code= HTTP/1.1" 200 - "http://localhost:4200/company_detail/1" "Mozilla/5.0 (Macintosh; Intel Mac OS X 10_13_5) AppleWebKit/537.36 (KHTML, like Gecko) Chrome/67.0.3396.99 Safari/537.36"
::1 - - [16/Jul/2018:08:49:53 +0000] "GET /s/company_detail?code=1 HTTP/1.1" 200 209 "http://localhost:4200/company_detail/1" "Mozilla/5.0 (Macintosh; Intel Mac OS X 10_13_5) AppleWebKit/537.36 (KHTML, like Gecko) Chrome/67.0.3396.99 Safari/537.36"
::1 - - [16/Jul/2018:08:49:57 +0000] "GET /s/company_detail?code=1 HTTP/1.1" 304 - "http://localhost:4200/company_detail/1" "Mozilla/5.0 (Macintosh; Intel Mac OS X 10_13_5) AppleWebKit/537.36 (KHTML, like Gecko) Chrome/67.0.3396.99 Safari/537.36"
::1 - - [16/Jul/2018:08:50:46 +0000] "GET /s/company_detail?code=1 HTTP/1.1" 304 - "http://localhost:4200/company_detail/1" "Mozilla/5.0 (Macintosh; Intel Mac OS X 10_13_5) AppleWebKit/537.36 (KHTML, like Gecko) Chrome/67.0.3396.99 Safari/537.36"
::1 - - [16/Jul/2018:08:50:47 +0000] "GET /s/company_detail?code=1 HTTP/1.1" 304 - "http://localhost:4200/company_detail/1" "Mozilla/5.0 (Macintosh; Intel Mac OS X 10_13_5) AppleWebKit/537.36 (KHTML, like Gecko) Chrome/67.0.3396.99 Safari/537.36"
::1 - - [16/Jul/2018:08:50:50 +0000] "GET /s/company_detail?code=1 HTTP/1.1" 304 - "http://localhost:4200/company_detail/1" "Mozilla/5.0 (Macintosh; Intel Mac OS X 10_13_5) AppleWebKit/537.36 (KHTML, like Gecko) Chrome/67.0.3396.99 Safari/537.36"
::1 - - [16/Jul/2018:08:51:21 +0000] "GET /s/company_detail?code=1 HTTP/1.1" 304 - "http://localhost:4200/company_detail/1" "Mozilla/5.0 (Macintosh; Intel Mac OS X 10_13_5) AppleWebKit/537.36 (KHTML, like Gecko) Chrome/67.0.3396.99 Safari/537.36"
::1 - - [16/Jul/2018:08:51:23 +0000] "GET /s/company_detail?code=1 HTTP/1.1" 304 - "http://localhost:4200/company_detail/1" "Mozilla/5.0 (Macintosh; Intel Mac OS X 10_13_5) AppleWebKit/537.36 (KHTML, like Gecko) Chrome/67.0.3396.99 Safari/537.36"
::1 - - [16/Jul/2018:08:57:45 +0000] "GET /s/company_detail?code=1 HTTP/1.1" 304 - "http://localhost:4200/company_detail/1" "Mozilla/5.0 (Macintosh; Intel Mac OS X 10_13_5) AppleWebKit/537.36 (KHTML, like Gecko) Chrome/67.0.3396.99 Safari/537.36"
::1 - - [16/Jul/2018:08:57:46 +0000] "GET /s/company_detail?code=1 HTTP/1.1" 304 - "http://localhost:4200/company_detail/1" "Mozilla/5.0 (Macintosh; Intel Mac OS X 10_13_5) AppleWebKit/537.36 (KHTML, like Gecko) Chrome/67.0.3396.99 Safari/537.36"
::1 - - [16/Jul/2018:08:58:12 +0000] "GET /s/company_detail?code=1 HTTP/1.1" 304 - "http://localhost:4200/company_detail/1" "Mozilla/5.0 (Macintosh; Intel Mac OS X 10_13_5) AppleWebKit/537.36 (KHTML, like Gecko) Chrome/67.0.3396.99 Safari/537.36"
::1 - - [16/Jul/2018:08:58:18 +0000] "GET /s/company_detail?code=1 HTTP/1.1" 304 - "http://localhost:4200/company_detail/1" "Mozilla/5.0 (Macintosh; Intel Mac OS X 10_13_5) AppleWebKit/537.36 (KHTML, like Gecko) Chrome/67.0.3396.99 Safari/537.36"
::1 - - [16/Jul/2018:08:59:44 +0000] "GET /s/company_detail?code=1 HTTP/1.1" 304 - "http://localhost:4200/company_detail/1" "Mozilla/5.0 (Macintosh; Intel Mac OS X 10_13_5) AppleWebKit/537.36 (KHTML, like Gecko) Chrome/67.0.3396.99 Safari/537.36"
::1 - - [16/Jul/2018:08:59:49 +0000] "GET /s/company_detail?code=1 HTTP/1.1" 304 - "http://localhost:4200/company_detail/1" "Mozilla/5.0 (Macintosh; Intel Mac OS X 10_13_5) AppleWebKit/537.36 (KHTML, like Gecko) Chrome/67.0.3396.99 Safari/537.36"
::1 - - [16/Jul/2018:08:59:54 +0000] "GET /s/company_detail?code=1 HTTP/1.1" 304 - "http://localhost:4200/company_detail/1" "Mozilla/5.0 (Macintosh; Intel Mac OS X 10_13_5) AppleWebKit/537.36 (KHTML, like Gecko) Chrome/67.0.3396.99 Safari/537.36"
::1 - - [16/Jul/2018:08:59:59 +0000] "GET /s/company_detail?code=1 HTTP/1.1" 304 - "http://localhost:4200/company_detail/1" "Mozilla/5.0 (Macintosh; Intel Mac OS X 10_13_5) AppleWebKit/537.36 (KHTML, like Gecko) Chrome/67.0.3396.99 Safari/537.36"
::1 - - [16/Jul/2018:09:00:03 +0000] "GET /s/company_detail?code=1 HTTP/1.1" 304 - "http://localhost:4200/company_detail/1" "Mozilla/5.0 (Macintosh; Intel Mac OS X 10_13_5) AppleWebKit/537.36 (KHTML, like Gecko) Chrome/67.0.3396.99 Safari/537.36"
::1 - - [16/Jul/2018:09:00:08 +0000] "GET /s/company_detail?code=1 HTTP/1.1" 304 - "http://localhost:4200/company_detail/1" "Mozilla/5.0 (Macintosh; Intel Mac OS X 10_13_5) AppleWebKit/537.36 (KHTML, like Gecko) Chrome/67.0.3396.99 Safari/537.36"
::1 - - [16/Jul/2018:09:00:25 +0000] "GET /s/company_detail?code=1 HTTP/1.1" 304 - "http://localhost:4200/company_detail/1" "Mozilla/5.0 (Macintosh; Intel Mac OS X 10_13_5) AppleWebKit/537.36 (KHTML, like Gecko) Chrome/67.0.3396.99 Safari/537.36"
::1 - - [16/Jul/2018:09:00:30 +0000] "GET /s/company_detail?code=1 HTTP/1.1" 304 - "http://localhost:4200/company_detail/1" "Mozilla/5.0 (Macintosh; Intel Mac OS X 10_13_5) AppleWebKit/537.36 (KHTML, like Gecko) Chrome/67.0.3396.99 Safari/537.36"
::1 - - [16/Jul/2018:09:00:33 +0000] "GET /s/company_detail?code=1 HTTP/1.1" 304 - "http://localhost:4200/company_detail/1" "Mozilla/5.0 (Macintosh; Intel Mac OS X 10_13_5) AppleWebKit/537.36 (KHTML, like Gecko) Chrome/67.0.3396.99 Safari/537.36"
::1 - - [16/Jul/2018:09:00:35 +0000] "GET /s/company_detail?code=1 HTTP/1.1" 304 - "http://localhost:4200/company_detail/1" "Mozilla/5.0 (Macintosh; Intel Mac OS X 10_13_5) AppleWebKit/537.36 (KHTML, like Gecko) Chrome/67.0.3396.99 Safari/537.36"
::1 - - [16/Jul/2018:09:00:37 +0000] "GET /s/company_detail?code=1 HTTP/1.1" 304 - "http://localhost:4200/company_detail/1" "Mozilla/5.0 (Macintosh; Intel Mac OS X 10_13_5) AppleWebKit/537.36 (KHTML, like Gecko) Chrome/67.0.3396.99 Safari/537.36"
::1 - - [16/Jul/2018:09:00:45 +0000] "GET /s/company_detail?code=1 HTTP/1.1" 304 - "http://localhost:4200/company_detail/1" "Mozilla/5.0 (Macintosh; Intel Mac OS X 10_13_5) AppleWebKit/537.36 (KHTML, like Gecko) Chrome/67.0.3396.99 Safari/537.36"
::1 - - [16/Jul/2018:09:01:07 +0000] "GET /s/company_detail?code=1 HTTP/1.1" 304 - "http://localhost:4200/company_detail/1" "Mozilla/5.0 (Macintosh; Intel Mac OS X 10_13_5) AppleWebKit/537.36 (KHTML, like Gecko) Chrome/67.0.3396.99 Safari/537.36"
::1 - - [16/Jul/2018:09:01:08 +0000] "GET /s/company_detail?code=1 HTTP/1.1" 304 - "http://localhost:4200/company_detail/1" "Mozilla/5.0 (Macintosh; Intel Mac OS X 10_13_5) AppleWebKit/537.36 (KHTML, like Gecko) Chrome/67.0.3396.99 Safari/537.36"
::1 - - [16/Jul/2018:09:01:10 +0000] "GET /s/company_detail?code=1 HTTP/1.1" 304 - "http://localhost:4200/company_detail/1" "Mozilla/5.0 (Macintosh; Intel Mac OS X 10_13_5) AppleWebKit/537.36 (KHTML, like Gecko) Chrome/67.0.3396.99 Safari/537.36"
::1 - - [16/Jul/2018:09:01:12 +0000] "GET /s/company_detail?code=1 HTTP/1.1" 304 - "http://localhost:4200/company_detail/1" "Mozilla/5.0 (Macintosh; Intel Mac OS X 10_13_5) AppleWebKit/537.36 (KHTML, like Gecko) Chrome/67.0.3396.99 Safari/537.36"
::1 - - [16/Jul/2018:09:01:18 +0000] "GET /s/company_detail?code=1 HTTP/1.1" 304 - "http://localhost:4200/company_detail/1" "Mozilla/5.0 (Macintosh; Intel Mac OS X 10_13_5) AppleWebKit/537.36 (KHTML, like Gecko) Chrome/67.0.3396.99 Safari/537.36"
::1 - - [16/Jul/2018:09:01:27 +0000] "GET /s/company_detail?code=1 HTTP/1.1" 304 - "http://localhost:4200/company_detail/1" "Mozilla/5.0 (Macintosh; Intel Mac OS X 10_13_5) AppleWebKit/537.36 (KHTML, like Gecko) Chrome/67.0.3396.99 Safari/537.36"
::1 - - [16/Jul/2018:09:01:29 +0000] "GET /s/company_detail?code=1 HTTP/1.1" 304 - "http://localhost:4200/company_detail/1" "Mozilla/5.0 (Macintosh; Intel Mac OS X 10_13_5) AppleWebKit/537.36 (KHTML, like Gecko) Chrome/67.0.3396.99 Safari/537.36"
::1 - - [16/Jul/2018:09:01:48 +0000] "GET /s/company_detail?code=1 HTTP/1.1" 304 - "http://localhost:4200/company_detail/1" "Mozilla/5.0 (Macintosh; Intel Mac OS X 10_13_5) AppleWebKit/537.36 (KHTML, like Gecko) Chrome/67.0.3396.99 Safari/537.36"
::1 - - [16/Jul/2018:09:01:58 +0000] "GET /s/company_detail?code=1 HTTP/1.1" 304 - "http://localhost:4200/company_detail/1" "Mozilla/5.0 (Macintosh; Intel Mac OS X 10_13_5) AppleWebKit/537.36 (KHTML, like Gecko) Chrome/67.0.3396.99 Safari/537.36"
::1 - - [16/Jul/2018:09:01:59 +0000] "GET /s/company_detail?code=1 HTTP/1.1" 304 - "http://localhost:4200/company_detail/1" "Mozilla/5.0 (Macintosh; Intel Mac OS X 10_13_5) AppleWebKit/537.36 (KHTML, like Gecko) Chrome/67.0.3396.99 Safari/537.36"
::1 - - [16/Jul/2018:09:02:02 +0000] "GET /s/company_detail?code=1 HTTP/1.1" 304 - "http://localhost:4200/company_detail/1" "Mozilla/5.0 (Macintosh; Intel Mac OS X 10_13_5) AppleWebKit/537.36 (KHTML, like Gecko) Chrome/67.0.3396.99 Safari/537.36"
::1 - - [16/Jul/2018:09:02:07 +0000] "GET /s/company HTTP/1.1" 304 - "http://localhost:4200/company" "Mozilla/5.0 (Macintosh; Intel Mac OS X 10_13_5) AppleWebKit/537.36 (KHTML, like Gecko) Chrome/67.0.3396.99 Safari/537.36"
::1 - - [16/Jul/2018:09:02:20 +0000] "GET /s/company HTTP/1.1" 304 - "http://localhost:4200/company" "Mozilla/5.0 (Macintosh; Intel Mac OS X 10_13_5) AppleWebKit/537.36 (KHTML, like Gecko) Chrome/67.0.3396.99 Safari/537.36"
::1 - - [16/Jul/2018:09:02:25 +0000] "GET /s/company HTTP/1.1" 304 - "http://localhost:4200/company" "Mozilla/5.0 (Macintosh; Intel Mac OS X 10_13_5) AppleWebKit/537.36 (KHTML, like Gecko) Chrome/67.0.3396.99 Safari/537.36"
::1 - - [16/Jul/2018:09:02:39 +0000] "GET /s/company HTTP/1.1" 304 - "http://localhost:4200/company" "Mozilla/5.0 (Macintosh; Intel Mac OS X 10_13_5) AppleWebKit/537.36 (KHTML, like Gecko) Chrome/67.0.3396.99 Safari/537.36"
::1 - - [16/Jul/2018:09:02:40 +0000] "GET /s/company HTTP/1.1" 304 - "http://localhost:4200/company" "Mozilla/5.0 (Macintosh; Intel Mac OS X 10_13_5) AppleWebKit/537.36 (KHTML, like Gecko) Chrome/67.0.3396.99 Safari/537.36"
::1 - - [16/Jul/2018:09:02:41 +0000] "GET /s/company HTTP/1.1" 304 - "http://localhost:4200/company" "Mozilla/5.0 (Macintosh; Intel Mac OS X 10_13_5) AppleWebKit/537.36 (KHTML, like Gecko) Chrome/67.0.3396.99 Safari/537.36"
::1 - - [16/Jul/2018:09:02:58 +0000] "GET /s/company HTTP/1.1" 304 - "http://localhost:4200/company" "Mozilla/5.0 (Macintosh; Intel Mac OS X 10_13_5) AppleWebKit/537.36 (KHTML, like Gecko) Chrome/67.0.3396.99 Safari/537.36"
::1 - - [16/Jul/2018:09:03:00 +0000] "GET /s/company HTTP/1.1" 304 - "http://localhost:4200/company" "Mozilla/5.0 (Macintosh; Intel Mac OS X 10_13_5) AppleWebKit/537.36 (KHTML, like Gecko) Chrome/67.0.3396.99 Safari/537.36"
::1 - - [16/Jul/2018:09:03:02 +0000] "GET /s/company HTTP/1.1" 304 - "http://localhost:4200/company" "Mozilla/5.0 (Macintosh; Intel Mac OS X 10_13_5) AppleWebKit/537.36 (KHTML, like Gecko) Chrome/67.0.3396.99 Safari/537.36"
::1 - - [16/Jul/2018:09:03:26 +0000] "GET /s/company HTTP/1.1" 304 - "http://localhost:4200/company" "Mozilla/5.0 (Macintosh; Intel Mac OS X 10_13_5) AppleWebKit/537.36 (KHTML, like Gecko) Chrome/67.0.3396.99 Safari/537.36"
::1 - - [16/Jul/2018:09:03:31 +0000] "GET /s/company HTTP/1.1" 304 - "http://localhost:4200/company" "Mozilla/5.0 (Macintosh; Intel Mac OS X 10_13_5) AppleWebKit/537.36 (KHTML, like Gecko) Chrome/67.0.3396.99 Safari/537.36"
::1 - - [16/Jul/2018:09:03:35 +0000] "GET /s/company HTTP/1.1" 304 - "http://localhost:4200/company" "Mozilla/5.0 (Macintosh; Intel Mac OS X 10_13_5) AppleWebKit/537.36 (KHTML, like Gecko) Chrome/67.0.3396.99 Safari/537.36"
::1 - - [16/Jul/2018:09:03:43 +0000] "GET /s/company HTTP/1.1" 304 - "http://localhost:4200/company" "Mozilla/5.0 (Macintosh; Intel Mac OS X 10_13_5) AppleWebKit/537.36 (KHTML, like Gecko) Chrome/67.0.3396.99 Safari/537.36"
::1 - - [16/Jul/2018:09:03:58 +0000] "GET /s/company HTTP/1.1" 304 - "http://localhost:4200/company" "Mozilla/5.0 (Macintosh; Intel Mac OS X 10_13_5) AppleWebKit/537.36 (KHTML, like Gecko) Chrome/67.0.3396.99 Safari/537.36"
::1 - - [16/Jul/2018:09:04:00 +0000] "GET /s/company HTTP/1.1" 304 - "http://localhost:4200/company" "Mozilla/5.0 (Macintosh; Intel Mac OS X 10_13_5) AppleWebKit/537.36 (KHTML, like Gecko) Chrome/67.0.3396.99 Safari/537.36"
::1 - - [16/Jul/2018:09:04:03 +0000] "GET /s/company HTTP/1.1" 304 - "http://localhost:4200/company" "Mozilla/5.0 (Macintosh; Intel Mac OS X 10_13_5) AppleWebKit/537.36 (KHTML, like Gecko) Chrome/67.0.3396.99 Safari/537.36"
::1 - - [16/Jul/2018:09:04:07 +0000] "GET /s/company_detail?code=1 HTTP/1.1" 304 - "http://localhost:4200/company_detail/1" "Mozilla/5.0 (Macintosh; Intel Mac OS X 10_13_5) AppleWebKit/537.36 (KHTML, like Gecko) Chrome/67.0.3396.99 Safari/537.36"
::1 - - [16/Jul/2018:09:08:48 +0000] "GET /s/company HTTP/1.1" 304 - "http://localhost:4200/company" "Mozilla/5.0 (Macintosh; Intel Mac OS X 10_13_5) AppleWebKit/537.36 (KHTML, like Gecko) Chrome/67.0.3396.99 Safari/537.36"
::1 - - [16/Jul/2018:09:09:25 +0000] "GET /s/company HTTP/1.1" 304 - "http://localhost:4200/company" "Mozilla/5.0 (Macintosh; Intel Mac OS X 10_13_5) AppleWebKit/537.36 (KHTML, like Gecko) Chrome/67.0.3396.99 Safari/537.36"
::1 - - [16/Jul/2018:09:14:21 +0000] "GET /s/company HTTP/1.1" 304 - "http://localhost:4200/company" "Mozilla/5.0 (Macintosh; Intel Mac OS X 10_13_5) AppleWebKit/537.36 (KHTML, like Gecko) Chrome/67.0.3396.99 Safari/537.36"
::1 - - [16/Jul/2018:09:14:24 +0000] "GET /s/company HTTP/1.1" 304 - "http://localhost:4200/company" "Mozilla/5.0 (Macintosh; Intel Mac OS X 10_13_5) AppleWebKit/537.36 (KHTML, like Gecko) Chrome/67.0.3396.99 Safari/537.36"
::1 - - [16/Jul/2018:09:14:27 +0000] "GET /s/company HTTP/1.1" 304 - "http://localhost:4200/company" "Mozilla/5.0 (Macintosh; Intel Mac OS X 10_13_5) AppleWebKit/537.36 (KHTML, like Gecko) Chrome/67.0.3396.99 Safari/537.36"
::1 - - [16/Jul/2018:09:14:29 +0000] "GET /s/company HTTP/1.1" 304 - "http://localhost:4200/company" "Mozilla/5.0 (Macintosh; Intel Mac OS X 10_13_5) AppleWebKit/537.36 (KHTML, like Gecko) Chrome/67.0.3396.99 Safari/537.36"
::1 - - [16/Jul/2018:09:14:30 +0000] "GET /s/company HTTP/1.1" 304 - "http://localhost:4200/company" "Mozilla/5.0 (Macintosh; Intel Mac OS X 10_13_5) AppleWebKit/537.36 (KHTML, like Gecko) Chrome/67.0.3396.99 Safari/537.36"
::1 - - [16/Jul/2018:09:14:54 +0000] "GET /s/company HTTP/1.1" 304 - "http://localhost:4200/company" "Mozilla/5.0 (Macintosh; Intel Mac OS X 10_13_5) AppleWebKit/537.36 (KHTML, like Gecko) Chrome/67.0.3396.99 Safari/537.36"
::1 - - [16/Jul/2018:09:14:59 +0000] "GET /s/company HTTP/1.1" 304 - "http://localhost:4200/company" "Mozilla/5.0 (Macintosh; Intel Mac OS X 10_13_5) AppleWebKit/537.36 (KHTML, like Gecko) Chrome/67.0.3396.99 Safari/537.36"
::1 - - [16/Jul/2018:09:15:08 +0000] "GET /s/company HTTP/1.1" 304 - "http://localhost:4200/company" "Mozilla/5.0 (Macintosh; Intel Mac OS X 10_13_5) AppleWebKit/537.36 (KHTML, like Gecko) Chrome/67.0.3396.99 Safari/537.36"
::1 - - [16/Jul/2018:09:15:23 +0000] "GET /s/company HTTP/1.1" 304 - "http://localhost:4200/company" "Mozilla/5.0 (Macintosh; Intel Mac OS X 10_13_5) AppleWebKit/537.36 (KHTML, like Gecko) Chrome/67.0.3396.99 Safari/537.36"
::1 - - [16/Jul/2018:09:15:44 +0000] "GET /s/company HTTP/1.1" 304 - "http://localhost:4200/company" "Mozilla/5.0 (Macintosh; Intel Mac OS X 10_13_5) AppleWebKit/537.36 (KHTML, like Gecko) Chrome/67.0.3396.99 Safari/537.36"
::1 - - [16/Jul/2018:09:15:46 +0000] "GET /s/company HTTP/1.1" 304 - "http://localhost:4200/company" "Mozilla/5.0 (Macintosh; Intel Mac OS X 10_13_5) AppleWebKit/537.36 (KHTML, like Gecko) Chrome/67.0.3396.99 Safari/537.36"
::1 - - [16/Jul/2018:09:15:51 +0000] "GET /s/company HTTP/1.1" 304 - "http://localhost:4200/company" "Mozilla/5.0 (Macintosh; Intel Mac OS X 10_13_5) AppleWebKit/537.36 (KHTML, like Gecko) Chrome/67.0.3396.99 Safari/537.36"
::1 - - [16/Jul/2018:09:15:52 +0000] "GET /s/company HTTP/1.1" 304 - "http://localhost:4200/company" "Mozilla/5.0 (Macintosh; Intel Mac OS X 10_13_5) AppleWebKit/537.36 (KHTML, like Gecko) Chrome/67.0.3396.99 Safari/537.36"
::1 - - [16/Jul/2018:09:22:12 +0000] "GET /s/company HTTP/1.1" 304 - "http://localhost:4200/company" "Mozilla/5.0 (Macintosh; Intel Mac OS X 10_13_5) AppleWebKit/537.36 (KHTML, like Gecko) Chrome/67.0.3396.99 Safari/537.36"
::1 - - [16/Jul/2018:09:22:51 +0000] "GET /s/company HTTP/1.1" 304 - "http://localhost:4200/company" "Mozilla/5.0 (Macintosh; Intel Mac OS X 10_13_5) AppleWebKit/537.36 (KHTML, like Gecko) Chrome/67.0.3396.99 Safari/537.36"
::1 - - [16/Jul/2018:09:22:58 +0000] "GET /s/company HTTP/1.1" 304 - "http://localhost:4200/company" "Mozilla/5.0 (Macintosh; Intel Mac OS X 10_13_5) AppleWebKit/537.36 (KHTML, like Gecko) Chrome/67.0.3396.99 Safari/537.36"
::1 - - [16/Jul/2018:09:23:21 +0000] "GET /s/company HTTP/1.1" 304 - "http://localhost:4200/company" "Mozilla/5.0 (Macintosh; Intel Mac OS X 10_13_5) AppleWebKit/537.36 (KHTML, like Gecko) Chrome/67.0.3396.99 Safari/537.36"
::1 - - [16/Jul/2018:09:23:25 +0000] "GET /s/company HTTP/1.1" 304 - "http://localhost:4200/company" "Mozilla/5.0 (Macintosh; Intel Mac OS X 10_13_5) AppleWebKit/537.36 (KHTML, like Gecko) Chrome/67.0.3396.99 Safari/537.36"
::1 - - [16/Jul/2018:09:24:37 +0000] "GET /s/company HTTP/1.1" 304 - "http://localhost:4200/company" "Mozilla/5.0 (Macintosh; Intel Mac OS X 10_13_5) AppleWebKit/537.36 (KHTML, like Gecko) Chrome/67.0.3396.99 Safari/537.36"
::1 - - [16/Jul/2018:09:24:42 +0000] "GET /s/company HTTP/1.1" 304 - "http://localhost:4200/company" "Mozilla/5.0 (Macintosh; Intel Mac OS X 10_13_5) AppleWebKit/537.36 (KHTML, like Gecko) Chrome/67.0.3396.99 Safari/537.36"
::1 - - [16/Jul/2018:09:24:51 +0000] "GET /s/company HTTP/1.1" 304 - "http://localhost:4200/company" "Mozilla/5.0 (Macintosh; Intel Mac OS X 10_13_5) AppleWebKit/537.36 (KHTML, like Gecko) Chrome/67.0.3396.99 Safari/537.36"
::1 - - [16/Jul/2018:09:24:53 +0000] "GET /s/company HTTP/1.1" 304 - "http://localhost:4200/company" "Mozilla/5.0 (Macintosh; Intel Mac OS X 10_13_5) AppleWebKit/537.36 (KHTML, like Gecko) Chrome/67.0.3396.99 Safari/537.36"
::1 - - [16/Jul/2018:09:25:14 +0000] "GET /s/company HTTP/1.1" 304 - "http://localhost:4200/company" "Mozilla/5.0 (Macintosh; Intel Mac OS X 10_13_5) AppleWebKit/537.36 (KHTML, like Gecko) Chrome/67.0.3396.99 Safari/537.36"
::1 - - [16/Jul/2018:09:33:38 +0000] "GET /s/company HTTP/1.1" 304 - "http://localhost:4200/company" "Mozilla/5.0 (Macintosh; Intel Mac OS X 10_13_5) AppleWebKit/537.36 (KHTML, like Gecko) Chrome/67.0.3396.99 Safari/537.36"
::1 - - [16/Jul/2018:09:34:16 +0000] "GET /s/company HTTP/1.1" 304 - "http://localhost:4200/company" "Mozilla/5.0 (Macintosh; Intel Mac OS X 10_13_5) AppleWebKit/537.36 (KHTML, like Gecko) Chrome/67.0.3396.99 Safari/537.36"
::1 - - [16/Jul/2018:09:34:19 +0000] "GET /s/company HTTP/1.1" 304 - "http://localhost:4200/company" "Mozilla/5.0 (Macintosh; Intel Mac OS X 10_13_5) AppleWebKit/537.36 (KHTML, like Gecko) Chrome/67.0.3396.99 Safari/537.36"
::1 - - [16/Jul/2018:09:34:24 +0000] "GET /s/company HTTP/1.1" 304 - "http://localhost:4200/company" "Mozilla/5.0 (Macintosh; Intel Mac OS X 10_13_5) AppleWebKit/537.36 (KHTML, like Gecko) Chrome/67.0.3396.99 Safari/537.36"
::1 - - [16/Jul/2018:09:34:27 +0000] "GET /s/company HTTP/1.1" 304 - "http://localhost:4200/company" "Mozilla/5.0 (Macintosh; Intel Mac OS X 10_13_5) AppleWebKit/537.36 (KHTML, like Gecko) Chrome/67.0.3396.99 Safari/537.36"
::1 - - [16/Jul/2018:09:34:30 +0000] "GET /s/company HTTP/1.1" 304 - "http://localhost:4200/company" "Mozilla/5.0 (Macintosh; Intel Mac OS X 10_13_5) AppleWebKit/537.36 (KHTML, like Gecko) Chrome/67.0.3396.99 Safari/537.36"
::1 - - [16/Jul/2018:09:34:42 +0000] "GET /s/company HTTP/1.1" 304 - "http://localhost:4200/company" "Mozilla/5.0 (Macintosh; Intel Mac OS X 10_13_5) AppleWebKit/537.36 (KHTML, like Gecko) Chrome/67.0.3396.99 Safari/537.36"
::1 - - [16/Jul/2018:09:34:48 +0000] "GET /s/company HTTP/1.1" 304 - "http://localhost:4200/company" "Mozilla/5.0 (Macintosh; Intel Mac OS X 10_13_5) AppleWebKit/537.36 (KHTML, like Gecko) Chrome/67.0.3396.99 Safari/537.36"
::1 - - [16/Jul/2018:09:34:52 +0000] "GET /s/company HTTP/1.1" 304 - "http://localhost:4200/company" "Mozilla/5.0 (Macintosh; Intel Mac OS X 10_13_5) AppleWebKit/537.36 (KHTML, like Gecko) Chrome/67.0.3396.99 Safari/537.36"
::1 - - [16/Jul/2018:09:34:54 +0000] "GET /s/company_detail?code=1 HTTP/1.1" 304 - "http://localhost:4200/company_detail/1" "Mozilla/5.0 (Macintosh; Intel Mac OS X 10_13_5) AppleWebKit/537.36 (KHTML, like Gecko) Chrome/67.0.3396.99 Safari/537.36"
::1 - - [16/Jul/2018:09:34:57 +0000] "GET /s/company HTTP/1.1" 304 - "http://localhost:4200/company" "Mozilla/5.0 (Macintosh; Intel Mac OS X 10_13_5) AppleWebKit/537.36 (KHTML, like Gecko) Chrome/67.0.3396.99 Safari/537.36"
::1 - - [16/Jul/2018:09:35:02 +0000] "GET /s/company HTTP/1.1" 304 - "http://localhost:4200/company" "Mozilla/5.0 (Macintosh; Intel Mac OS X 10_13_5) AppleWebKit/537.36 (KHTML, like Gecko) Chrome/67.0.3396.99 Safari/537.36"
::1 - - [16/Jul/2018:09:35:06 +0000] "GET /s/company_detail?code=1 HTTP/1.1" 304 - "http://localhost:4200/company_detail/1" "Mozilla/5.0 (Macintosh; Intel Mac OS X 10_13_5) AppleWebKit/537.36 (KHTML, like Gecko) Chrome/67.0.3396.99 Safari/537.36"
::1 - - [16/Jul/2018:09:35:07 +0000] "GET /s/company HTTP/1.1" 304 - "http://localhost:4200/company" "Mozilla/5.0 (Macintosh; Intel Mac OS X 10_13_5) AppleWebKit/537.36 (KHTML, like Gecko) Chrome/67.0.3396.99 Safari/537.36"
::1 - - [16/Jul/2018:09:35:18 +0000] "GET /s/company_detail?code=6 HTTP/1.1" 200 195 "http://localhost:4200/company_detail/6" "Mozilla/5.0 (Macintosh; Intel Mac OS X 10_13_5) AppleWebKit/537.36 (KHTML, like Gecko) Chrome/67.0.3396.99 Safari/537.36"
::1 - - [16/Jul/2018:09:35:20 +0000] "GET /s/company HTTP/1.1" 304 - "http://localhost:4200/company" "Mozilla/5.0 (Macintosh; Intel Mac OS X 10_13_5) AppleWebKit/537.36 (KHTML, like Gecko) Chrome/67.0.3396.99 Safari/537.36"
::1 - - [16/Jul/2018:09:35:48 +0000] "GET /s/company HTTP/1.1" 304 - "http://localhost:4200/company" "Mozilla/5.0 (Macintosh; Intel Mac OS X 10_13_5) AppleWebKit/537.36 (KHTML, like Gecko) Chrome/67.0.3396.99 Safari/537.36"
::1 - - [16/Jul/2018:09:35:51 +0000] "GET /s/company_detail?code=7 HTTP/1.1" 200 195 "http://localhost:4200/company_detail/7" "Mozilla/5.0 (Macintosh; Intel Mac OS X 10_13_5) AppleWebKit/537.36 (KHTML, like Gecko) Chrome/67.0.3396.99 Safari/537.36"
::1 - - [16/Jul/2018:09:35:52 +0000] "GET /s/company HTTP/1.1" 304 - "http://localhost:4200/company" "Mozilla/5.0 (Macintosh; Intel Mac OS X 10_13_5) AppleWebKit/537.36 (KHTML, like Gecko) Chrome/67.0.3396.99 Safari/537.36"
::1 - - [16/Jul/2018:09:35:53 +0000] "GET /s/company_detail?code=8 HTTP/1.1" 200 195 "http://localhost:4200/company_detail/8" "Mozilla/5.0 (Macintosh; Intel Mac OS X 10_13_5) AppleWebKit/537.36 (KHTML, like Gecko) Chrome/67.0.3396.99 Safari/537.36"
::1 - - [16/Jul/2018:09:35:55 +0000] "GET /s/company HTTP/1.1" 304 - "http://localhost:4200/company" "Mozilla/5.0 (Macintosh; Intel Mac OS X 10_13_5) AppleWebKit/537.36 (KHTML, like Gecko) Chrome/67.0.3396.99 Safari/537.36"
::1 - - [16/Jul/2018:09:35:56 +0000] "GET /s/company_detail?code=1 HTTP/1.1" 304 - "http://localhost:4200/company_detail/1" "Mozilla/5.0 (Macintosh; Intel Mac OS X 10_13_5) AppleWebKit/537.36 (KHTML, like Gecko) Chrome/67.0.3396.99 Safari/537.36"
::1 - - [16/Jul/2018:09:35:58 +0000] "GET /s/company HTTP/1.1" 304 - "http://localhost:4200/company" "Mozilla/5.0 (Macintosh; Intel Mac OS X 10_13_5) AppleWebKit/537.36 (KHTML, like Gecko) Chrome/67.0.3396.99 Safari/537.36"
::1 - - [16/Jul/2018:09:35:59 +0000] "GET /s/company_detail?code=7 HTTP/1.1" 304 - "http://localhost:4200/company_detail/7" "Mozilla/5.0 (Macintosh; Intel Mac OS X 10_13_5) AppleWebKit/537.36 (KHTML, like Gecko) Chrome/67.0.3396.99 Safari/537.36"
::1 - - [16/Jul/2018:09:36:01 +0000] "GET /s/company HTTP/1.1" 304 - "http://localhost:4200/company" "Mozilla/5.0 (Macintosh; Intel Mac OS X 10_13_5) AppleWebKit/537.36 (KHTML, like Gecko) Chrome/67.0.3396.99 Safari/537.36"
::1 - - [16/Jul/2018:09:40:39 +0000] "GET /s/company HTTP/1.1" 304 - "http://localhost:4200/company" "Mozilla/5.0 (Macintosh; Intel Mac OS X 10_13_5) AppleWebKit/537.36 (KHTML, like Gecko) Chrome/67.0.3396.99 Safari/537.36"
::1 - - [16/Jul/2018:09:40:55 +0000] "GET /s/company HTTP/1.1" 304 - "http://localhost:4200/company" "Mozilla/5.0 (Macintosh; Intel Mac OS X 10_13_5) AppleWebKit/537.36 (KHTML, like Gecko) Chrome/67.0.3396.99 Safari/537.36"
::1 - - [16/Jul/2018:09:41:54 +0000] "GET /s/company HTTP/1.1" 304 - "http://localhost:4200/company" "Mozilla/5.0 (Macintosh; Intel Mac OS X 10_13_5) AppleWebKit/537.36 (KHTML, like Gecko) Chrome/67.0.3396.99 Safari/537.36"
