::1 - - [30/Jul/2018:01:04:04 +0000] "GET /s/company HTTP/1.1" 304 - "http://localhost:4200/company" "Mozilla/5.0 (Macintosh; Intel Mac OS X 10_13_6) AppleWebKit/537.36 (KHTML, like Gecko) Chrome/67.0.3396.99 Safari/537.36"
::1 - - [30/Jul/2018:01:55:43 +0000] "GET /s/service HTTP/1.1" 304 - "http://localhost:4200/service" "Mozilla/5.0 (Macintosh; Intel Mac OS X 10_13_6) AppleWebKit/537.36 (KHTML, like Gecko) Chrome/67.0.3396.99 Safari/537.36"
::1 - - [30/Jul/2018:01:55:44 +0000] "GET /s/usage_history HTTP/1.1" 304 - "http://localhost:4200/usage_history" "Mozilla/5.0 (Macintosh; Intel Mac OS X 10_13_6) AppleWebKit/537.36 (KHTML, like Gecko) Chrome/67.0.3396.99 Safari/537.36"
::1 - - [30/Jul/2018:01:55:46 +0000] "GET /s/company HTTP/1.1" 304 - "http://localhost:4200/company" "Mozilla/5.0 (Macintosh; Intel Mac OS X 10_13_6) AppleWebKit/537.36 (KHTML, like Gecko) Chrome/67.0.3396.99 Safari/537.36"
::1 - - [30/Jul/2018:01:55:47 +0000] "GET /s/service HTTP/1.1" 304 - "http://localhost:4200/service" "Mozilla/5.0 (Macintosh; Intel Mac OS X 10_13_6) AppleWebKit/537.36 (KHTML, like Gecko) Chrome/67.0.3396.99 Safari/537.36"
::1 - - [30/Jul/2018:01:55:49 +0000] "GET /s/usage_history HTTP/1.1" 304 - "http://localhost:4200/usage_history" "Mozilla/5.0 (Macintosh; Intel Mac OS X 10_13_6) AppleWebKit/537.36 (KHTML, like Gecko) Chrome/67.0.3396.99 Safari/537.36"
::1 - - [30/Jul/2018:02:00:51 +0000] "GET /s/usage_history HTTP/1.1" 304 - "http://localhost:4200/usage_history" "Mozilla/5.0 (Macintosh; Intel Mac OS X 10_13_6) AppleWebKit/537.36 (KHTML, like Gecko) Chrome/67.0.3396.99 Safari/537.36"
::1 - - [30/Jul/2018:02:02:23 +0000] "GET /s/usage_history HTTP/1.1" 304 - "http://localhost:4200/usage_history" "Mozilla/5.0 (Macintosh; Intel Mac OS X 10_13_6) AppleWebKit/537.36 (KHTML, like Gecko) Chrome/67.0.3396.99 Safari/537.36"
::1 - - [30/Jul/2018:02:02:37 +0000] "GET /s/usage_history HTTP/1.1" 304 - "http://localhost:4200/usage_history" "Mozilla/5.0 (Macintosh; Intel Mac OS X 10_13_6) AppleWebKit/537.36 (KHTML, like Gecko) Chrome/67.0.3396.99 Safari/537.36"
::1 - - [30/Jul/2018:02:02:46 +0000] "GET /s/usage_history HTTP/1.1" 304 - "http://localhost:4200/usage_history" "Mozilla/5.0 (Macintosh; Intel Mac OS X 10_13_6) AppleWebKit/537.36 (KHTML, like Gecko) Chrome/67.0.3396.99 Safari/537.36"
::1 - - [30/Jul/2018:02:04:16 +0000] "GET /s/usage_history HTTP/1.1" 304 - "http://localhost:4200/usage_history" "Mozilla/5.0 (Macintosh; Intel Mac OS X 10_13_6) AppleWebKit/537.36 (KHTML, like Gecko) Chrome/67.0.3396.99 Safari/537.36"
::1 - - [30/Jul/2018:02:04:39 +0000] "GET /s/usage_history HTTP/1.1" 304 - "http://localhost:4200/usage_history" "Mozilla/5.0 (Macintosh; Intel Mac OS X 10_13_6) AppleWebKit/537.36 (KHTML, like Gecko) Chrome/67.0.3396.99 Safari/537.36"
::1 - - [30/Jul/2018:02:04:47 +0000] "GET /s/company HTTP/1.1" 304 - "http://localhost:4200/company" "Mozilla/5.0 (Macintosh; Intel Mac OS X 10_13_6) AppleWebKit/537.36 (KHTML, like Gecko) Chrome/67.0.3396.99 Safari/537.36"
::1 - - [30/Jul/2018:02:04:49 +0000] "GET /s/service HTTP/1.1" 304 - "http://localhost:4200/service" "Mozilla/5.0 (Macintosh; Intel Mac OS X 10_13_6) AppleWebKit/537.36 (KHTML, like Gecko) Chrome/67.0.3396.99 Safari/537.36"
::1 - - [30/Jul/2018:02:04:51 +0000] "GET /s/company HTTP/1.1" 304 - "http://localhost:4200/company" "Mozilla/5.0 (Macintosh; Intel Mac OS X 10_13_6) AppleWebKit/537.36 (KHTML, like Gecko) Chrome/67.0.3396.99 Safari/537.36"
::1 - - [30/Jul/2018:02:04:52 +0000] "GET /s/service HTTP/1.1" 304 - "http://localhost:4200/service" "Mozilla/5.0 (Macintosh; Intel Mac OS X 10_13_6) AppleWebKit/537.36 (KHTML, like Gecko) Chrome/67.0.3396.99 Safari/537.36"
::1 - - [30/Jul/2018:02:04:54 +0000] "GET /s/company HTTP/1.1" 304 - "http://localhost:4200/company" "Mozilla/5.0 (Macintosh; Intel Mac OS X 10_13_6) AppleWebKit/537.36 (KHTML, like Gecko) Chrome/67.0.3396.99 Safari/537.36"
::1 - - [30/Jul/2018:02:04:57 +0000] "GET /s/service HTTP/1.1" 304 - "http://localhost:4200/service" "Mozilla/5.0 (Macintosh; Intel Mac OS X 10_13_6) AppleWebKit/537.36 (KHTML, like Gecko) Chrome/67.0.3396.99 Safari/537.36"
::1 - - [30/Jul/2018:02:04:58 +0000] "GET /s/company HTTP/1.1" 304 - "http://localhost:4200/company" "Mozilla/5.0 (Macintosh; Intel Mac OS X 10_13_6) AppleWebKit/537.36 (KHTML, like Gecko) Chrome/67.0.3396.99 Safari/537.36"
::1 - - [30/Jul/2018:02:04:59 +0000] "GET /s/service HTTP/1.1" 304 - "http://localhost:4200/service" "Mozilla/5.0 (Macintosh; Intel Mac OS X 10_13_6) AppleWebKit/537.36 (KHTML, like Gecko) Chrome/67.0.3396.99 Safari/537.36"
::1 - - [30/Jul/2018:02:05:01 +0000] "GET /s/company HTTP/1.1" 304 - "http://localhost:4200/company" "Mozilla/5.0 (Macintosh; Intel Mac OS X 10_13_6) AppleWebKit/537.36 (KHTML, like Gecko) Chrome/67.0.3396.99 Safari/537.36"
::1 - - [30/Jul/2018:02:05:02 +0000] "GET /s/usage_history HTTP/1.1" 304 - "http://localhost:4200/usage_history" "Mozilla/5.0 (Macintosh; Intel Mac OS X 10_13_6) AppleWebKit/537.36 (KHTML, like Gecko) Chrome/67.0.3396.99 Safari/537.36"
::1 - - [30/Jul/2018:02:05:03 +0000] "GET /s/company HTTP/1.1" 304 - "http://localhost:4200/company" "Mozilla/5.0 (Macintosh; Intel Mac OS X 10_13_6) AppleWebKit/537.36 (KHTML, like Gecko) Chrome/67.0.3396.99 Safari/537.36"
::1 - - [30/Jul/2018:02:05:05 +0000] "GET /s/service HTTP/1.1" 304 - "http://localhost:4200/service" "Mozilla/5.0 (Macintosh; Intel Mac OS X 10_13_6) AppleWebKit/537.36 (KHTML, like Gecko) Chrome/67.0.3396.99 Safari/537.36"
::1 - - [30/Jul/2018:02:08:43 +0000] "GET /s/service HTTP/1.1" 304 - "http://localhost:4200/service" "Mozilla/5.0 (Macintosh; Intel Mac OS X 10_13_6) AppleWebKit/537.36 (KHTML, like Gecko) Chrome/67.0.3396.99 Safari/537.36"
::1 - - [30/Jul/2018:02:09:48 +0000] "GET /s/service HTTP/1.1" 304 - "http://localhost:4200/service" "Mozilla/5.0 (Macintosh; Intel Mac OS X 10_13_6) AppleWebKit/537.36 (KHTML, like Gecko) Chrome/67.0.3396.99 Safari/537.36"
::1 - - [30/Jul/2018:02:09:49 +0000] "GET /s/usage_history HTTP/1.1" 304 - "http://localhost:4200/usage_history" "Mozilla/5.0 (Macintosh; Intel Mac OS X 10_13_6) AppleWebKit/537.36 (KHTML, like Gecko) Chrome/67.0.3396.99 Safari/537.36"
::1 - - [30/Jul/2018:02:09:51 +0000] "GET /s/service HTTP/1.1" 304 - "http://localhost:4200/service" "Mozilla/5.0 (Macintosh; Intel Mac OS X 10_13_6) AppleWebKit/537.36 (KHTML, like Gecko) Chrome/67.0.3396.99 Safari/537.36"
::1 - - [30/Jul/2018:02:09:53 +0000] "GET /s/usage_history HTTP/1.1" 304 - "http://localhost:4200/usage_history" "Mozilla/5.0 (Macintosh; Intel Mac OS X 10_13_6) AppleWebKit/537.36 (KHTML, like Gecko) Chrome/67.0.3396.99 Safari/537.36"
::1 - - [30/Jul/2018:02:09:54 +0000] "GET /s/service HTTP/1.1" 304 - "http://localhost:4200/service" "Mozilla/5.0 (Macintosh; Intel Mac OS X 10_13_6) AppleWebKit/537.36 (KHTML, like Gecko) Chrome/67.0.3396.99 Safari/537.36"
::1 - - [30/Jul/2018:02:09:58 +0000] "GET /s/usage_history HTTP/1.1" 304 - "http://localhost:4200/usage_history" "Mozilla/5.0 (Macintosh; Intel Mac OS X 10_13_6) AppleWebKit/537.36 (KHTML, like Gecko) Chrome/67.0.3396.99 Safari/537.36"
::1 - - [30/Jul/2018:02:09:59 +0000] "GET /s/company HTTP/1.1" 304 - "http://localhost:4200/company" "Mozilla/5.0 (Macintosh; Intel Mac OS X 10_13_6) AppleWebKit/537.36 (KHTML, like Gecko) Chrome/67.0.3396.99 Safari/537.36"
::1 - - [30/Jul/2018:02:10:02 +0000] "GET /s/service HTTP/1.1" 304 - "http://localhost:4200/service" "Mozilla/5.0 (Macintosh; Intel Mac OS X 10_13_6) AppleWebKit/537.36 (KHTML, like Gecko) Chrome/67.0.3396.99 Safari/537.36"
::1 - - [30/Jul/2018:02:10:06 +0000] "GET /s/usage_history HTTP/1.1" 304 - "http://localhost:4200/usage_history" "Mozilla/5.0 (Macintosh; Intel Mac OS X 10_13_6) AppleWebKit/537.36 (KHTML, like Gecko) Chrome/67.0.3396.99 Safari/537.36"
::1 - - [30/Jul/2018:02:10:07 +0000] "GET /s/company HTTP/1.1" 304 - "http://localhost:4200/company" "Mozilla/5.0 (Macintosh; Intel Mac OS X 10_13_6) AppleWebKit/537.36 (KHTML, like Gecko) Chrome/67.0.3396.99 Safari/537.36"
::1 - - [30/Jul/2018:02:10:10 +0000] "GET /s/usage_history HTTP/1.1" 304 - "http://localhost:4200/usage_history" "Mozilla/5.0 (Macintosh; Intel Mac OS X 10_13_6) AppleWebKit/537.36 (KHTML, like Gecko) Chrome/67.0.3396.99 Safari/537.36"
::1 - - [30/Jul/2018:02:10:10 +0000] "GET /s/service HTTP/1.1" 304 - "http://localhost:4200/service" "Mozilla/5.0 (Macintosh; Intel Mac OS X 10_13_6) AppleWebKit/537.36 (KHTML, like Gecko) Chrome/67.0.3396.99 Safari/537.36"
::1 - - [30/Jul/2018:02:10:11 +0000] "GET /s/company HTTP/1.1" 304 - "http://localhost:4200/company" "Mozilla/5.0 (Macintosh; Intel Mac OS X 10_13_6) AppleWebKit/537.36 (KHTML, like Gecko) Chrome/67.0.3396.99 Safari/537.36"
::1 - - [30/Jul/2018:02:10:37 +0000] "GET /s/company HTTP/1.1" 304 - "http://localhost:4200/company" "Mozilla/5.0 (Macintosh; Intel Mac OS X 10_13_6) AppleWebKit/537.36 (KHTML, like Gecko) Chrome/67.0.3396.99 Safari/537.36"
::1 - - [30/Jul/2018:02:12:01 +0000] "GET /s/service HTTP/1.1" 304 - "http://localhost:4200/service" "Mozilla/5.0 (Macintosh; Intel Mac OS X 10_13_6) AppleWebKit/537.36 (KHTML, like Gecko) Chrome/67.0.3396.99 Safari/537.36"
::1 - - [30/Jul/2018:02:16:37 +0000] "GET /s/company HTTP/1.1" 304 - "http://localhost:4200/company" "Mozilla/5.0 (Macintosh; Intel Mac OS X 10_13_6) AppleWebKit/537.36 (KHTML, like Gecko) Chrome/67.0.3396.99 Safari/537.36"
::1 - - [30/Jul/2018:02:17:04 +0000] "GET /s/company HTTP/1.1" 304 - "http://localhost:4200/company" "Mozilla/5.0 (Macintosh; Intel Mac OS X 10_13_6) AppleWebKit/537.36 (KHTML, like Gecko) Chrome/67.0.3396.99 Safari/537.36"
::1 - - [30/Jul/2018:02:17:05 +0000] "GET /s/service HTTP/1.1" 304 - "http://localhost:4200/service" "Mozilla/5.0 (Macintosh; Intel Mac OS X 10_13_6) AppleWebKit/537.36 (KHTML, like Gecko) Chrome/67.0.3396.99 Safari/537.36"
::1 - - [30/Jul/2018:02:20:27 +0000] "GET /s/service HTTP/1.1" 304 - "http://localhost:4200/service" "Mozilla/5.0 (Macintosh; Intel Mac OS X 10_13_6) AppleWebKit/537.36 (KHTML, like Gecko) Chrome/67.0.3396.99 Safari/537.36"
::1 - - [30/Jul/2018:02:22:38 +0000] "GET /s/service HTTP/1.1" 304 - "http://localhost:4200/service" "Mozilla/5.0 (Macintosh; Intel Mac OS X 10_13_6) AppleWebKit/537.36 (KHTML, like Gecko) Chrome/67.0.3396.99 Safari/537.36"
::1 - - [30/Jul/2018:02:22:44 +0000] "GET /s/service HTTP/1.1" 304 - "http://localhost:4200/service" "Mozilla/5.0 (Macintosh; Intel Mac OS X 10_13_6) AppleWebKit/537.36 (KHTML, like Gecko) Chrome/67.0.3396.99 Safari/537.36"
::1 - - [30/Jul/2018:02:22:46 +0000] "GET /s/company HTTP/1.1" 304 - "http://localhost:4200/company" "Mozilla/5.0 (Macintosh; Intel Mac OS X 10_13_6) AppleWebKit/537.36 (KHTML, like Gecko) Chrome/67.0.3396.99 Safari/537.36"
::1 - - [30/Jul/2018:02:22:48 +0000] "GET /s/service HTTP/1.1" 304 - "http://localhost:4200/service" "Mozilla/5.0 (Macintosh; Intel Mac OS X 10_13_6) AppleWebKit/537.36 (KHTML, like Gecko) Chrome/67.0.3396.99 Safari/537.36"
::1 - - [30/Jul/2018:02:24:34 +0000] "GET /s/service HTTP/1.1" 304 - "http://localhost:4200/service" "Mozilla/5.0 (Macintosh; Intel Mac OS X 10_13_6) AppleWebKit/537.36 (KHTML, like Gecko) Chrome/67.0.3396.99 Safari/537.36"
::1 - - [30/Jul/2018:02:25:56 +0000] "GET /s/service HTTP/1.1" 304 - "http://localhost:4200/service" "Mozilla/5.0 (Macintosh; Intel Mac OS X 10_13_6) AppleWebKit/537.36 (KHTML, like Gecko) Chrome/67.0.3396.99 Safari/537.36"
::1 - - [30/Jul/2018:02:26:17 +0000] "GET /s/service HTTP/1.1" 304 - "http://localhost:4200/service" "Mozilla/5.0 (Macintosh; Intel Mac OS X 10_13_6) AppleWebKit/537.36 (KHTML, like Gecko) Chrome/67.0.3396.99 Safari/537.36"
::1 - - [30/Jul/2018:02:26:23 +0000] "GET /s/service HTTP/1.1" 304 - "http://localhost:4200/service" "Mozilla/5.0 (Macintosh; Intel Mac OS X 10_13_6) AppleWebKit/537.36 (KHTML, like Gecko) Chrome/67.0.3396.99 Safari/537.36"
::1 - - [30/Jul/2018:02:26:25 +0000] "GET /s/company HTTP/1.1" 304 - "http://localhost:4200/company" "Mozilla/5.0 (Macintosh; Intel Mac OS X 10_13_6) AppleWebKit/537.36 (KHTML, like Gecko) Chrome/67.0.3396.99 Safari/537.36"
::1 - - [30/Jul/2018:02:27:48 +0000] "GET /s/company HTTP/1.1" 304 - "http://localhost:4200/company" "Mozilla/5.0 (Macintosh; Intel Mac OS X 10_13_6) AppleWebKit/537.36 (KHTML, like Gecko) Chrome/67.0.3396.99 Safari/537.36"
::1 - - [30/Jul/2018:02:27:50 +0000] "GET /s/service HTTP/1.1" 304 - "http://localhost:4200/service" "Mozilla/5.0 (Macintosh; Intel Mac OS X 10_13_6) AppleWebKit/537.36 (KHTML, like Gecko) Chrome/67.0.3396.99 Safari/537.36"
::1 - - [30/Jul/2018:02:27:52 +0000] "GET /s/usage_history HTTP/1.1" 304 - "http://localhost:4200/usage_history" "Mozilla/5.0 (Macintosh; Intel Mac OS X 10_13_6) AppleWebKit/537.36 (KHTML, like Gecko) Chrome/67.0.3396.99 Safari/537.36"
::1 - - [30/Jul/2018:02:27:52 +0000] "GET /s/service HTTP/1.1" 304 - "http://localhost:4200/service" "Mozilla/5.0 (Macintosh; Intel Mac OS X 10_13_6) AppleWebKit/537.36 (KHTML, like Gecko) Chrome/67.0.3396.99 Safari/537.36"
::1 - - [30/Jul/2018:02:28:02 +0000] "GET /s/company HTTP/1.1" 304 - "http://localhost:4200/company" "Mozilla/5.0 (Macintosh; Intel Mac OS X 10_13_6) AppleWebKit/537.36 (KHTML, like Gecko) Chrome/67.0.3396.99 Safari/537.36"
::1 - - [30/Jul/2018:02:28:03 +0000] "GET /s/service HTTP/1.1" 304 - "http://localhost:4200/service" "Mozilla/5.0 (Macintosh; Intel Mac OS X 10_13_6) AppleWebKit/537.36 (KHTML, like Gecko) Chrome/67.0.3396.99 Safari/537.36"
::1 - - [30/Jul/2018:02:28:06 +0000] "GET /s/service HTTP/1.1" 304 - "http://localhost:4200/service" "Mozilla/5.0 (Macintosh; Intel Mac OS X 10_13_6) AppleWebKit/537.36 (KHTML, like Gecko) Chrome/67.0.3396.99 Safari/537.36"
::1 - - [30/Jul/2018:02:28:09 +0000] "GET /s/service HTTP/1.1" 304 - "http://localhost:4200/service" "Mozilla/5.0 (Macintosh; Intel Mac OS X 10_13_6) AppleWebKit/537.36 (KHTML, like Gecko) Chrome/67.0.3396.99 Safari/537.36"
::1 - - [30/Jul/2018:02:30:09 +0000] "GET /s/company HTTP/1.1" 304 - "http://localhost:4200/company" "Mozilla/5.0 (Macintosh; Intel Mac OS X 10_13_6) AppleWebKit/537.36 (KHTML, like Gecko) Chrome/67.0.3396.99 Safari/537.36"
::1 - - [30/Jul/2018:02:30:10 +0000] "GET /s/company_detail?code=18 HTTP/1.1" 304 - "http://localhost:4200/company_detail/18" "Mozilla/5.0 (Macintosh; Intel Mac OS X 10_13_6) AppleWebKit/537.36 (KHTML, like Gecko) Chrome/67.0.3396.99 Safari/537.36"
::1 - - [30/Jul/2018:02:30:18 +0000] "GET /s/company HTTP/1.1" 304 - "http://localhost:4200/company" "Mozilla/5.0 (Macintosh; Intel Mac OS X 10_13_6) AppleWebKit/537.36 (KHTML, like Gecko) Chrome/67.0.3396.99 Safari/537.36"
::1 - - [30/Jul/2018:02:30:19 +0000] "GET /s/service HTTP/1.1" 304 - "http://localhost:4200/service" "Mozilla/5.0 (Macintosh; Intel Mac OS X 10_13_6) AppleWebKit/537.36 (KHTML, like Gecko) Chrome/67.0.3396.99 Safari/537.36"
::1 - - [30/Jul/2018:02:30:29 +0000] "GET /s/service HTTP/1.1" 304 - "http://localhost:4200/service" "Mozilla/5.0 (Macintosh; Intel Mac OS X 10_13_6) AppleWebKit/537.36 (KHTML, like Gecko) Chrome/67.0.3396.99 Safari/537.36"
::1 - - [30/Jul/2018:02:31:13 +0000] "GET /s/service HTTP/1.1" 304 - "http://localhost:4200/service" "Mozilla/5.0 (Macintosh; Intel Mac OS X 10_13_6) AppleWebKit/537.36 (KHTML, like Gecko) Chrome/67.0.3396.99 Safari/537.36"
::1 - - [30/Jul/2018:02:31:18 +0000] "GET /s/service HTTP/1.1" 304 - "http://localhost:4200/service" "Mozilla/5.0 (Macintosh; Intel Mac OS X 10_13_6) AppleWebKit/537.36 (KHTML, like Gecko) Chrome/67.0.3396.99 Safari/537.36"
::1 - - [30/Jul/2018:02:34:22 +0000] "GET /s/service HTTP/1.1" 304 - "http://localhost:4200/service" "Mozilla/5.0 (Macintosh; Intel Mac OS X 10_13_6) AppleWebKit/537.36 (KHTML, like Gecko) Chrome/67.0.3396.99 Safari/537.36"
::1 - - [30/Jul/2018:02:35:07 +0000] "GET /s/service HTTP/1.1" 304 - "http://localhost:4200/service" "Mozilla/5.0 (Macintosh; Intel Mac OS X 10_13_6) AppleWebKit/537.36 (KHTML, like Gecko) Chrome/67.0.3396.99 Safari/537.36"
::1 - - [30/Jul/2018:02:37:57 +0000] "GET /s/company_detail?code=5 HTTP/1.1" 304 - "http://localhost:4200/service_detail/5" "Mozilla/5.0 (Macintosh; Intel Mac OS X 10_13_6) AppleWebKit/537.36 (KHTML, like Gecko) Chrome/67.0.3396.99 Safari/537.36"
::1 - - [30/Jul/2018:02:38:41 +0000] "GET /s/company_detail?code=5 HTTP/1.1" 304 - "http://localhost:4200/service_detail/5" "Mozilla/5.0 (Macintosh; Intel Mac OS X 10_13_6) AppleWebKit/537.36 (KHTML, like Gecko) Chrome/67.0.3396.99 Safari/537.36"
::1 - - [30/Jul/2018:02:39:28 +0000] "GET /s/company_detail?code=5 HTTP/1.1" 304 - "http://localhost:4200/service_detail/5" "Mozilla/5.0 (Macintosh; Intel Mac OS X 10_13_6) AppleWebKit/537.36 (KHTML, like Gecko) Chrome/67.0.3396.99 Safari/537.36"
::1 - - [30/Jul/2018:02:39:37 +0000] "GET /s/company_detail?code=5 HTTP/1.1" 304 - "http://localhost:4200/service_detail/5" "Mozilla/5.0 (Macintosh; Intel Mac OS X 10_13_6) AppleWebKit/537.36 (KHTML, like Gecko) Chrome/67.0.3396.99 Safari/537.36"
::1 - - [30/Jul/2018:02:46:22 +0000] "GET /s/company_detail?code=5 HTTP/1.1" 304 - "http://localhost:4200/service_detail/5" "Mozilla/5.0 (Macintosh; Intel Mac OS X 10_13_6) AppleWebKit/537.36 (KHTML, like Gecko) Chrome/67.0.3396.99 Safari/537.36"
::1 - - [30/Jul/2018:02:47:05 +0000] "GET /s/company_detail?code=5 HTTP/1.1" 304 - "http://localhost:4200/service_detail/5" "Mozilla/5.0 (Macintosh; Intel Mac OS X 10_13_6) AppleWebKit/537.36 (KHTML, like Gecko) Chrome/67.0.3396.99 Safari/537.36"
::1 - - [30/Jul/2018:02:50:31 +0000] "GET /s/company_detail?code=5 HTTP/1.1" 304 - "http://localhost:4200/service_detail/5" "Mozilla/5.0 (Macintosh; Intel Mac OS X 10_13_6) AppleWebKit/537.36 (KHTML, like Gecko) Chrome/67.0.3396.99 Safari/537.36"
::1 - - [30/Jul/2018:02:50:49 +0000] "GET /s/company_detail?code=5 HTTP/1.1" 304 - "http://localhost:4200/service_detail/5" "Mozilla/5.0 (Macintosh; Intel Mac OS X 10_13_6) AppleWebKit/537.36 (KHTML, like Gecko) Chrome/67.0.3396.99 Safari/537.36"
::1 - - [30/Jul/2018:02:52:12 +0000] "GET /s/company_detail?code=5 HTTP/1.1" 304 - "http://localhost:4200/service_detail/5" "Mozilla/5.0 (Macintosh; Intel Mac OS X 10_13_6) AppleWebKit/537.36 (KHTML, like Gecko) Chrome/67.0.3396.99 Safari/537.36"
::1 - - [30/Jul/2018:02:52:39 +0000] "GET /s/company_detail?code=5 HTTP/1.1" 304 - "http://localhost:4200/service_detail/5" "Mozilla/5.0 (Macintosh; Intel Mac OS X 10_13_6) AppleWebKit/537.36 (KHTML, like Gecko) Chrome/67.0.3396.99 Safari/537.36"
::1 - - [30/Jul/2018:02:53:05 +0000] "GET /s/company_detail?code=5 HTTP/1.1" 304 - "http://localhost:4200/service_detail/5" "Mozilla/5.0 (Macintosh; Intel Mac OS X 10_13_6) AppleWebKit/537.36 (KHTML, like Gecko) Chrome/67.0.3396.99 Safari/537.36"
::1 - - [30/Jul/2018:02:54:37 +0000] "GET /s/company_detail?code=5 HTTP/1.1" 304 - "http://localhost:4200/service_detail/5" "Mozilla/5.0 (Macintosh; Intel Mac OS X 10_13_6) AppleWebKit/537.36 (KHTML, like Gecko) Chrome/67.0.3396.99 Safari/537.36"
::1 - - [30/Jul/2018:02:56:49 +0000] "GET /s/company_detail?code=5 HTTP/1.1" 304 - "http://localhost:4200/service_detail/5" "Mozilla/5.0 (Macintosh; Intel Mac OS X 10_13_6) AppleWebKit/537.36 (KHTML, like Gecko) Chrome/67.0.3396.99 Safari/537.36"
::1 - - [30/Jul/2018:02:56:56 +0000] "GET /s/company HTTP/1.1" 304 - "http://localhost:4200/company" "Mozilla/5.0 (Macintosh; Intel Mac OS X 10_13_6) AppleWebKit/537.36 (KHTML, like Gecko) Chrome/67.0.3396.99 Safari/537.36"
::1 - - [30/Jul/2018:02:56:58 +0000] "GET /s/service HTTP/1.1" 304 - "http://localhost:4200/service" "Mozilla/5.0 (Macintosh; Intel Mac OS X 10_13_6) AppleWebKit/537.36 (KHTML, like Gecko) Chrome/67.0.3396.99 Safari/537.36"
::1 - - [30/Jul/2018:02:56:59 +0000] "GET /s/company HTTP/1.1" 304 - "http://localhost:4200/company" "Mozilla/5.0 (Macintosh; Intel Mac OS X 10_13_6) AppleWebKit/537.36 (KHTML, like Gecko) Chrome/67.0.3396.99 Safari/537.36"
::1 - - [30/Jul/2018:02:57:00 +0000] "GET /s/company_detail?code=17 HTTP/1.1" 304 - "http://localhost:4200/company_detail/17" "Mozilla/5.0 (Macintosh; Intel Mac OS X 10_13_6) AppleWebKit/537.36 (KHTML, like Gecko) Chrome/67.0.3396.99 Safari/537.36"
::1 - - [30/Jul/2018:02:57:03 +0000] "GET /s/company_detail?code=17 HTTP/1.1" 304 - "http://localhost:4200/service_add/17" "Mozilla/5.0 (Macintosh; Intel Mac OS X 10_13_6) AppleWebKit/537.36 (KHTML, like Gecko) Chrome/67.0.3396.99 Safari/537.36"
::1 - - [30/Jul/2018:02:57:49 +0000] "GET /s/company_detail?code=17 HTTP/1.1" 304 - "http://localhost:4200/service_add/17" "Mozilla/5.0 (Macintosh; Intel Mac OS X 10_13_6) AppleWebKit/537.36 (KHTML, like Gecko) Chrome/67.0.3396.99 Safari/537.36"
::1 - - [30/Jul/2018:03:00:39 +0000] "GET /s/company_detail?code=17 HTTP/1.1" 304 - "http://localhost:4200/service_add/17" "Mozilla/5.0 (Macintosh; Intel Mac OS X 10_13_6) AppleWebKit/537.36 (KHTML, like Gecko) Chrome/67.0.3396.99 Safari/537.36"
::1 - - [30/Jul/2018:03:00:43 +0000] "GET /s/company HTTP/1.1" 304 - "http://localhost:4200/company" "Mozilla/5.0 (Macintosh; Intel Mac OS X 10_13_6) AppleWebKit/537.36 (KHTML, like Gecko) Chrome/67.0.3396.99 Safari/537.36"
::1 - - [30/Jul/2018:03:00:45 +0000] "GET /s/service HTTP/1.1" 304 - "http://localhost:4200/service" "Mozilla/5.0 (Macintosh; Intel Mac OS X 10_13_6) AppleWebKit/537.36 (KHTML, like Gecko) Chrome/67.0.3396.99 Safari/537.36"
::1 - - [30/Jul/2018:03:00:46 +0000] "GET /s/company_detail?code=16 HTTP/1.1" 200 302 "http://localhost:4200/service_detail/16" "Mozilla/5.0 (Macintosh; Intel Mac OS X 10_13_6) AppleWebKit/537.36 (KHTML, like Gecko) Chrome/67.0.3396.99 Safari/537.36"
::1 - - [30/Jul/2018:03:03:47 +0000] "GET /s/company_detail?code=16 HTTP/1.1" 304 - "http://localhost:4200/service_detail/16" "Mozilla/5.0 (Macintosh; Intel Mac OS X 10_13_6) AppleWebKit/537.36 (KHTML, like Gecko) Chrome/67.0.3396.99 Safari/537.36"
::1 - - [30/Jul/2018:03:04:05 +0000] "GET /s/company_detail?code=16 HTTP/1.1" 304 - "http://localhost:4200/service_detail/16" "Mozilla/5.0 (Macintosh; Intel Mac OS X 10_13_6) AppleWebKit/537.36 (KHTML, like Gecko) Chrome/67.0.3396.99 Safari/537.36"
::1 - - [30/Jul/2018:03:04:14 +0000] "GET /s/company_detail?code=16 HTTP/1.1" 304 - "http://localhost:4200/service_detail/16" "Mozilla/5.0 (Macintosh; Intel Mac OS X 10_13_6) AppleWebKit/537.36 (KHTML, like Gecko) Chrome/67.0.3396.99 Safari/537.36"
::1 - - [30/Jul/2018:03:04:15 +0000] "GET /s/company_detail?code=16 HTTP/1.1" 304 - "http://localhost:4200/service_detail/16" "Mozilla/5.0 (Macintosh; Intel Mac OS X 10_13_6) AppleWebKit/537.36 (KHTML, like Gecko) Chrome/67.0.3396.99 Safari/537.36"
::1 - - [30/Jul/2018:03:04:44 +0000] "GET /s/company_detail?code=16 HTTP/1.1" 304 - "http://localhost:4200/service_detail/16" "Mozilla/5.0 (Macintosh; Intel Mac OS X 10_13_6) AppleWebKit/537.36 (KHTML, like Gecko) Chrome/67.0.3396.99 Safari/537.36"
::1 - - [30/Jul/2018:03:05:37 +0000] "GET /s/company_detail?code=16 HTTP/1.1" 304 - "http://localhost:4200/service_detail/16" "Mozilla/5.0 (Macintosh; Intel Mac OS X 10_13_6) AppleWebKit/537.36 (KHTML, like Gecko) Chrome/67.0.3396.99 Safari/537.36"
::1 - - [30/Jul/2018:03:07:33 +0000] "GET /s/company_detail?code=16 HTTP/1.1" 304 - "http://localhost:4200/service_detail/16" "Mozilla/5.0 (Macintosh; Intel Mac OS X 10_13_6) AppleWebKit/537.36 (KHTML, like Gecko) Chrome/67.0.3396.99 Safari/537.36"
::1 - - [30/Jul/2018:03:07:36 +0000] "GET /s/company_detail?code=16 HTTP/1.1" 304 - "http://localhost:4200/service_detail/16" "Mozilla/5.0 (Macintosh; Intel Mac OS X 10_13_6) AppleWebKit/537.36 (KHTML, like Gecko) Chrome/67.0.3396.99 Safari/537.36"
::1 - - [30/Jul/2018:03:09:46 +0000] "GET /s/company_detail?code=16 HTTP/1.1" 304 - "http://localhost:4200/service_detail/16" "Mozilla/5.0 (Macintosh; Intel Mac OS X 10_13_6) AppleWebKit/537.36 (KHTML, like Gecko) Chrome/67.0.3396.99 Safari/537.36"
::1 - - [30/Jul/2018:03:10:02 +0000] "GET /s/company_detail?code=16 HTTP/1.1" 304 - "http://localhost:4200/service_detail/16" "Mozilla/5.0 (Macintosh; Intel Mac OS X 10_13_6) AppleWebKit/537.36 (KHTML, like Gecko) Chrome/67.0.3396.99 Safari/537.36"
::1 - - [30/Jul/2018:03:10:29 +0000] "GET /s/company_detail?code=16 HTTP/1.1" 304 - "http://localhost:4200/service_detail/16" "Mozilla/5.0 (Macintosh; Intel Mac OS X 10_13_6) AppleWebKit/537.36 (KHTML, like Gecko) Chrome/67.0.3396.99 Safari/537.36"
::1 - - [30/Jul/2018:03:10:42 +0000] "GET /s/company_detail?code=16 HTTP/1.1" 304 - "http://localhost:4200/service_detail/16" "Mozilla/5.0 (Macintosh; Intel Mac OS X 10_13_6) AppleWebKit/537.36 (KHTML, like Gecko) Chrome/67.0.3396.99 Safari/537.36"
::1 - - [30/Jul/2018:03:11:30 +0000] "GET /s/company_detail?code=16 HTTP/1.1" 304 - "http://localhost:4200/service_detail/16" "Mozilla/5.0 (Macintosh; Intel Mac OS X 10_13_6) AppleWebKit/537.36 (KHTML, like Gecko) Chrome/67.0.3396.99 Safari/537.36"
::1 - - [30/Jul/2018:03:19:16 +0000] "GET /s/service HTTP/1.1" 304 - "http://localhost:4200/service" "Mozilla/5.0 (Macintosh; Intel Mac OS X 10_13_6) AppleWebKit/537.36 (KHTML, like Gecko) Chrome/67.0.3396.99 Safari/537.36"
::1 - - [30/Jul/2018:05:09:16 +0000] "GET /s/service HTTP/1.1" 304 - "http://localhost:4200/service" "Mozilla/5.0 (Macintosh; Intel Mac OS X 10_13_6) AppleWebKit/537.36 (KHTML, like Gecko) Chrome/67.0.3396.99 Safari/537.36"
::1 - - [30/Jul/2018:05:09:46 +0000] "GET /s/service HTTP/1.1" 304 - "http://localhost:4200/service" "Mozilla/5.0 (Macintosh; Intel Mac OS X 10_13_6) AppleWebKit/537.36 (KHTML, like Gecko) Chrome/67.0.3396.99 Safari/537.36"
::1 - - [30/Jul/2018:05:11:02 +0000] "GET /s/service HTTP/1.1" 304 - "http://localhost:4200/service" "Mozilla/5.0 (Macintosh; Intel Mac OS X 10_13_6) AppleWebKit/537.36 (KHTML, like Gecko) Chrome/67.0.3396.99 Safari/537.36"
::1 - - [30/Jul/2018:07:30:33 +0000] "GET /s/company HTTP/1.1" 304 - "http://localhost:4200/company" "Mozilla/5.0 (Macintosh; Intel Mac OS X 10_13_6) AppleWebKit/537.36 (KHTML, like Gecko) Chrome/67.0.3396.99 Safari/537.36"
::1 - - [30/Jul/2018:07:31:24 +0000] "GET /s/company HTTP/1.1" 304 - "http://localhost:4200/company" "Mozilla/5.0 (Macintosh; Intel Mac OS X 10_13_6) AppleWebKit/537.36 (KHTML, like Gecko) Chrome/67.0.3396.99 Safari/537.36"
::1 - - [30/Jul/2018:07:31:32 +0000] "GET /s/company HTTP/1.1" 200 1645 "http://localhost:4200/company" "Mozilla/5.0 (Macintosh; Intel Mac OS X 10_13_6) AppleWebKit/537.36 (KHTML, like Gecko) Chrome/67.0.3396.99 Safari/537.36"
::1 - - [30/Jul/2018:07:31:52 +0000] "GET /s/company HTTP/1.1" 304 - "http://localhost:4200/company" "Mozilla/5.0 (Macintosh; Intel Mac OS X 10_13_6) AppleWebKit/537.36 (KHTML, like Gecko) Chrome/67.0.3396.99 Safari/537.36"
::1 - - [30/Jul/2018:07:31:57 +0000] "GET /s/company HTTP/1.1" 304 - "http://localhost:4200/company" "Mozilla/5.0 (Macintosh; Intel Mac OS X 10_13_6) AppleWebKit/537.36 (KHTML, like Gecko) Chrome/67.0.3396.99 Safari/537.36"
::1 - - [30/Jul/2018:07:32:37 +0000] "GET /s/company HTTP/1.1" 304 - "http://localhost:4200/company" "Mozilla/5.0 (Macintosh; Intel Mac OS X 10_13_6) AppleWebKit/537.36 (KHTML, like Gecko) Chrome/67.0.3396.99 Safari/537.36"
::1 - - [30/Jul/2018:08:16:11 +0000] "GET /s/company HTTP/1.1" 304 - "http://localhost:4200/company" "Mozilla/5.0 (Macintosh; Intel Mac OS X 10_13_6) AppleWebKit/537.36 (KHTML, like Gecko) Chrome/67.0.3396.99 Safari/537.36"
::1 - - [30/Jul/2018:08:16:14 +0000] "GET /s/usage_history HTTP/1.1" 304 - "http://localhost:4200/usage_history" "Mozilla/5.0 (Macintosh; Intel Mac OS X 10_13_6) AppleWebKit/537.36 (KHTML, like Gecko) Chrome/67.0.3396.99 Safari/537.36"
::1 - - [30/Jul/2018:08:16:15 +0000] "GET /s/service HTTP/1.1" 304 - "http://localhost:4200/service" "Mozilla/5.0 (Macintosh; Intel Mac OS X 10_13_6) AppleWebKit/537.36 (KHTML, like Gecko) Chrome/67.0.3396.99 Safari/537.36"
::1 - - [30/Jul/2018:08:16:16 +0000] "GET /s/company_detail?code=17 HTTP/1.1" 304 - "http://localhost:4200/service_detail/17" "Mozilla/5.0 (Macintosh; Intel Mac OS X 10_13_6) AppleWebKit/537.36 (KHTML, like Gecko) Chrome/67.0.3396.99 Safari/537.36"
::1 - - [30/Jul/2018:08:19:48 +0000] "GET /s/company_detail?code=11 HTTP/1.1" 200 321 "http://localhost:4200/service_detail/11" "Mozilla/5.0 (Macintosh; Intel Mac OS X 10_13_6) AppleWebKit/537.36 (KHTML, like Gecko) Chrome/67.0.3396.99 Safari/537.36"
::1 - - [30/Jul/2018:08:20:09 +0000] "GET /s/company_detail?code=5 HTTP/1.1" 304 - "http://localhost:4200/service_detail/5" "Mozilla/5.0 (Macintosh; Intel Mac OS X 10_13_6) AppleWebKit/537.36 (KHTML, like Gecko) Chrome/67.0.3396.99 Safari/537.36"
::1 - - [30/Jul/2018:08:20:18 +0000] "GET /s/company_detail?code=2 HTTP/1.1" 200 351 "http://localhost:4200/service_detail/2" "Mozilla/5.0 (Macintosh; Intel Mac OS X 10_13_6) AppleWebKit/537.36 (KHTML, like Gecko) Chrome/67.0.3396.99 Safari/537.36"
::1 - - [30/Jul/2018:09:00:08 +0000] "GET /s/company_detail?code=2 HTTP/1.1" 304 - "http://localhost:4200/service_detail/2" "Mozilla/5.0 (Macintosh; Intel Mac OS X 10_13_6) AppleWebKit/537.36 (KHTML, like Gecko) Chrome/67.0.3396.99 Safari/537.36"
::1 - - [30/Jul/2018:09:01:35 +0000] "GET /s/company_detail?code=2 HTTP/1.1" 304 - "http://localhost:4200/service_detail/2" "Mozilla/5.0 (Macintosh; Intel Mac OS X 10_13_6) AppleWebKit/537.36 (KHTML, like Gecko) Chrome/67.0.3396.99 Safari/537.36"
::1 - - [31/Jul/2018:01:39:39 +0000] "GET /s/company_detail?code=2 HTTP/1.1" 304 - "http://localhost:4200/service_detail/2" "Mozilla/5.0 (Macintosh; Intel Mac OS X 10_13_6) AppleWebKit/537.36 (KHTML, like Gecko) Chrome/67.0.3396.99 Safari/537.36"
::1 - - [31/Jul/2018:02:25:36 +0000] "GET /s/company HTTP/1.1" 200 1639 "http://localhost:4200/company" "Mozilla/5.0 (Macintosh; Intel Mac OS X 10_13_6) AppleWebKit/537.36 (KHTML, like Gecko) Chrome/67.0.3396.99 Safari/537.36"
::1 - - [31/Jul/2018:02:25:36 +0000] "GET /s/company_detail?code=12 HTTP/1.1" 200 303 "http://localhost:4200/company_detail/12" "Mozilla/5.0 (Macintosh; Intel Mac OS X 10_13_6) AppleWebKit/537.36 (KHTML, like Gecko) Chrome/67.0.3396.99 Safari/537.36"
::1 - - [31/Jul/2018:02:25:38 +0000] "GET /s/company_detail?code=12 HTTP/1.1" 304 - "http://localhost:4200/service_add/12" "Mozilla/5.0 (Macintosh; Intel Mac OS X 10_13_6) AppleWebKit/537.36 (KHTML, like Gecko) Chrome/67.0.3396.99 Safari/537.36"
::1 - - [31/Jul/2018:02:25:41 +0000] "GET /s/company HTTP/1.1" 304 - "http://localhost:4200/company" "Mozilla/5.0 (Macintosh; Intel Mac OS X 10_13_6) AppleWebKit/537.36 (KHTML, like Gecko) Chrome/67.0.3396.99 Safari/537.36"
::1 - - [31/Jul/2018:02:25:42 +0000] "GET /s/service HTTP/1.1" 200 1693 "http://localhost:4200/service" "Mozilla/5.0 (Macintosh; Intel Mac OS X 10_13_6) AppleWebKit/537.36 (KHTML, like Gecko) Chrome/67.0.3396.99 Safari/537.36"
::1 - - [31/Jul/2018:02:25:44 +0000] "GET /s/usage_history HTTP/1.1" 304 - "http://localhost:4200/usage_history" "Mozilla/5.0 (Macintosh; Intel Mac OS X 10_13_6) AppleWebKit/537.36 (KHTML, like Gecko) Chrome/67.0.3396.99 Safari/537.36"
::1 - - [31/Jul/2018:02:25:46 +0000] "GET /s/company HTTP/1.1" 304 - "http://localhost:4200/company" "Mozilla/5.0 (Macintosh; Intel Mac OS X 10_13_6) AppleWebKit/537.36 (KHTML, like Gecko) Chrome/67.0.3396.99 Safari/537.36"
::1 - - [31/Jul/2018:02:25:48 +0000] "GET /s/usage_history HTTP/1.1" 304 - "http://localhost:4200/usage_history" "Mozilla/5.0 (Macintosh; Intel Mac OS X 10_13_6) AppleWebKit/537.36 (KHTML, like Gecko) Chrome/67.0.3396.99 Safari/537.36"
::1 - - [31/Jul/2018:02:25:49 +0000] "GET /s/service HTTP/1.1" 304 - "http://localhost:4200/service" "Mozilla/5.0 (Macintosh; Intel Mac OS X 10_13_6) AppleWebKit/537.36 (KHTML, like Gecko) Chrome/67.0.3396.99 Safari/537.36"
::1 - - [31/Jul/2018:02:25:53 +0000] "GET /s/company_detail?code=12 HTTP/1.1" 304 - "http://localhost:4200/service_detail/12" "Mozilla/5.0 (Macintosh; Intel Mac OS X 10_13_6) AppleWebKit/537.36 (KHTML, like Gecko) Chrome/67.0.3396.99 Safari/537.36"
::1 - - [31/Jul/2018:02:25:58 +0000] "GET /s/company HTTP/1.1" 304 - "http://localhost:4200/company" "Mozilla/5.0 (Macintosh; Intel Mac OS X 10_13_6) AppleWebKit/537.36 (KHTML, like Gecko) Chrome/67.0.3396.99 Safari/537.36"
::1 - - [31/Jul/2018:02:26:00 +0000] "GET /s/service HTTP/1.1" 304 - "http://localhost:4200/service" "Mozilla/5.0 (Macintosh; Intel Mac OS X 10_13_6) AppleWebKit/537.36 (KHTML, like Gecko) Chrome/67.0.3396.99 Safari/537.36"
::1 - - [31/Jul/2018:02:26:02 +0000] "GET /s/company HTTP/1.1" 304 - "http://localhost:4200/company" "Mozilla/5.0 (Macintosh; Intel Mac OS X 10_13_6) AppleWebKit/537.36 (KHTML, like Gecko) Chrome/67.0.3396.99 Safari/537.36"
::1 - - [31/Jul/2018:02:26:04 +0000] "GET /s/company_detail?code=12 HTTP/1.1" 304 - "http://localhost:4200/company_detail/12" "Mozilla/5.0 (Macintosh; Intel Mac OS X 10_13_6) AppleWebKit/537.36 (KHTML, like Gecko) Chrome/67.0.3396.99 Safari/537.36"
::1 - - [31/Jul/2018:02:26:16 +0000] "OPTIONS /u/company_info_update HTTP/1.1" 200 4 "-" "Mozilla/5.0 (Macintosh; Intel Mac OS X 10_13_6) AppleWebKit/537.36 (KHTML, like Gecko) Chrome/67.0.3396.99 Safari/537.36"
::1 - - [31/Jul/2018:02:26:16 +0000] "POST /u/company_info_update HTTP/1.1" 200 51 "http://localhost:4200/company_detail/12" "Mozilla/5.0 (Macintosh; Intel Mac OS X 10_13_6) AppleWebKit/537.36 (KHTML, like Gecko) Chrome/67.0.3396.99 Safari/537.36"
::1 - - [31/Jul/2018:02:26:18 +0000] "GET /s/company HTTP/1.1" 304 - "http://localhost:4200/company" "Mozilla/5.0 (Macintosh; Intel Mac OS X 10_13_6) AppleWebKit/537.36 (KHTML, like Gecko) Chrome/67.0.3396.99 Safari/537.36"
::1 - - [31/Jul/2018:02:26:21 +0000] "GET /s/service HTTP/1.1" 304 - "http://localhost:4200/service" "Mozilla/5.0 (Macintosh; Intel Mac OS X 10_13_6) AppleWebKit/537.36 (KHTML, like Gecko) Chrome/67.0.3396.99 Safari/537.36"
::1 - - [31/Jul/2018:02:26:27 +0000] "GET /s/company_detail?code=12 HTTP/1.1" 200 311 "http://localhost:4200/service_detail/12" "Mozilla/5.0 (Macintosh; Intel Mac OS X 10_13_6) AppleWebKit/537.36 (KHTML, like Gecko) Chrome/67.0.3396.99 Safari/537.36"
::1 - - [31/Jul/2018:02:26:29 +0000] "GET /s/company HTTP/1.1" 304 - "http://localhost:4200/company" "Mozilla/5.0 (Macintosh; Intel Mac OS X 10_13_6) AppleWebKit/537.36 (KHTML, like Gecko) Chrome/67.0.3396.99 Safari/537.36"
::1 - - [31/Jul/2018:02:26:31 +0000] "GET /s/service HTTP/1.1" 304 - "http://localhost:4200/service" "Mozilla/5.0 (Macintosh; Intel Mac OS X 10_13_6) AppleWebKit/537.36 (KHTML, like Gecko) Chrome/67.0.3396.99 Safari/537.36"
::1 - - [31/Jul/2018:02:26:34 +0000] "GET /s/company_detail?code=12 HTTP/1.1" 304 - "http://localhost:4200/service_detail/12" "Mozilla/5.0 (Macintosh; Intel Mac OS X 10_13_6) AppleWebKit/537.36 (KHTML, like Gecko) Chrome/67.0.3396.99 Safari/537.36"
::1 - - [31/Jul/2018:02:26:37 +0000] "GET /s/company HTTP/1.1" 304 - "http://localhost:4200/company" "Mozilla/5.0 (Macintosh; Intel Mac OS X 10_13_6) AppleWebKit/537.36 (KHTML, like Gecko) Chrome/67.0.3396.99 Safari/537.36"
::1 - - [31/Jul/2018:02:26:39 +0000] "GET /s/service HTTP/1.1" 304 - "http://localhost:4200/service" "Mozilla/5.0 (Macintosh; Intel Mac OS X 10_13_6) AppleWebKit/537.36 (KHTML, like Gecko) Chrome/67.0.3396.99 Safari/537.36"
::1 - - [31/Jul/2018:02:26:45 +0000] "GET /s/company_detail?code=13 HTTP/1.1" 200 306 "http://localhost:4200/service_detail/13" "Mozilla/5.0 (Macintosh; Intel Mac OS X 10_13_6) AppleWebKit/537.36 (KHTML, like Gecko) Chrome/67.0.3396.99 Safari/537.36"
::1 - - [31/Jul/2018:02:26:55 +0000] "GET /s/company HTTP/1.1" 304 - "http://localhost:4200/company" "Mozilla/5.0 (Macintosh; Intel Mac OS X 10_13_6) AppleWebKit/537.36 (KHTML, like Gecko) Chrome/67.0.3396.99 Safari/537.36"
::1 - - [31/Jul/2018:02:27:11 +0000] "GET /s/company_detail?code=18 HTTP/1.1" 304 - "http://localhost:4200/company_detail/18" "Mozilla/5.0 (Macintosh; Intel Mac OS X 10_13_6) AppleWebKit/537.36 (KHTML, like Gecko) Chrome/67.0.3396.99 Safari/537.36"
::1 - - [31/Jul/2018:02:27:14 +0000] "GET /s/company HTTP/1.1" 304 - "http://localhost:4200/company" "Mozilla/5.0 (Macintosh; Intel Mac OS X 10_13_6) AppleWebKit/537.36 (KHTML, like Gecko) Chrome/67.0.3396.99 Safari/537.36"
::1 - - [31/Jul/2018:02:31:30 +0000] "GET /s/company_detail?code=14 HTTP/1.1" 200 309 "http://localhost:4200/company_detail/14" "Mozilla/5.0 (Macintosh; Intel Mac OS X 10_13_6) AppleWebKit/537.36 (KHTML, like Gecko) Chrome/67.0.3396.99 Safari/537.36"
::1 - - [31/Jul/2018:02:49:55 +0000] "GET /s/company HTTP/1.1" 304 - "http://localhost:4200/company" "Mozilla/5.0 (Macintosh; Intel Mac OS X 10_13_6) AppleWebKit/537.36 (KHTML, like Gecko) Chrome/67.0.3396.99 Safari/537.36"
::1 - - [31/Jul/2018:04:01:17 +0000] "GET /s/company_detail?code=14 HTTP/1.1" 304 - "http://localhost:4200/company_detail/14" "Mozilla/5.0 (Macintosh; Intel Mac OS X 10_13_6) AppleWebKit/537.36 (KHTML, like Gecko) Chrome/67.0.3396.99 Safari/537.36"
::1 - - [31/Jul/2018:04:01:24 +0000] "GET /s/company HTTP/1.1" 304 - "http://localhost:4200/company" "Mozilla/5.0 (Macintosh; Intel Mac OS X 10_13_6) AppleWebKit/537.36 (KHTML, like Gecko) Chrome/67.0.3396.99 Safari/537.36"
::1 - - [31/Jul/2018:04:01:25 +0000] "GET /s/usage_history HTTP/1.1" 304 - "http://localhost:4200/usage_history" "Mozilla/5.0 (Macintosh; Intel Mac OS X 10_13_6) AppleWebKit/537.36 (KHTML, like Gecko) Chrome/67.0.3396.99 Safari/537.36"
::1 - - [31/Jul/2018:04:07:29 +0000] "GET /s/usage_history HTTP/1.1" 304 - "http://localhost:4200/usage_history" "Mozilla/5.0 (Macintosh; Intel Mac OS X 10_13_6) AppleWebKit/537.36 (KHTML, like Gecko) Chrome/67.0.3396.99 Safari/537.36"
::1 - - [31/Jul/2018:04:41:32 +0000] "GET /s/usage_history HTTP/1.1" 304 - "http://localhost:4200/usage_history" "Mozilla/5.0 (Macintosh; Intel Mac OS X 10_13_6) AppleWebKit/537.36 (KHTML, like Gecko) Chrome/67.0.3396.99 Safari/537.36"
::1 - - [31/Jul/2018:04:41:35 +0000] "GET /s/usage_history HTTP/1.1" 304 - "http://localhost:4200/usage_history" "Mozilla/5.0 (Macintosh; Intel Mac OS X 10_13_6) AppleWebKit/537.36 (KHTML, like Gecko) Chrome/67.0.3396.99 Safari/537.36"
::1 - - [31/Jul/2018:05:32:51 +0000] "GET /s/company HTTP/1.1" 304 - "http://localhost:4200/company" "Mozilla/5.0 (Macintosh; Intel Mac OS X 10_13_6) AppleWebKit/537.36 (KHTML, like Gecko) Chrome/67.0.3396.99 Safari/537.36"
::1 - - [31/Jul/2018:05:47:34 +0000] "GET /s/company HTTP/1.1" 304 - "http://localhost:4200/company" "Mozilla/5.0 (Macintosh; Intel Mac OS X 10_13_6) AppleWebKit/537.36 (KHTML, like Gecko) Chrome/67.0.3396.99 Safari/537.36"
::1 - - [31/Jul/2018:05:55:50 +0000] "GET /s/company HTTP/1.1" 304 - "http://localhost:4200/company" "Mozilla/5.0 (Macintosh; Intel Mac OS X 10_13_6) AppleWebKit/537.36 (KHTML, like Gecko) Chrome/67.0.3396.99 Safari/537.36"
::1 - - [31/Jul/2018:05:55:59 +0000] "GET /s/company HTTP/1.1" 304 - "http://localhost:4200/company" "Mozilla/5.0 (Macintosh; Intel Mac OS X 10_13_6) AppleWebKit/537.36 (KHTML, like Gecko) Chrome/67.0.3396.99 Safari/537.36"
::1 - - [31/Jul/2018:05:56:27 +0000] "GET /s/company HTTP/1.1" 304 - "http://localhost:4200/company" "Mozilla/5.0 (Macintosh; Intel Mac OS X 10_13_6) AppleWebKit/537.36 (KHTML, like Gecko) Chrome/67.0.3396.99 Safari/537.36"
::1 - - [06/Aug/2018:03:20:19 +0000] "GET /s/company HTTP/1.1" 304 - "http://localhost:4200/company" "Mozilla/5.0 (Macintosh; Intel Mac OS X 10_13_6) AppleWebKit/537.36 (KHTML, like Gecko) Chrome/68.0.3440.84 Safari/537.36"
::1 - - [06/Aug/2018:03:25:51 +0000] "GET /s/company HTTP/1.1" 304 - "http://localhost:4200/company" "Mozilla/5.0 (Macintosh; Intel Mac OS X 10_13_6) AppleWebKit/537.36 (KHTML, like Gecko) Chrome/68.0.3440.84 Safari/537.36"
::1 - - [06/Aug/2018:03:25:57 +0000] "GET /s/company HTTP/1.1" 304 - "http://localhost:4200/company" "Mozilla/5.0 (Macintosh; Intel Mac OS X 10_13_6) AppleWebKit/537.36 (KHTML, like Gecko) Chrome/68.0.3440.84 Safari/537.36"
::1 - - [06/Aug/2018:03:26:12 +0000] "GET /s/company HTTP/1.1" 304 - "http://localhost:4200/company" "Mozilla/5.0 (Macintosh; Intel Mac OS X 10_13_6) AppleWebKit/537.36 (KHTML, like Gecko) Chrome/68.0.3440.84 Safari/537.36"
::1 - - [06/Aug/2018:03:26:23 +0000] "GET /s/company HTTP/1.1" 304 - "http://localhost:4200/company" "Mozilla/5.0 (Macintosh; Intel Mac OS X 10_13_6) AppleWebKit/537.36 (KHTML, like Gecko) Chrome/68.0.3440.84 Safari/537.36"
::1 - - [06/Aug/2018:03:26:26 +0000] "GET /s/company HTTP/1.1" 304 - "http://localhost:4200/company" "Mozilla/5.0 (Macintosh; Intel Mac OS X 10_13_6) AppleWebKit/537.36 (KHTML, like Gecko) Chrome/68.0.3440.84 Safari/537.36"
::1 - - [06/Aug/2018:03:27:19 +0000] "GET /s/service HTTP/1.1" 304 - "http://localhost:4200/service" "Mozilla/5.0 (Macintosh; Intel Mac OS X 10_13_6) AppleWebKit/537.36 (KHTML, like Gecko) Chrome/68.0.3440.84 Safari/537.36"
::1 - - [06/Aug/2018:03:27:21 +0000] "GET /s/usage_history HTTP/1.1" 304 - "http://localhost:4200/usage_history" "Mozilla/5.0 (Macintosh; Intel Mac OS X 10_13_6) AppleWebKit/537.36 (KHTML, like Gecko) Chrome/68.0.3440.84 Safari/537.36"
::1 - - [06/Aug/2018:03:27:25 +0000] "GET /s/company HTTP/1.1" 304 - "http://localhost:4200/company" "Mozilla/5.0 (Macintosh; Intel Mac OS X 10_13_6) AppleWebKit/537.36 (KHTML, like Gecko) Chrome/68.0.3440.84 Safari/537.36"
::1 - - [06/Aug/2018:03:28:15 +0000] "GET /s/company HTTP/1.1" 304 - "http://localhost:4200/company" "Mozilla/5.0 (Macintosh; Intel Mac OS X 10_13_6) AppleWebKit/537.36 (KHTML, like Gecko) Chrome/68.0.3440.84 Safari/537.36"
::1 - - [06/Aug/2018:03:29:24 +0000] "GET /s/company HTTP/1.1" 304 - "http://localhost:4200/company" "Mozilla/5.0 (Macintosh; Intel Mac OS X 10_13_6) AppleWebKit/537.36 (KHTML, like Gecko) Chrome/68.0.3440.84 Safari/537.36"
::1 - - [06/Aug/2018:05:12:52 +0000] "GET /s/company_detail?code=18 HTTP/1.1" 200 303 "http://localhost:4200/company_detail/18" "Mozilla/5.0 (Macintosh; Intel Mac OS X 10_13_6) AppleWebKit/537.36 (KHTML, like Gecko) Chrome/68.0.3440.84 Safari/537.36"
::1 - - [06/Aug/2018:05:15:36 +0000] "GET /s/company_detail?code=18 HTTP/1.1" 304 - "http://localhost:4200/service_add/18" "Mozilla/5.0 (Macintosh; Intel Mac OS X 10_13_6) AppleWebKit/537.36 (KHTML, like Gecko) Chrome/68.0.3440.84 Safari/537.36"
::1 - - [06/Aug/2018:05:16:46 +0000] "GET /s/company_detail?code=18 HTTP/1.1" 304 - "http://localhost:4200/service_add/18" "Mozilla/5.0 (Macintosh; Intel Mac OS X 10_13_6) AppleWebKit/537.36 (KHTML, like Gecko) Chrome/68.0.3440.84 Safari/537.36"
::1 - - [06/Aug/2018:05:18:41 +0000] "GET /s/company_detail?code=18 HTTP/1.1" 304 - "http://localhost:4200/service_add/18" "Mozilla/5.0 (Macintosh; Intel Mac OS X 10_13_6) AppleWebKit/537.36 (KHTML, like Gecko) Chrome/68.0.3440.84 Safari/537.36"
::1 - - [06/Aug/2018:05:18:56 +0000] "GET /s/company_detail?code=18 HTTP/1.1" 304 - "http://localhost:4200/service_add/18" "Mozilla/5.0 (Macintosh; Intel Mac OS X 10_13_6) AppleWebKit/537.36 (KHTML, like Gecko) Chrome/68.0.3440.84 Safari/537.36"
::1 - - [06/Aug/2018:05:18:59 +0000] "GET /s/company_detail?code=18 HTTP/1.1" 304 - "http://localhost:4200/service_add/18" "Mozilla/5.0 (Macintosh; Intel Mac OS X 10_13_6) AppleWebKit/537.36 (KHTML, like Gecko) Chrome/68.0.3440.84 Safari/537.36"
::1 - - [06/Aug/2018:05:19:39 +0000] "GET /s/company HTTP/1.1" 304 - "http://localhost:4200/company" "Mozilla/5.0 (Macintosh; Intel Mac OS X 10_13_6) AppleWebKit/537.36 (KHTML, like Gecko) Chrome/68.0.3440.84 Safari/537.36"
::1 - - [06/Aug/2018:05:19:46 +0000] "GET /s/usage_history HTTP/1.1" 304 - "http://localhost:4200/usage_history" "Mozilla/5.0 (Macintosh; Intel Mac OS X 10_13_6) AppleWebKit/537.36 (KHTML, like Gecko) Chrome/68.0.3440.84 Safari/537.36"
::1 - - [06/Aug/2018:05:19:47 +0000] "GET /s/service HTTP/1.1" 304 - "http://localhost:4200/service" "Mozilla/5.0 (Macintosh; Intel Mac OS X 10_13_6) AppleWebKit/537.36 (KHTML, like Gecko) Chrome/68.0.3440.84 Safari/537.36"
::1 - - [06/Aug/2018:05:19:49 +0000] "GET /s/company HTTP/1.1" 304 - "http://localhost:4200/company" "Mozilla/5.0 (Macintosh; Intel Mac OS X 10_13_6) AppleWebKit/537.36 (KHTML, like Gecko) Chrome/68.0.3440.84 Safari/537.36"
::1 - - [06/Aug/2018:05:19:51 +0000] "GET /s/service HTTP/1.1" 304 - "http://localhost:4200/service" "Mozilla/5.0 (Macintosh; Intel Mac OS X 10_13_6) AppleWebKit/537.36 (KHTML, like Gecko) Chrome/68.0.3440.84 Safari/537.36"
::1 - - [06/Aug/2018:05:19:56 +0000] "GET /s/company HTTP/1.1" 304 - "http://localhost:4200/company" "Mozilla/5.0 (Macintosh; Intel Mac OS X 10_13_6) AppleWebKit/537.36 (KHTML, like Gecko) Chrome/68.0.3440.84 Safari/537.36"
::1 - - [06/Aug/2018:06:46:05 +0000] "GET /s/company HTTP/1.1" 304 - "http://localhost:4200/company" "Mozilla/5.0 (Macintosh; Intel Mac OS X 10_13_6) AppleWebKit/537.36 (KHTML, like Gecko) Chrome/68.0.3440.84 Safari/537.36"
::1 - - [06/Aug/2018:06:46:16 +0000] "GET /s/company HTTP/1.1" 304 - "http://localhost:4200/company" "Mozilla/5.0 (Macintosh; Intel Mac OS X 10_13_6) AppleWebKit/537.36 (KHTML, like Gecko) Chrome/68.0.3440.84 Safari/537.36"
::1 - - [06/Aug/2018:06:46:21 +0000] "GET /s/company HTTP/1.1" 304 - "http://localhost:4200/company" "Mozilla/5.0 (Macintosh; Intel Mac OS X 10_13_6) AppleWebKit/537.36 (KHTML, like Gecko) Chrome/68.0.3440.84 Safari/537.36"
